File                                                         | % Stmts | % Branch | % Funcs | % Lines | Uncovered Line #s                                                                             
-------------------------------------------------------------|---------|----------|---------|---------|-----------------------------------------------------------------------------------------------
[33;1mAll files                                                   [0m | [33;1m  78.83[0m | [33;1m   62.48[0m | [33;1m  69.71[0m | [32;1m  83.99[0m | [31;1m                                                                                             [0m 
[33;1m .claude/worktrees/wf_32e416fd-7b7-10/src/domain            [0m | [33;1m  71.42[0m | [32;1m     100[0m | [33;1m     50[0m | [33;1m  69.23[0m | [31;1m                                                                                             [0m 
[33;1m  EvidenceDomain.ts                                         [0m | [33;1m  71.42[0m | [32;1m     100[0m | [33;1m     50[0m | [33;1m  69.23[0m | [31;1m5-6,17-18                                                                                    [0m 
[32;1m .claude/worktrees/wf_32e416fd-7b7-10/src/runtime/evidence  [0m | [32;1m  95.12[0m | [33;1m   66.66[0m | [32;1m  85.71[0m | [32;1m     95[0m | [31;1m                                                                                             [0m 
[32;1m  EvidencePipeline.ts                                       [0m | [32;1m    100[0m | [33;1m   66.66[0m | [32;1m    100[0m | [32;1m    100[0m | [33;1m9-10,41,51                                                                                   [0m 
[32;1m  EvidenceService.ts                                        [0m | [32;1m  85.71[0m | [33;1m   66.66[0m | [33;1m  66.66[0m | [32;1m  85.71[0m | [31;1m33-34                                                                                        [0m 
[32;1m .claude/worktrees/wf_32e416fd-7b7-10/src/shared            [0m | [32;1m    100[0m | [32;1m     100[0m | [32;1m    100[0m | [32;1m    100[0m | [33;1m                                                                                             [0m 
[32;1m  DomainBase.ts                                             [0m | [32;1m    100[0m | [32;1m     100[0m | [32;1m    100[0m | [32;1m    100[0m | [33;1m                                                                                             [0m 
[32;1m  Result.ts                                                 [0m | [32;1m    100[0m | [32;1m     100[0m | [32;1m    100[0m | [32;1m    100[0m | [33;1m                                                                                             [0m 
[33;1m .claude/worktrees/wf_32e416fd-7b7-11/src/domain            [0m | [33;1m  69.23[0m | [32;1m     100[0m | [33;1m     50[0m | [33;1m  69.23[0m | [31;1m                                                                                             [0m 
[33;1m  KnowledgeDomain.ts                                        [0m | [33;1m  69.23[0m | [32;1m     100[0m | [33;1m     50[0m | [33;1m  69.23[0m | [31;1m17-18,23-24                                                                                  [0m 
[32;1m .claude/worktrees/wf_32e416fd-7b7-11/src/runtime/knowledge [0m | [32;1m  94.44[0m | [32;1m     100[0m | [32;1m    100[0m | [32;1m  94.44[0m | [31;1m                                                                                             [0m 
[32;1m  KnowledgePipeline.ts                                      [0m | [32;1m  94.44[0m | [32;1m     100[0m | [32;1m    100[0m | [32;1m  94.44[0m | [31;1m44                                                                                           [0m 
[32;1m .claude/worktrees/wf_32e416fd-7b7-11/src/shared            [0m | [32;1m    100[0m | [32;1m     100[0m | [32;1m    100[0m | [32;1m    100[0m | [33;1m                                                                                             [0m 
[32;1m  DomainBase.ts                                             [0m | [32;1m    100[0m | [32;1m     100[0m | [32;1m    100[0m | [32;1m    100[0m | [33;1m                                                                                             [0m 
[32;1m  Result.ts                                                 [0m | [32;1m    100[0m | [32;1m     100[0m | [32;1m    100[0m | [32;1m    100[0m | [33;1m                                                                                             [0m 
[32;1m .claude/worktrees/wf_32e416fd-7b7-3/src/runtime/application[0m | [32;1m  83.33[0m | [31;1m   41.66[0m | [32;1m    100[0m | [32;1m  83.33[0m | [31;1m                                                                                             [0m 
[32;1m  ApplicationService.ts                                     [0m | [32;1m  83.33[0m | [31;1m   41.66[0m | [32;1m    100[0m | [32;1m  83.33[0m | [31;1m26,36,51-52                                                                                  [0m 
[32;1m .claude/worktrees/wf_32e416fd-7b7-3/src/shared             [0m | [32;1m    100[0m | [32;1m     100[0m | [32;1m    100[0m | [32;1m    100[0m | [33;1m                                                                                             [0m 
[32;1m  DomainBase.ts                                             [0m | [32;1m    100[0m | [32;1m     100[0m | [32;1m    100[0m | [32;1m    100[0m | [33;1m                                                                                             [0m 
[32;1m  Result.ts                                                 [0m | [32;1m    100[0m | [32;1m     100[0m | [32;1m    100[0m | [32;1m    100[0m | [33;1m                                                                                             [0m 
[33;1m .claude/worktrees/wf_32e416fd-7b7-4/src/domain             [0m | [33;1m  76.56[0m | [32;1m     100[0m | [33;1m  58.82[0m | [33;1m     75[0m | [31;1m                                                                                             [0m 
[32;1m  CompilationDomain.ts                                      [0m | [32;1m    100[0m | [32;1m     100[0m | [32;1m    100[0m | [32;1m    100[0m | [33;1m                                                                                             [0m 
[33;1m  DecisionDomain.ts                                         [0m | [33;1m  54.54[0m | [32;1m     100[0m | [31;1m  33.33[0m | [33;1m     60[0m | [31;1m6-7,12-13                                                                                    [0m 
[33;1m  EvidenceDomain.ts                                         [0m | [33;1m  78.94[0m | [32;1m     100[0m | [33;1m     60[0m | [33;1m     75[0m | [31;1m17-18,29-30                                                                                  [0m 
[33;1m  KnowledgeDomain.ts                                        [0m | [33;1m  53.84[0m | [32;1m     100[0m | [31;1m     25[0m | [33;1m  53.84[0m | [31;1m11-12,17-18,23-24                                                                            [0m 
[32;1m  TargetDomain.ts                                           [0m | [32;1m    100[0m | [32;1m     100[0m | [32;1m    100[0m | [32;1m    100[0m | [33;1m                                                                                             [0m 
[32;1m .claude/worktrees/wf_32e416fd-7b7-4/src/pipelines          [0m | [32;1m    100[0m | [32;1m     100[0m | [32;1m    100[0m | [32;1m    100[0m | [33;1m                                                                                             [0m 
[32;1m  Orchestrator.ts                                           [0m | [32;1m    100[0m | [32;1m     100[0m | [32;1m    100[0m | [32;1m    100[0m | [33;1m                                                                                             [0m 
[32;1m .claude/worktrees/wf_32e416fd-7b7-4/src/runtime/application[0m | [32;1m  83.33[0m | [31;1m   41.66[0m | [32;1m    100[0m | [32;1m  83.33[0m | [31;1m                                                                                             [0m 
[32;1m  ApplicationService.ts                                     [0m | [32;1m  83.33[0m | [31;1m   41.66[0m | [32;1m    100[0m | [32;1m  83.33[0m | [31;1m26,36,51-52                                                                                  [0m 
[32;1m .claude/worktrees/wf_32e416fd-7b7-4/src/runtime/delivery   [0m | [32;1m    100[0m | [32;1m     100[0m | [32;1m    100[0m | [32;1m    100[0m | [33;1m                                                                                             [0m 
[32;1m  pipeline.ts                                               [0m | [32;1m    100[0m | [32;1m     100[0m | [32;1m    100[0m | [32;1m    100[0m | [33;1m                                                                                             [0m 
[33;1m .claude/worktrees/wf_32e416fd-7b7-4/src/runtime/knowledge  [0m | [33;1m  55.26[0m | [31;1m   31.25[0m | [33;1m  71.42[0m | [33;1m  58.82[0m | [31;1m                                                                                             [0m 
[32;1m  KnowledgePipeline.ts                                      [0m | [32;1m    100[0m | [32;1m     100[0m | [32;1m    100[0m | [32;1m    100[0m | [33;1m                                                                                             [0m 
[33;1m  KnowledgeService.ts                                       [0m | [33;1m     50[0m | [31;1m   31.25[0m | [33;1m     50[0m | [33;1m  53.33[0m | [31;1m49-81                                                                                        [0m 
[32;1m .claude/worktrees/wf_32e416fd-7b7-4/src/runtime/target     [0m | [32;1m  89.65[0m | [32;1m      85[0m | [32;1m    100[0m | [32;1m  89.65[0m | [31;1m                                                                                             [0m 
[32;1m  TargetPipeline.ts                                         [0m | [32;1m  89.65[0m | [32;1m      85[0m | [32;1m    100[0m | [32;1m  89.65[0m | [31;1m25,37,61                                                                                     [0m 
[32;1m .claude/worktrees/wf_32e416fd-7b7-4/src/services           [0m | [32;1m  82.85[0m | [33;1m    62.5[0m | [32;1m    100[0m | [32;1m    100[0m | [33;1m                                                                                             [0m 
[32;1m  PipelineApplicationService.ts                             [0m | [32;1m  82.85[0m | [33;1m    62.5[0m | [32;1m    100[0m | [32;1m    100[0m | [33;1m38-54                                                                                        [0m 
[32;1m .claude/worktrees/wf_32e416fd-7b7-4/src/shared             [0m | [32;1m    100[0m | [32;1m     100[0m | [32;1m    100[0m | [32;1m    100[0m | [33;1m                                                                                             [0m 
[32;1m  DomainBase.ts                                             [0m | [32;1m    100[0m | [32;1m     100[0m | [32;1m    100[0m | [32;1m    100[0m | [33;1m                                                                                             [0m 
[32;1m  Result.ts                                                 [0m | [32;1m    100[0m | [32;1m     100[0m | [32;1m    100[0m | [32;1m    100[0m | [33;1m                                                                                             [0m 
[33;1m .claude/worktrees/wf_32e416fd-7b7-4/src/validators         [0m | [33;1m  53.65[0m | [32;1m     100[0m | [31;1m   9.52[0m | [32;1m    100[0m | [33;1m                                                                                             [0m 
[33;1m  EntityValidators.ts                                       [0m | [33;1m  53.65[0m | [32;1m     100[0m | [31;1m   9.52[0m | [32;1m    100[0m | [33;1m                                                                                             [0m 
[32;1m .claude/worktrees/wf_32e416fd-7b7-5/src/pipelines          [0m | [32;1m    100[0m | [32;1m     100[0m | [32;1m    100[0m | [32;1m    100[0m | [33;1m                                                                                             [0m 
[32;1m  Orchestrator.ts                                           [0m | [32;1m    100[0m | [32;1m     100[0m | [32;1m    100[0m | [32;1m    100[0m | [33;1m                                                                                             [0m 
[32;1m .claude/worktrees/wf_32e416fd-7b7-5/src/services           [0m | [32;1m  82.85[0m | [33;1m    62.5[0m | [32;1m    100[0m | [32;1m    100[0m | [33;1m                                                                                             [0m 
[32;1m  PipelineApplicationService.ts                             [0m | [32;1m  82.85[0m | [33;1m    62.5[0m | [32;1m    100[0m | [32;1m    100[0m | [33;1m38-54                                                                                        [0m 
[32;1m .claude/worktrees/wf_32e416fd-7b7-5/src/shared             [0m | [32;1m    100[0m | [32;1m     100[0m | [32;1m    100[0m | [32;1m    100[0m | [33;1m                                                                                             [0m 
[32;1m  DomainBase.ts                                             [0m | [32;1m    100[0m | [32;1m     100[0m | [32;1m    100[0m | [32;1m    100[0m | [33;1m                                                                                             [0m 
[32;1m  Result.ts                                                 [0m | [32;1m    100[0m | [32;1m     100[0m | [32;1m    100[0m | [32;1m    100[0m | [33;1m                                                                                             [0m 
[33;1m .claude/worktrees/wf_32e416fd-7b7-6/src/domain             [0m | [33;1m   64.4[0m | [32;1m     100[0m | [31;1m  43.75[0m | [33;1m  66.03[0m | [31;1m                                                                                             [0m 
[33;1m  CompilationDomain.ts                                      [0m | [33;1m  66.66[0m | [32;1m     100[0m | [33;1m     50[0m | [33;1m  71.42[0m | [31;1m6-7                                                                                          [0m 
[32;1m  DecisionDomain.ts                                         [0m | [32;1m  81.81[0m | [32;1m     100[0m | [33;1m  66.66[0m | [32;1m     80[0m | [31;1m12-13                                                                                        [0m 
[33;1m  EvidenceDomain.ts                                         [0m | [33;1m     50[0m | [32;1m     100[0m | [31;1m     25[0m | [33;1m  53.84[0m | [31;1m5-6,11-12,17-18                                                                              [0m 
[33;1m  KnowledgeDomain.ts                                        [0m | [33;1m  53.84[0m | [32;1m     100[0m | [31;1m     25[0m | [33;1m  53.84[0m | [31;1m5-6,17-18,23-24                                                                              [0m 
[33;1m  TargetDomain.ts                                           [0m | [33;1m     75[0m | [32;1m     100[0m | [33;1m  66.66[0m | [32;1m     80[0m | [31;1m6-7                                                                                          [0m 
[32;1m .claude/worktrees/wf_32e416fd-7b7-6/src/pipelines          [0m | [32;1m  83.33[0m | [33;1m   56.25[0m | [32;1m    100[0m | [32;1m    100[0m | [33;1m                                                                                             [0m 
[32;1m  Orchestrator.ts                                           [0m | [32;1m  83.33[0m | [33;1m   56.25[0m | [32;1m    100[0m | [32;1m    100[0m | [33;1m27-57                                                                                        [0m 
[32;1m .claude/worktrees/wf_32e416fd-7b7-6/src/shared             [0m | [32;1m    100[0m | [32;1m     100[0m | [32;1m    100[0m | [32;1m    100[0m | [33;1m                                                                                             [0m 
[32;1m  DomainBase.ts                                             [0m | [32;1m    100[0m | [32;1m     100[0m | [32;1m    100[0m | [32;1m    100[0m | [33;1m                                                                                             [0m 
[32;1m  Result.ts                                                 [0m | [32;1m    100[0m | [32;1m     100[0m | [32;1m    100[0m | [32;1m    100[0m | [33;1m                                                                                             [0m 
[32;1m .claude/worktrees/wf_32e416fd-7b7-7/src/shared             [0m | [32;1m    100[0m | [32;1m     100[0m | [32;1m    100[0m | [32;1m    100[0m | [33;1m                                                                                             [0m 
[32;1m  DomainBase.ts                                             [0m | [32;1m    100[0m | [32;1m     100[0m | [32;1m    100[0m | [32;1m    100[0m | [33;1m                                                                                             [0m 
[33;1m .claude/worktrees/wf_32e416fd-7b7-8/src/domain             [0m | [33;1m  69.56[0m | [32;1m     100[0m | [33;1m     50[0m | [33;1m     70[0m | [31;1m                                                                                             [0m 
[33;1m  DecisionDomain.ts                                         [0m | [33;1m  54.54[0m | [32;1m     100[0m | [31;1m  33.33[0m | [33;1m     60[0m | [31;1m6-7,12-13                                                                                    [0m 
[32;1m  TargetDomain.ts                                           [0m | [32;1m  83.33[0m | [32;1m     100[0m | [33;1m  66.66[0m | [32;1m     80[0m | [31;1m18-19                                                                                        [0m 
[32;1m .claude/worktrees/wf_32e416fd-7b7-8/src/runtime/target     [0m | [32;1m  89.65[0m | [32;1m      85[0m | [32;1m    100[0m | [32;1m  89.65[0m | [31;1m                                                                                             [0m 
[32;1m  TargetPipeline.ts                                         [0m | [32;1m  89.65[0m | [32;1m      85[0m | [32;1m    100[0m | [32;1m  89.65[0m | [31;1m25,37,61                                                                                     [0m 
[32;1m .claude/worktrees/wf_32e416fd-7b7-8/src/shared             [0m | [32;1m    100[0m | [32;1m     100[0m | [32;1m    100[0m | [32;1m    100[0m | [33;1m                                                                                             [0m 
[32;1m  DomainBase.ts                                             [0m | [32;1m    100[0m | [32;1m     100[0m | [32;1m    100[0m | [32;1m    100[0m | [33;1m                                                                                             [0m 
[32;1m  Result.ts                                                 [0m | [32;1m    100[0m | [32;1m     100[0m | [32;1m    100[0m | [32;1m    100[0m | [33;1m                                                                                             [0m 
[33;1m .claude/worktrees/wf_32e416fd-7b7-8/src/validators         [0m | [33;1m  54.05[0m | [32;1m     100[0m | [31;1m  10.52[0m | [32;1m    100[0m | [33;1m                                                                                             [0m 
[33;1m  EntityValidators.ts                                       [0m | [33;1m  54.05[0m | [32;1m     100[0m | [31;1m  10.52[0m | [32;1m    100[0m | [33;1m                                                                                             [0m 
[33;1m .claude/worktrees/wf_32e416fd-7b7-9/src/domain             [0m | [33;1m     75[0m | [32;1m     100[0m | [33;1m     60[0m | [33;1m  75.75[0m | [31;1m                                                                                             [0m 
[32;1m  CompilationDomain.ts                                      [0m | [32;1m    100[0m | [32;1m     100[0m | [32;1m    100[0m | [32;1m    100[0m | [33;1m                                                                                             [0m 
[33;1m  EvidenceDomain.ts                                         [0m | [33;1m  78.94[0m | [32;1m     100[0m | [33;1m     60[0m | [33;1m     75[0m | [31;1m17-18,29-30                                                                                  [0m 
[33;1m  TargetDomain.ts                                           [0m | [33;1m     50[0m | [32;1m     100[0m | [31;1m  33.33[0m | [33;1m     60[0m | [31;1m6-7,12-13                                                                                    [0m 
[32;1m .claude/worktrees/wf_32e416fd-7b7-9/src/runtime/delivery   [0m | [32;1m    100[0m | [32;1m     100[0m | [32;1m    100[0m | [32;1m    100[0m | [33;1m                                                                                             [0m 
[32;1m  pipeline.ts                                               [0m | [32;1m    100[0m | [32;1m     100[0m | [32;1m    100[0m | [32;1m    100[0m | [33;1m                                                                                             [0m 
[32;1m .claude/worktrees/wf_32e416fd-7b7-9/src/shared             [0m | [32;1m    100[0m | [32;1m     100[0m | [32;1m    100[0m | [32;1m    100[0m | [33;1m                                                                                             [0m 
[32;1m  DomainBase.ts                                             [0m | [32;1m    100[0m | [32;1m     100[0m | [32;1m    100[0m | [32;1m    100[0m | [33;1m                                                                                             [0m 
[32;1m src/domain                                                 [0m | [32;1m  89.47[0m | [32;1m     100[0m | [33;1m  73.68[0m | [32;1m  88.67[0m | [31;1m                                                                                             [0m 
[32;1m  CompilationDomain.ts                                      [0m | [32;1m    100[0m | [32;1m     100[0m | [32;1m    100[0m | [32;1m    100[0m | [33;1m                                                                                             [0m 
[32;1m  DecisionDomain.ts                                         [0m | [32;1m    100[0m | [32;1m     100[0m | [32;1m    100[0m | [32;1m    100[0m | [33;1m                                                                                             [0m 
[32;1m  DeliveryDomain.ts                                         [0m | [32;1m    100[0m | [32;1m     100[0m | [32;1m    100[0m | [32;1m    100[0m | [33;1m                                                                                             [0m 
[32;1m  EvidenceDomain.ts                                         [0m | [32;1m  89.47[0m | [32;1m     100[0m | [33;1m     75[0m | [32;1m  84.61[0m | [31;1m6-7                                                                                          [0m 
[33;1m  GovernanceDomain.ts                                       [0m | [33;1m     75[0m | [32;1m     100[0m | [33;1m     50[0m | [33;1m  71.42[0m | [31;1m5-6                                                                                          [0m 
[33;1m  KnowledgeDomain.ts                                        [0m | [33;1m     60[0m | [32;1m     100[0m | [31;1m     25[0m | [33;1m     60[0m | [31;1m13-17,46-48,59-61                                                                            [0m 
[32;1m  TargetDomain.ts                                           [0m | [32;1m    100[0m | [32;1m     100[0m | [32;1m    100[0m | [32;1m    100[0m | [33;1m                                                                                             [0m 
[33;1m src/pipelines                                              [0m | [33;1m  79.31[0m | [31;1m   21.42[0m | [32;1m  85.18[0m | [32;1m  80.23[0m | [31;1m                                                                                             [0m 
[32;1m  CompilationPipeline.ts                                    [0m | [32;1m    100[0m | [32;1m     100[0m | [32;1m    100[0m | [32;1m    100[0m | [33;1m                                                                                             [0m 
[32;1m  DecisionPipeline.ts                                       [0m | [32;1m    100[0m | [32;1m     100[0m | [32;1m    100[0m | [32;1m    100[0m | [33;1m                                                                                             [0m 
[31;1m  DeliveryPipeline.ts                                       [0m | [31;1m  42.85[0m | [31;1m       0[0m | [33;1m     50[0m | [31;1m  42.85[0m | [31;1m13-17                                                                                        [0m 
[33;1m  EvidencePipeline.ts                                       [0m | [33;1m     75[0m | [31;1m       0[0m | [33;1m  66.66[0m | [33;1m     75[0m | [31;1m15-24                                                                                        [0m 
[33;1m  KnowledgePipeline.ts                                      [0m | [33;1m   64.7[0m | [31;1m      25[0m | [33;1m     60[0m | [33;1m   64.7[0m | [31;1m13,38-43,49                                                                                  [0m 
[32;1m  Orchestrator.ts                                           [0m | [32;1m    100[0m | [32;1m     100[0m | [32;1m    100[0m | [32;1m    100[0m | [33;1m                                                                                             [0m 
[33;1m  OutputPipeline.ts                                         [0m | [33;1m  54.54[0m | [31;1m       0[0m | [32;1m    100[0m | [33;1m  54.54[0m | [31;1m17-23                                                                                        [0m 
