{"/Users/ak-47/Documents/GitHub/ContentCompiler/.claude/worktrees/wf_32e416fd-7b7-10/src/domain/EvidenceDomain.ts": {"path":"/Users/ak-47/Documents/GitHub/ContentCompiler/.claude/worktrees/wf_32e416fd-7b7-10/src/domain/EvidenceDomain.ts","statementMap":{"0":{"start":{"line":1,"column":0},"end":{"line":1,"column":62}},"1":{"start":{"line":6,"column":4},"end":{"line":6,"column":52}},"2":{"start":{"line":5,"column":130},"end":{"line":5,"column":142}},"3":{"start":{"line":4,"column":0},"end":{"line":4,"column":13}},"4":{"start":{"line":12,"column":4},"end":{"line":12,"column":52}},"5":{"start":{"line":11,"column":130},"end":{"line":11,"column":144}},"6":{"start":{"line":11,"column":162},"end":{"line":11,"column":175}},"7":{"start":{"line":10,"column":0},"end":{"line":10,"column":13}},"8":{"start":{"line":18,"column":4},"end":{"line":18,"column":52}},"9":{"start":{"line":17,"column":130},"end":{"line":17,"column":143}},"10":{"start":{"line":16,"column":0},"end":{"line":16,"column":13}},"11":{"start":{"line":24,"column":4},"end":{"line":24,"column":52}},"12":{"start":{"line":23,"column":130},"end":{"line":23,"column":184}},"13":{"start":{"line":22,"column":0},"end":{"line":22,"column":13}}},"fnMap":{"0":{"name":"(anonymous_0)","decl":{"start":{"line":5,"column":2},"end":{"line":5,"column":14}},"loc":{"start":{"line":5,"column":142},"end":{"line":7,"column":3}}},"1":{"name":"(anonymous_1)","decl":{"start":{"line":11,"column":2},"end":{"line":11,"column":14}},"loc":{"start":{"line":11,"column":175},"end":{"line":13,"column":3}}},"2":{"name":"(anonymous_2)","decl":{"start":{"line":17,"column":2},"end":{"line":17,"column":14}},"loc":{"start":{"line":17,"column":143},"end":{"line":19,"column":3}}},"3":{"name":"(anonymous_3)","decl":{"start":{"line":23,"column":2},"end":{"line":23,"column":14}},"loc":{"start":{"line":23,"column":184},"end":{"line":25,"column":3}}}},"branchMap":{},"s":{"0":2,"1":0,"2":0,"3":2,"4":9,"5":9,"6":9,"7":2,"8":0,"9":0,"10":2,"11":5,"12":5,"13":2},"f":{"0":0,"1":9,"2":0,"3":5},"b":{}}
,"/Users/ak-47/Documents/GitHub/ContentCompiler/.claude/worktrees/wf_32e416fd-7b7-10/src/runtime/evidence/EvidencePipeline.ts": {"path":"/Users/ak-47/Documents/GitHub/ContentCompiler/.claude/worktrees/wf_32e416fd-7b7-10/src/runtime/evidence/EvidencePipeline.ts","statementMap":{"0":{"start":{"line":3,"column":0},"end":{"line":3,"column":63}},"1":{"start":{"line":7,"column":16},"end":{"line":7,"column":41}},"2":{"start":{"line":8,"column":16},"end":{"line":8,"column":45}},"3":{"start":{"line":9,"column":16},"end":{"line":9,"column":37}},"4":{"start":{"line":10,"column":16},"end":{"line":10,"column":36}},"5":{"start":{"line":14,"column":23},"end":{"line":14,"column":24}},"6":{"start":{"line":15,"column":38},"end":{"line":15,"column":42}},"7":{"start":{"line":17,"column":8},"end":{"line":49,"column":9}},"8":{"start":{"line":18,"column":12},"end":{"line":48,"column":13}},"9":{"start":{"line":20,"column":39},"end":{"line":20,"column":73}},"10":{"start":{"line":21,"column":39},"end":{"line":23,"column":18}},"11":{"start":{"line":22,"column":20},"end":{"line":22,"column":111}},"12":{"start":{"line":22,"column":37},"end":{"line":22,"column":93}},"13":{"start":{"line":25,"column":33},"end":{"line":25,"column":85}},"14":{"start":{"line":28,"column":41},"end":{"line":28,"column":74}},"15":{"start":{"line":29,"column":16},"end":{"line":31,"column":17}},"16":{"start":{"line":30,"column":20},"end":{"line":30,"column":119}},"17":{"start":{"line":34,"column":32},"end":{"line":34,"column":75}},"18":{"start":{"line":35,"column":16},"end":{"line":37,"column":17}},"19":{"start":{"line":36,"column":20},"end":{"line":36,"column":93}},"20":{"start":{"line":39,"column":16},"end":{"line":39,"column":45}},"21":{"start":{"line":41,"column":16},"end":{"line":41,"column":86}},"22":{"start":{"line":42,"column":16},"end":{"line":42,"column":27}},"23":{"start":{"line":45,"column":16},"end":{"line":47,"column":17}},"24":{"start":{"line":46,"column":20},"end":{"line":46,"column":50}},"25":{"start":{"line":51,"column":8},"end":{"line":51,"column":80}},"26":{"start":{"line":5,"column":0},"end":{"line":5,"column":13}}},"fnMap":{"0":{"name":"(anonymous_0)","decl":{"start":{"line":6,"column":4},"end":{"line":6,"column":null}},"loc":{"start":{"line":10,"column":40},"end":{"line":11,"column":8}}},"1":{"name":"(anonymous_1)","decl":{"start":{"line":13,"column":4},"end":{"line":13,"column":9}},"loc":{"start":{"line":13,"column":67},"end":{"line":52,"column":5}}},"2":{"name":"(anonymous_2)","decl":{"start":{"line":21,"column":58},"end":{"line":21,"column":59}},"loc":{"start":{"line":21,"column":72},"end":{"line":23,"column":17}}},"3":{"name":"(anonymous_3)","decl":{"start":{"line":22,"column":31},"end":{"line":22,"column":34}},"loc":{"start":{"line":22,"column":37},"end":{"line":22,"column":93}}}},"branchMap":{"0":{"loc":{"start":{"line":9,"column":16},"end":{"line":9,"column":38}},"type":"default-arg","locations":[{"start":{"line":9,"column":37},"end":{"line":9,"column":38}}]},"1":{"loc":{"start":{"line":10,"column":16},"end":{"line":10,"column":40}},"type":"default-arg","locations":[{"start":{"line":10,"column":36},"end":{"line":10,"column":40}}]},"2":{"loc":{"start":{"line":29,"column":16},"end":{"line":31,"column":17}},"type":"if","locations":[{"start":{"line":29,"column":16},"end":{"line":31,"column":17}},{"start":{},"end":{}}]},"3":{"loc":{"start":{"line":35,"column":16},"end":{"line":37,"column":17}},"type":"if","locations":[{"start":{"line":35,"column":16},"end":{"line":37,"column":17}},{"start":{},"end":{}}]},"4":{"loc":{"start":{"line":41,"column":28},"end":{"line":41,"column":85}},"type":"cond-expr","locations":[{"start":{"line":41,"column":53},"end":{"line":41,"column":58}},{"start":{"line":41,"column":61},"end":{"line":41,"column":85}}]},"5":{"loc":{"start":{"line":45,"column":16},"end":{"line":47,"column":17}},"type":"if","locations":[{"start":{"line":45,"column":16},"end":{"line":47,"column":17}},{"start":{},"end":{}}]},"6":{"loc":{"start":{"line":51,"column":27},"end":{"line":51,"column":78}},"type":"binary-expr","locations":[{"start":{"line":51,"column":27},"end":{"line":51,"column":36}},{"start":{"line":51,"column":40},"end":{"line":51,"column":78}}]}},"s":{"0":1,"1":8,"2":8,"3":8,"4":8,"5":8,"6":8,"7":8,"8":19,"9":19,"10":19,"11":19,"12":2,"13":19,"14":4,"15":4,"16":1,"17":3,"18":3,"19":1,"20":2,"21":15,"22":15,"23":15,"24":1,"25":3,"26":1},"f":{"0":8,"1":8,"2":19,"3":2},"b":{"0":[0],"1":[0],"2":[1,3],"3":[1,2],"4":[15,0],"5":[1,14],"6":[3,0]}}
,"/Users/ak-47/Documents/GitHub/ContentCompiler/.claude/worktrees/wf_32e416fd-7b7-10/src/runtime/evidence/EvidenceService.ts": {"path":"/Users/ak-47/Documents/GitHub/ContentCompiler/.claude/worktrees/wf_32e416fd-7b7-10/src/runtime/evidence/EvidenceService.ts","statementMap":{"0":{"start":{"line":1,"column":0},"end":{"line":1,"column":97}},"1":{"start":{"line":8,"column":16},"end":{"line":8,"column":47}},"2":{"start":{"line":9,"column":16},"end":{"line":9,"column":45}},"3":{"start":{"line":10,"column":16},"end":{"line":10,"column":48}},"4":{"start":{"line":19,"column":79},"end":{"line":19,"column":81}},"5":{"start":{"line":21,"column":8},"end":{"line":23,"column":9}},"6":{"start":{"line":22,"column":12},"end":{"line":22,"column":99}},"7":{"start":{"line":25,"column":36},"end":{"line":25,"column":64}},"8":{"start":{"line":26,"column":46},"end":{"line":26,"column":108}},"9":{"start":{"line":27,"column":40},"end":{"line":27,"column":130}},"10":{"start":{"line":29,"column":8},"end":{"line":29,"column":117}},"11":{"start":{"line":33,"column":33},"end":{"line":33,"column":66}},"12":{"start":{"line":34,"column":8},"end":{"line":34,"column":40}},"13":{"start":{"line":6,"column":0},"end":{"line":6,"column":13}}},"fnMap":{"0":{"name":"(anonymous_0)","decl":{"start":{"line":7,"column":4},"end":{"line":7,"column":null}},"loc":{"start":{"line":10,"column":52},"end":{"line":11,"column":8}}},"1":{"name":"(anonymous_1)","decl":{"start":{"line":13,"column":4},"end":{"line":13,"column":9}},"loc":{"start":{"line":13,"column":73},"end":{"line":30,"column":5}}},"2":{"name":"(anonymous_2)","decl":{"start":{"line":32,"column":4},"end":{"line":32,"column":9}},"loc":{"start":{"line":32,"column":43},"end":{"line":35,"column":5}}}},"branchMap":{"0":{"loc":{"start":{"line":10,"column":16},"end":{"line":10,"column":52}},"type":"default-arg","locations":[{"start":{"line":10,"column":48},"end":{"line":10,"column":52}}]},"1":{"loc":{"start":{"line":21,"column":8},"end":{"line":23,"column":9}},"type":"if","locations":[{"start":{"line":21,"column":8},"end":{"line":23,"column":9}},{"start":{},"end":{}}]}},"s":{"0":1,"1":2,"2":2,"3":2,"4":2,"5":2,"6":1,"7":1,"8":1,"9":1,"10":1,"11":0,"12":0,"13":1},"f":{"0":2,"1":2,"2":0},"b":{"0":[0],"1":[1,1]}}
,"/Users/ak-47/Documents/GitHub/ContentCompiler/.claude/worktrees/wf_32e416fd-7b7-10/src/shared/DomainBase.ts": {"path":"/Users/ak-47/Documents/GitHub/ContentCompiler/.claude/worktrees/wf_32e416fd-7b7-10/src/shared/DomainBase.ts","statementMap":{"0":{"start":{"line":9,"column":20},"end":{"line":9,"column":34}},"1":{"start":{"line":10,"column":20},"end":{"line":10,"column":44}},"2":{"start":{"line":11,"column":20},"end":{"line":11,"column":38}},"3":{"start":{"line":12,"column":20},"end":{"line":12,"column":37}},"4":{"start":{"line":13,"column":20},"end":{"line":13,"column":37}},"5":{"start":{"line":7,"column":0},"end":{"line":7,"column":22}},"6":{"start":{"line":17,"column":0},"end":{"line":17,"column":22}}},"fnMap":{"0":{"name":"(anonymous_0)","decl":{"start":{"line":8,"column":2},"end":{"line":8,"column":null}},"loc":{"start":{"line":13,"column":37},"end":{"line":14,"column":6}}}},"branchMap":{},"s":{"0":15,"1":15,"2":15,"3":15,"4":15,"5":3,"6":3},"f":{"0":15},"b":{}}
,"/Users/ak-47/Documents/GitHub/ContentCompiler/.claude/worktrees/wf_32e416fd-7b7-10/src/shared/Result.ts": {"path":"/Users/ak-47/Documents/GitHub/ContentCompiler/.claude/worktrees/wf_32e416fd-7b7-10/src/shared/Result.ts","statementMap":{"0":{"start":{"line":4,"column":23},"end":{"line":4,"column":27}},"1":{"start":{"line":5,"column":23},"end":{"line":5,"column":28}},"2":{"start":{"line":6,"column":30},"end":{"line":6,"column":38}},"3":{"start":{"line":3,"column":0},"end":{"line":3,"column":13}},"4":{"start":{"line":10,"column":23},"end":{"line":10,"column":28}},"5":{"start":{"line":11,"column":23},"end":{"line":11,"column":27}},"6":{"start":{"line":12,"column":30},"end":{"line":12,"column":38}},"7":{"start":{"line":9,"column":0},"end":{"line":9,"column":13}}},"fnMap":{"0":{"name":"(anonymous_0)","decl":{"start":{"line":6,"column":2},"end":{"line":6,"column":30}},"loc":{"start":{"line":6,"column":38},"end":{"line":6,"column":42}}},"1":{"name":"(anonymous_1)","decl":{"start":{"line":12,"column":2},"end":{"line":12,"column":30}},"loc":{"start":{"line":12,"column":38},"end":{"line":12,"column":42}}}},"branchMap":{},"s":{"0":2,"1":2,"2":2,"3":1,"4":6,"5":6,"6":6,"7":1},"f":{"0":2,"1":6},"b":{}}
,"/Users/ak-47/Documents/GitHub/ContentCompiler/.claude/worktrees/wf_32e416fd-7b7-11/src/domain/KnowledgeDomain.ts": {"path":"/Users/ak-47/Documents/GitHub/ContentCompiler/.claude/worktrees/wf_32e416fd-7b7-11/src/domain/KnowledgeDomain.ts","statementMap":{"0":{"start":{"line":1,"column":0},"end":{"line":1,"column":62}},"1":{"start":{"line":6,"column":4},"end":{"line":6,"column":52}},"2":{"start":{"line":5,"column":130},"end":{"line":5,"column":152}},"3":{"start":{"line":4,"column":0},"end":{"line":4,"column":13}},"4":{"start":{"line":12,"column":4},"end":{"line":12,"column":52}},"5":{"start":{"line":11,"column":130},"end":{"line":11,"column":142}},"6":{"start":{"line":10,"column":0},"end":{"line":10,"column":13}},"7":{"start":{"line":18,"column":4},"end":{"line":18,"column":52}},"8":{"start":{"line":17,"column":130},"end":{"line":17,"column":148}},"9":{"start":{"line":16,"column":0},"end":{"line":16,"column":13}},"10":{"start":{"line":24,"column":4},"end":{"line":24,"column":52}},"11":{"start":{"line":23,"column":130},"end":{"line":23,"column":149}},"12":{"start":{"line":22,"column":0},"end":{"line":22,"column":13}}},"fnMap":{"0":{"name":"(anonymous_0)","decl":{"start":{"line":5,"column":2},"end":{"line":5,"column":14}},"loc":{"start":{"line":5,"column":152},"end":{"line":7,"column":3}}},"1":{"name":"(anonymous_1)","decl":{"start":{"line":11,"column":2},"end":{"line":11,"column":14}},"loc":{"start":{"line":11,"column":142},"end":{"line":13,"column":3}}},"2":{"name":"(anonymous_2)","decl":{"start":{"line":17,"column":2},"end":{"line":17,"column":14}},"loc":{"start":{"line":17,"column":148},"end":{"line":19,"column":3}}},"3":{"name":"(anonymous_3)","decl":{"start":{"line":23,"column":2},"end":{"line":23,"column":14}},"loc":{"start":{"line":23,"column":149},"end":{"line":25,"column":3}}}},"branchMap":{},"s":{"0":1,"1":4,"2":4,"3":1,"4":2,"5":2,"6":1,"7":0,"8":0,"9":1,"10":0,"11":0,"12":1},"f":{"0":4,"1":2,"2":0,"3":0},"b":{}}
,"/Users/ak-47/Documents/GitHub/ContentCompiler/.claude/worktrees/wf_32e416fd-7b7-11/src/runtime/knowledge/KnowledgePipeline.ts": {"path":"/Users/ak-47/Documents/GitHub/ContentCompiler/.claude/worktrees/wf_32e416fd-7b7-11/src/runtime/knowledge/KnowledgePipeline.ts","statementMap":{"0":{"start":{"line":2,"column":0},"end":{"line":2,"column":63}},"1":{"start":{"line":4,"column":0},"end":{"line":4,"column":73}},"2":{"start":{"line":9,"column":4},"end":{"line":45,"column":5}},"3":{"start":{"line":10,"column":6},"end":{"line":12,"column":7}},"4":{"start":{"line":11,"column":8},"end":{"line":11,"column":64}},"5":{"start":{"line":14,"column":37},"end":{"line":14,"column":57}},"6":{"start":{"line":15,"column":30},"end":{"line":22,"column":8}},"7":{"start":{"line":24,"column":20},"end":{"line":29,"column":8}},"8":{"start":{"line":31,"column":37},"end":{"line":31,"column":39}},"9":{"start":{"line":33,"column":22},"end":{"line":39,"column":null}},"10":{"start":{"line":42,"column":6},"end":{"line":42,"column":34}},"11":{"start":{"line":44,"column":6},"end":{"line":44,"column":32}},"12":{"start":{"line":49,"column":26},"end":{"line":49,"column":67}},"13":{"start":{"line":51,"column":4},"end":{"line":53,"column":5}},"14":{"start":{"line":52,"column":6},"end":{"line":52,"column":46}},"15":{"start":{"line":55,"column":21},"end":{"line":55,"column":68}},"16":{"start":{"line":56,"column":4},"end":{"line":56,"column":42}},"17":{"start":{"line":7,"column":0},"end":{"line":7,"column":13}}},"fnMap":{"0":{"name":"(anonymous_0)","decl":{"start":{"line":8,"column":9},"end":{"line":8,"column":14}},"loc":{"start":{"line":8,"column":68},"end":{"line":46,"column":3}}},"1":{"name":"(anonymous_1)","decl":{"start":{"line":48,"column":9},"end":{"line":48,"column":14}},"loc":{"start":{"line":48,"column":70},"end":{"line":57,"column":3}}}},"branchMap":{"0":{"loc":{"start":{"line":10,"column":6},"end":{"line":12,"column":7}},"type":"if","locations":[{"start":{"line":10,"column":6},"end":{"line":12,"column":7}},{"start":{},"end":{}}]},"1":{"loc":{"start":{"line":51,"column":4},"end":{"line":53,"column":5}},"type":"if","locations":[{"start":{"line":51,"column":4},"end":{"line":53,"column":5}},{"start":{},"end":{}}]}},"s":{"0":1,"1":1,"2":5,"3":5,"4":2,"5":3,"6":3,"7":3,"8":3,"9":3,"10":3,"11":0,"12":3,"13":3,"14":1,"15":2,"16":2,"17":1},"f":{"0":5,"1":3},"b":{"0":[2,3],"1":[1,2]}}
,"/Users/ak-47/Documents/GitHub/ContentCompiler/.claude/worktrees/wf_32e416fd-7b7-11/src/shared/DomainBase.ts": {"path":"/Users/ak-47/Documents/GitHub/ContentCompiler/.claude/worktrees/wf_32e416fd-7b7-11/src/shared/DomainBase.ts","statementMap":{"0":{"start":{"line":9,"column":20},"end":{"line":9,"column":34}},"1":{"start":{"line":10,"column":20},"end":{"line":10,"column":44}},"2":{"start":{"line":11,"column":20},"end":{"line":11,"column":38}},"3":{"start":{"line":12,"column":20},"end":{"line":12,"column":37}},"4":{"start":{"line":13,"column":20},"end":{"line":13,"column":37}},"5":{"start":{"line":7,"column":0},"end":{"line":7,"column":22}},"6":{"start":{"line":17,"column":0},"end":{"line":17,"column":22}}},"fnMap":{"0":{"name":"(anonymous_0)","decl":{"start":{"line":8,"column":2},"end":{"line":8,"column":null}},"loc":{"start":{"line":13,"column":37},"end":{"line":14,"column":6}}}},"branchMap":{},"s":{"0":7,"1":7,"2":7,"3":7,"4":7,"5":2,"6":2},"f":{"0":7},"b":{}}
,"/Users/ak-47/Documents/GitHub/ContentCompiler/.claude/worktrees/wf_32e416fd-7b7-11/src/shared/Result.ts": {"path":"/Users/ak-47/Documents/GitHub/ContentCompiler/.claude/worktrees/wf_32e416fd-7b7-11/src/shared/Result.ts","statementMap":{"0":{"start":{"line":4,"column":23},"end":{"line":4,"column":27}},"1":{"start":{"line":5,"column":23},"end":{"line":5,"column":28}},"2":{"start":{"line":6,"column":30},"end":{"line":6,"column":38}},"3":{"start":{"line":3,"column":0},"end":{"line":3,"column":13}},"4":{"start":{"line":10,"column":23},"end":{"line":10,"column":28}},"5":{"start":{"line":11,"column":23},"end":{"line":11,"column":27}},"6":{"start":{"line":12,"column":30},"end":{"line":12,"column":38}},"7":{"start":{"line":9,"column":0},"end":{"line":9,"column":13}}},"fnMap":{"0":{"name":"(anonymous_0)","decl":{"start":{"line":6,"column":2},"end":{"line":6,"column":30}},"loc":{"start":{"line":6,"column":38},"end":{"line":6,"column":42}}},"1":{"name":"(anonymous_1)","decl":{"start":{"line":12,"column":2},"end":{"line":12,"column":30}},"loc":{"start":{"line":12,"column":38},"end":{"line":12,"column":42}}}},"branchMap":{},"s":{"0":6,"1":6,"2":6,"3":1,"4":3,"5":3,"6":3,"7":1},"f":{"0":6,"1":3},"b":{}}
,"/Users/ak-47/Documents/GitHub/ContentCompiler/.claude/worktrees/wf_32e416fd-7b7-3/src/runtime/application/ApplicationService.ts": {"path":"/Users/ak-47/Documents/GitHub/ContentCompiler/.claude/worktrees/wf_32e416fd-7b7-3/src/runtime/application/ApplicationService.ts","statementMap":{"0":{"start":{"line":3,"column":0},"end":{"line":3,"column":63}},"1":{"start":{"line":11,"column":21},"end":{"line":11,"column":61}},"2":{"start":{"line":12,"column":21},"end":{"line":12,"column":67}},"3":{"start":{"line":13,"column":21},"end":{"line":13,"column":67}},"4":{"start":{"line":14,"column":21},"end":{"line":14,"column":55}},"5":{"start":{"line":18,"column":4},"end":{"line":37,"column":5}},"6":{"start":{"line":19,"column":21},"end":{"line":19,"column":62}},"7":{"start":{"line":20,"column":6},"end":{"line":22,"column":7}},"8":{"start":{"line":21,"column":8},"end":{"line":21,"column":78}},"9":{"start":{"line":24,"column":25},"end":{"line":24,"column":62}},"10":{"start":{"line":25,"column":6},"end":{"line":27,"column":7}},"11":{"start":{"line":26,"column":8},"end":{"line":26,"column":96}},"12":{"start":{"line":29,"column":38},"end":{"line":32,"column":8}},"13":{"start":{"line":34,"column":6},"end":{"line":34,"column":32}},"14":{"start":{"line":36,"column":6},"end":{"line":36,"column":84}},"15":{"start":{"line":41,"column":4},"end":{"line":53,"column":5}},"16":{"start":{"line":42,"column":6},"end":{"line":42,"column":70}},"17":{"start":{"line":44,"column":24},"end":{"line":44,"column":64}},"18":{"start":{"line":45,"column":6},"end":{"line":47,"column":7}},"19":{"start":{"line":46,"column":8},"end":{"line":46,"column":44}},"20":{"start":{"line":49,"column":6},"end":{"line":49,"column":68}},"21":{"start":{"line":51,"column":6},"end":{"line":51,"column":115}},"22":{"start":{"line":52,"column":6},"end":{"line":52,"column":84}},"23":{"start":{"line":9,"column":0},"end":{"line":9,"column":13}}},"fnMap":{"0":{"name":"(anonymous_0)","decl":{"start":{"line":10,"column":2},"end":{"line":10,"column":null}},"loc":{"start":{"line":14,"column":55},"end":{"line":15,"column":6}}},"1":{"name":"(anonymous_1)","decl":{"start":{"line":17,"column":9},"end":{"line":17,"column":14}},"loc":{"start":{"line":17,"column":67},"end":{"line":38,"column":3}}},"2":{"name":"(anonymous_2)","decl":{"start":{"line":40,"column":9},"end":{"line":40,"column":14}},"loc":{"start":{"line":40,"column":92},"end":{"line":54,"column":3}}}},"branchMap":{"0":{"loc":{"start":{"line":20,"column":6},"end":{"line":22,"column":7}},"type":"if","locations":[{"start":{"line":20,"column":6},"end":{"line":22,"column":7}},{"start":{},"end":{}}]},"1":{"loc":{"start":{"line":25,"column":6},"end":{"line":27,"column":7}},"type":"if","locations":[{"start":{"line":25,"column":6},"end":{"line":27,"column":7}},{"start":{},"end":{}}]},"2":{"loc":{"start":{"line":36,"column":25},"end":{"line":36,"column":82}},"type":"cond-expr","locations":[{"start":{"line":36,"column":50},"end":{"line":36,"column":55}},{"start":{"line":36,"column":58},"end":{"line":36,"column":82}}]},"3":{"loc":{"start":{"line":45,"column":6},"end":{"line":47,"column":7}},"type":"if","locations":[{"start":{"line":45,"column":6},"end":{"line":47,"column":7}},{"start":{},"end":{}}]},"4":{"loc":{"start":{"line":51,"column":56},"end":{"line":51,"column":113}},"type":"cond-expr","locations":[{"start":{"line":51,"column":81},"end":{"line":51,"column":86}},{"start":{"line":51,"column":89},"end":{"line":51,"column":113}}]},"5":{"loc":{"start":{"line":52,"column":25},"end":{"line":52,"column":82}},"type":"cond-expr","locations":[{"start":{"line":52,"column":50},"end":{"line":52,"column":55}},{"start":{"line":52,"column":58},"end":{"line":52,"column":82}}]}},"s":{"0":1,"1":4,"2":4,"3":4,"4":4,"5":4,"6":4,"7":4,"8":2,"9":2,"10":2,"11":0,"12":2,"13":2,"14":0,"15":2,"16":2,"17":2,"18":2,"19":1,"20":1,"21":0,"22":0,"23":1},"f":{"0":4,"1":4,"2":2},"b":{"0":[2,2],"1":[0,2],"2":[0,0],"3":[1,1],"4":[0,0],"5":[0,0]}}
,"/Users/ak-47/Documents/GitHub/ContentCompiler/.claude/worktrees/wf_32e416fd-7b7-3/src/shared/DomainBase.ts": {"path":"/Users/ak-47/Documents/GitHub/ContentCompiler/.claude/worktrees/wf_32e416fd-7b7-3/src/shared/DomainBase.ts","statementMap":{"0":{"start":{"line":9,"column":20},"end":{"line":9,"column":34}},"1":{"start":{"line":10,"column":20},"end":{"line":10,"column":44}},"2":{"start":{"line":11,"column":20},"end":{"line":11,"column":38}},"3":{"start":{"line":12,"column":20},"end":{"line":12,"column":37}},"4":{"start":{"line":13,"column":20},"end":{"line":13,"column":37}},"5":{"start":{"line":7,"column":0},"end":{"line":7,"column":22}},"6":{"start":{"line":17,"column":0},"end":{"line":17,"column":22}}},"fnMap":{"0":{"name":"(anonymous_0)","decl":{"start":{"line":8,"column":2},"end":{"line":8,"column":null}},"loc":{"start":{"line":13,"column":37},"end":{"line":14,"column":6}}}},"branchMap":{},"s":{"0":1,"1":1,"2":1,"3":1,"4":1,"5":1,"6":1},"f":{"0":1},"b":{}}
,"/Users/ak-47/Documents/GitHub/ContentCompiler/.claude/worktrees/wf_32e416fd-7b7-3/src/shared/Result.ts": {"path":"/Users/ak-47/Documents/GitHub/ContentCompiler/.claude/worktrees/wf_32e416fd-7b7-3/src/shared/Result.ts","statementMap":{"0":{"start":{"line":4,"column":23},"end":{"line":4,"column":27}},"1":{"start":{"line":5,"column":23},"end":{"line":5,"column":28}},"2":{"start":{"line":6,"column":30},"end":{"line":6,"column":38}},"3":{"start":{"line":3,"column":0},"end":{"line":3,"column":13}},"4":{"start":{"line":10,"column":23},"end":{"line":10,"column":28}},"5":{"start":{"line":11,"column":23},"end":{"line":11,"column":27}},"6":{"start":{"line":12,"column":30},"end":{"line":12,"column":38}},"7":{"start":{"line":9,"column":0},"end":{"line":9,"column":13}}},"fnMap":{"0":{"name":"(anonymous_0)","decl":{"start":{"line":6,"column":2},"end":{"line":6,"column":30}},"loc":{"start":{"line":6,"column":38},"end":{"line":6,"column":42}}},"1":{"name":"(anonymous_1)","decl":{"start":{"line":12,"column":2},"end":{"line":12,"column":30}},"loc":{"start":{"line":12,"column":38},"end":{"line":12,"column":42}}}},"branchMap":{},"s":{"0":3,"1":3,"2":3,"3":1,"4":3,"5":3,"6":3,"7":1},"f":{"0":3,"1":3},"b":{}}
,"/Users/ak-47/Documents/GitHub/ContentCompiler/.claude/worktrees/wf_32e416fd-7b7-4/src/domain/CompilationDomain.ts": {"path":"/Users/ak-47/Documents/GitHub/ContentCompiler/.claude/worktrees/wf_32e416fd-7b7-4/src/domain/CompilationDomain.ts","statementMap":{"0":{"start":{"line":1,"column":0},"end":{"line":1,"column":62}},"1":{"start":{"line":7,"column":4},"end":{"line":7,"column":52}},"2":{"start":{"line":6,"column":130},"end":{"line":6,"column":142}},"3":{"start":{"line":6,"column":160},"end":{"line":6,"column":175}},"4":{"start":{"line":5,"column":0},"end":{"line":5,"column":13}},"5":{"start":{"line":13,"column":4},"end":{"line":13,"column":52}},"6":{"start":{"line":12,"column":130},"end":{"line":12,"column":156}},"7":{"start":{"line":12,"column":174},"end":{"line":12,"column":197}},"8":{"start":{"line":11,"column":0},"end":{"line":11,"column":13}}},"fnMap":{"0":{"name":"(anonymous_0)","decl":{"start":{"line":6,"column":2},"end":{"line":6,"column":14}},"loc":{"start":{"line":6,"column":175},"end":{"line":8,"column":3}}},"1":{"name":"(anonymous_1)","decl":{"start":{"line":12,"column":2},"end":{"line":12,"column":14}},"loc":{"start":{"line":12,"column":197},"end":{"line":14,"column":3}}}},"branchMap":{},"s":{"0":1,"1":6,"2":6,"3":6,"4":1,"5":4,"6":4,"7":4,"8":1},"f":{"0":6,"1":4},"b":{}}
,"/Users/ak-47/Documents/GitHub/ContentCompiler/.claude/worktrees/wf_32e416fd-7b7-4/src/domain/DecisionDomain.ts": {"path":"/Users/ak-47/Documents/GitHub/ContentCompiler/.claude/worktrees/wf_32e416fd-7b7-4/src/domain/DecisionDomain.ts","statementMap":{"0":{"start":{"line":1,"column":0},"end":{"line":1,"column":62}},"1":{"start":{"line":7,"column":4},"end":{"line":7,"column":52}},"2":{"start":{"line":6,"column":130},"end":{"line":6,"column":147}},"3":{"start":{"line":6,"column":165},"end":{"line":6,"column":187}},"4":{"start":{"line":5,"column":0},"end":{"line":5,"column":13}},"5":{"start":{"line":13,"column":4},"end":{"line":13,"column":52}},"6":{"start":{"line":12,"column":130},"end":{"line":12,"column":161}},"7":{"start":{"line":11,"column":0},"end":{"line":11,"column":13}},"8":{"start":{"line":19,"column":4},"end":{"line":19,"column":52}},"9":{"start":{"line":18,"column":130},"end":{"line":18,"column":151}},"10":{"start":{"line":17,"column":0},"end":{"line":17,"column":13}}},"fnMap":{"0":{"name":"(anonymous_0)","decl":{"start":{"line":6,"column":2},"end":{"line":6,"column":14}},"loc":{"start":{"line":6,"column":187},"end":{"line":8,"column":3}}},"1":{"name":"(anonymous_1)","decl":{"start":{"line":12,"column":2},"end":{"line":12,"column":14}},"loc":{"start":{"line":12,"column":161},"end":{"line":14,"column":3}}},"2":{"name":"(anonymous_2)","decl":{"start":{"line":18,"column":2},"end":{"line":18,"column":14}},"loc":{"start":{"line":18,"column":151},"end":{"line":20,"column":3}}}},"branchMap":{},"s":{"0":1,"1":0,"2":0,"3":0,"4":1,"5":0,"6":0,"7":1,"8":7,"9":7,"10":1},"f":{"0":0,"1":0,"2":7},"b":{}}
,"/Users/ak-47/Documents/GitHub/ContentCompiler/.claude/worktrees/wf_32e416fd-7b7-4/src/domain/EvidenceDomain.ts": {"path":"/Users/ak-47/Documents/GitHub/ContentCompiler/.claude/worktrees/wf_32e416fd-7b7-4/src/domain/EvidenceDomain.ts","statementMap":{"0":{"start":{"line":1,"column":0},"end":{"line":1,"column":62}},"1":{"start":{"line":6,"column":4},"end":{"line":6,"column":52}},"2":{"start":{"line":5,"column":130},"end":{"line":5,"column":142}},"3":{"start":{"line":4,"column":0},"end":{"line":4,"column":13}},"4":{"start":{"line":12,"column":4},"end":{"line":12,"column":52}},"5":{"start":{"line":11,"column":130},"end":{"line":11,"column":144}},"6":{"start":{"line":11,"column":162},"end":{"line":11,"column":175}},"7":{"start":{"line":10,"column":0},"end":{"line":10,"column":13}},"8":{"start":{"line":18,"column":4},"end":{"line":18,"column":52}},"9":{"start":{"line":17,"column":130},"end":{"line":17,"column":143}},"10":{"start":{"line":16,"column":0},"end":{"line":16,"column":13}},"11":{"start":{"line":24,"column":4},"end":{"line":24,"column":52}},"12":{"start":{"line":23,"column":130},"end":{"line":23,"column":147}},"13":{"start":{"line":23,"column":165},"end":{"line":23,"column":183}},"14":{"start":{"line":23,"column":201},"end":{"line":23,"column":216}},"15":{"start":{"line":22,"column":0},"end":{"line":22,"column":13}},"16":{"start":{"line":30,"column":4},"end":{"line":30,"column":52}},"17":{"start":{"line":29,"column":130},"end":{"line":29,"column":184}},"18":{"start":{"line":28,"column":0},"end":{"line":28,"column":13}}},"fnMap":{"0":{"name":"(anonymous_0)","decl":{"start":{"line":5,"column":2},"end":{"line":5,"column":14}},"loc":{"start":{"line":5,"column":142},"end":{"line":7,"column":3}}},"1":{"name":"(anonymous_1)","decl":{"start":{"line":11,"column":2},"end":{"line":11,"column":14}},"loc":{"start":{"line":11,"column":175},"end":{"line":13,"column":3}}},"2":{"name":"(anonymous_2)","decl":{"start":{"line":17,"column":2},"end":{"line":17,"column":14}},"loc":{"start":{"line":17,"column":143},"end":{"line":19,"column":3}}},"3":{"name":"(anonymous_3)","decl":{"start":{"line":23,"column":2},"end":{"line":23,"column":14}},"loc":{"start":{"line":23,"column":216},"end":{"line":25,"column":3}}},"4":{"name":"(anonymous_4)","decl":{"start":{"line":29,"column":2},"end":{"line":29,"column":14}},"loc":{"start":{"line":29,"column":184},"end":{"line":31,"column":3}}}},"branchMap":{},"s":{"0":1,"1":4,"2":4,"3":1,"4":2,"5":2,"6":2,"7":1,"8":0,"9":0,"10":1,"11":2,"12":2,"13":2,"14":2,"15":1,"16":0,"17":0,"18":1},"f":{"0":4,"1":2,"2":0,"3":2,"4":0},"b":{}}
,"/Users/ak-47/Documents/GitHub/ContentCompiler/.claude/worktrees/wf_32e416fd-7b7-4/src/domain/KnowledgeDomain.ts": {"path":"/Users/ak-47/Documents/GitHub/ContentCompiler/.claude/worktrees/wf_32e416fd-7b7-4/src/domain/KnowledgeDomain.ts","statementMap":{"0":{"start":{"line":1,"column":0},"end":{"line":1,"column":62}},"1":{"start":{"line":6,"column":4},"end":{"line":6,"column":52}},"2":{"start":{"line":5,"column":130},"end":{"line":5,"column":152}},"3":{"start":{"line":4,"column":0},"end":{"line":4,"column":13}},"4":{"start":{"line":12,"column":4},"end":{"line":12,"column":52}},"5":{"start":{"line":11,"column":130},"end":{"line":11,"column":142}},"6":{"start":{"line":10,"column":0},"end":{"line":10,"column":13}},"7":{"start":{"line":18,"column":4},"end":{"line":18,"column":52}},"8":{"start":{"line":17,"column":130},"end":{"line":17,"column":148}},"9":{"start":{"line":16,"column":0},"end":{"line":16,"column":13}},"10":{"start":{"line":24,"column":4},"end":{"line":24,"column":52}},"11":{"start":{"line":23,"column":130},"end":{"line":23,"column":149}},"12":{"start":{"line":22,"column":0},"end":{"line":22,"column":13}}},"fnMap":{"0":{"name":"(anonymous_0)","decl":{"start":{"line":5,"column":2},"end":{"line":5,"column":14}},"loc":{"start":{"line":5,"column":152},"end":{"line":7,"column":3}}},"1":{"name":"(anonymous_1)","decl":{"start":{"line":11,"column":2},"end":{"line":11,"column":14}},"loc":{"start":{"line":11,"column":142},"end":{"line":13,"column":3}}},"2":{"name":"(anonymous_2)","decl":{"start":{"line":17,"column":2},"end":{"line":17,"column":14}},"loc":{"start":{"line":17,"column":148},"end":{"line":19,"column":3}}},"3":{"name":"(anonymous_3)","decl":{"start":{"line":23,"column":2},"end":{"line":23,"column":14}},"loc":{"start":{"line":23,"column":149},"end":{"line":25,"column":3}}}},"branchMap":{},"s":{"0":1,"1":2,"2":2,"3":1,"4":0,"5":0,"6":1,"7":0,"8":0,"9":1,"10":0,"11":0,"12":1},"f":{"0":2,"1":0,"2":0,"3":0},"b":{}}
,"/Users/ak-47/Documents/GitHub/ContentCompiler/.claude/worktrees/wf_32e416fd-7b7-4/src/domain/TargetDomain.ts": {"path":"/Users/ak-47/Documents/GitHub/ContentCompiler/.claude/worktrees/wf_32e416fd-7b7-4/src/domain/TargetDomain.ts","statementMap":{"0":{"start":{"line":1,"column":0},"end":{"line":1,"column":62}},"1":{"start":{"line":7,"column":4},"end":{"line":7,"column":52}},"2":{"start":{"line":6,"column":130},"end":{"line":6,"column":147}},"3":{"start":{"line":6,"column":165},"end":{"line":6,"column":183}},"4":{"start":{"line":5,"column":0},"end":{"line":5,"column":13}},"5":{"start":{"line":13,"column":4},"end":{"line":13,"column":52}},"6":{"start":{"line":12,"column":130},"end":{"line":12,"column":143}},"7":{"start":{"line":12,"column":161},"end":{"line":12,"column":175}},"8":{"start":{"line":11,"column":0},"end":{"line":11,"column":13}},"9":{"start":{"line":19,"column":4},"end":{"line":19,"column":52}},"10":{"start":{"line":18,"column":130},"end":{"line":18,"column":156}},"11":{"start":{"line":17,"column":0},"end":{"line":17,"column":13}}},"fnMap":{"0":{"name":"(anonymous_0)","decl":{"start":{"line":6,"column":2},"end":{"line":6,"column":14}},"loc":{"start":{"line":6,"column":183},"end":{"line":8,"column":3}}},"1":{"name":"(anonymous_1)","decl":{"start":{"line":12,"column":2},"end":{"line":12,"column":14}},"loc":{"start":{"line":12,"column":175},"end":{"line":14,"column":3}}},"2":{"name":"(anonymous_2)","decl":{"start":{"line":18,"column":2},"end":{"line":18,"column":14}},"loc":{"start":{"line":18,"column":156},"end":{"line":20,"column":3}}}},"branchMap":{},"s":{"0":2,"1":6,"2":6,"3":6,"4":2,"5":5,"6":5,"7":5,"8":2,"9":4,"10":4,"11":2},"f":{"0":6,"1":5,"2":4},"b":{}}
,"/Users/ak-47/Documents/GitHub/ContentCompiler/.claude/worktrees/wf_32e416fd-7b7-4/src/pipelines/Orchestrator.ts": {"path":"/Users/ak-47/Documents/GitHub/ContentCompiler/.claude/worktrees/wf_32e416fd-7b7-4/src/pipelines/Orchestrator.ts","statementMap":{"0":{"start":{"line":7,"column":21},"end":{"line":7,"column":76}},"1":{"start":{"line":12,"column":4},"end":{"line":12,"column":84}},"2":{"start":{"line":5,"column":0},"end":{"line":5,"column":13}}},"fnMap":{"0":{"name":"(anonymous_0)","decl":{"start":{"line":6,"column":2},"end":{"line":6,"column":null}},"loc":{"start":{"line":7,"column":76},"end":{"line":8,"column":6}}},"1":{"name":"(anonymous_1)","decl":{"start":{"line":10,"column":9},"end":{"line":10,"column":14}},"loc":{"start":{"line":10,"column":68},"end":{"line":13,"column":3}}}},"branchMap":{},"s":{"0":2,"1":2,"2":1},"f":{"0":2,"1":2},"b":{}}
,"/Users/ak-47/Documents/GitHub/ContentCompiler/.claude/worktrees/wf_32e416fd-7b7-4/src/runtime/application/ApplicationService.ts": {"path":"/Users/ak-47/Documents/GitHub/ContentCompiler/.claude/worktrees/wf_32e416fd-7b7-4/src/runtime/application/ApplicationService.ts","statementMap":{"0":{"start":{"line":3,"column":0},"end":{"line":3,"column":63}},"1":{"start":{"line":11,"column":21},"end":{"line":11,"column":61}},"2":{"start":{"line":12,"column":21},"end":{"line":12,"column":67}},"3":{"start":{"line":13,"column":21},"end":{"line":13,"column":67}},"4":{"start":{"line":14,"column":21},"end":{"line":14,"column":55}},"5":{"start":{"line":18,"column":4},"end":{"line":37,"column":5}},"6":{"start":{"line":19,"column":21},"end":{"line":19,"column":62}},"7":{"start":{"line":20,"column":6},"end":{"line":22,"column":7}},"8":{"start":{"line":21,"column":8},"end":{"line":21,"column":78}},"9":{"start":{"line":24,"column":25},"end":{"line":24,"column":62}},"10":{"start":{"line":25,"column":6},"end":{"line":27,"column":7}},"11":{"start":{"line":26,"column":8},"end":{"line":26,"column":96}},"12":{"start":{"line":29,"column":38},"end":{"line":32,"column":8}},"13":{"start":{"line":34,"column":6},"end":{"line":34,"column":32}},"14":{"start":{"line":36,"column":6},"end":{"line":36,"column":84}},"15":{"start":{"line":41,"column":4},"end":{"line":53,"column":5}},"16":{"start":{"line":42,"column":6},"end":{"line":42,"column":70}},"17":{"start":{"line":44,"column":24},"end":{"line":44,"column":64}},"18":{"start":{"line":45,"column":6},"end":{"line":47,"column":7}},"19":{"start":{"line":46,"column":8},"end":{"line":46,"column":44}},"20":{"start":{"line":49,"column":6},"end":{"line":49,"column":68}},"21":{"start":{"line":51,"column":6},"end":{"line":51,"column":115}},"22":{"start":{"line":52,"column":6},"end":{"line":52,"column":84}},"23":{"start":{"line":9,"column":0},"end":{"line":9,"column":13}}},"fnMap":{"0":{"name":"(anonymous_0)","decl":{"start":{"line":10,"column":2},"end":{"line":10,"column":null}},"loc":{"start":{"line":14,"column":55},"end":{"line":15,"column":6}}},"1":{"name":"(anonymous_1)","decl":{"start":{"line":17,"column":9},"end":{"line":17,"column":14}},"loc":{"start":{"line":17,"column":67},"end":{"line":38,"column":3}}},"2":{"name":"(anonymous_2)","decl":{"start":{"line":40,"column":9},"end":{"line":40,"column":14}},"loc":{"start":{"line":40,"column":92},"end":{"line":54,"column":3}}}},"branchMap":{"0":{"loc":{"start":{"line":20,"column":6},"end":{"line":22,"column":7}},"type":"if","locations":[{"start":{"line":20,"column":6},"end":{"line":22,"column":7}},{"start":{},"end":{}}]},"1":{"loc":{"start":{"line":25,"column":6},"end":{"line":27,"column":7}},"type":"if","locations":[{"start":{"line":25,"column":6},"end":{"line":27,"column":7}},{"start":{},"end":{}}]},"2":{"loc":{"start":{"line":36,"column":25},"end":{"line":36,"column":82}},"type":"cond-expr","locations":[{"start":{"line":36,"column":50},"end":{"line":36,"column":55}},{"start":{"line":36,"column":58},"end":{"line":36,"column":82}}]},"3":{"loc":{"start":{"line":45,"column":6},"end":{"line":47,"column":7}},"type":"if","locations":[{"start":{"line":45,"column":6},"end":{"line":47,"column":7}},{"start":{},"end":{}}]},"4":{"loc":{"start":{"line":51,"column":56},"end":{"line":51,"column":113}},"type":"cond-expr","locations":[{"start":{"line":51,"column":81},"end":{"line":51,"column":86}},{"start":{"line":51,"column":89},"end":{"line":51,"column":113}}]},"5":{"loc":{"start":{"line":52,"column":25},"end":{"line":52,"column":82}},"type":"cond-expr","locations":[{"start":{"line":52,"column":50},"end":{"line":52,"column":55}},{"start":{"line":52,"column":58},"end":{"line":52,"column":82}}]}},"s":{"0":1,"1":4,"2":4,"3":4,"4":4,"5":4,"6":4,"7":4,"8":2,"9":2,"10":2,"11":0,"12":2,"13":2,"14":0,"15":2,"16":2,"17":2,"18":2,"19":1,"20":1,"21":0,"22":0,"23":1},"f":{"0":4,"1":4,"2":2},"b":{"0":[2,2],"1":[0,2],"2":[0,0],"3":[1,1],"4":[0,0],"5":[0,0]}}
,"/Users/ak-47/Documents/GitHub/ContentCompiler/.claude/worktrees/wf_32e416fd-7b7-4/src/runtime/delivery/pipeline.ts": {"path":"/Users/ak-47/Documents/GitHub/ContentCompiler/.claude/worktrees/wf_32e416fd-7b7-4/src/runtime/delivery/pipeline.ts","statementMap":{"0":{"start":{"line":2,"column":0},"end":{"line":2,"column":92}},"1":{"start":{"line":17,"column":31},"end":{"line":17,"column":62}},"2":{"start":{"line":21,"column":4},"end":{"line":23,"column":5}},"3":{"start":{"line":22,"column":6},"end":{"line":22,"column":170}},"4":{"start":{"line":26,"column":20},"end":{"line":26,"column":81}},"5":{"start":{"line":26,"column":70},"end":{"line":26,"column":79}},"6":{"start":{"line":29,"column":4},"end":{"line":31,"column":5}},"7":{"start":{"line":30,"column":6},"end":{"line":30,"column":167}},"8":{"start":{"line":34,"column":21},"end":{"line":42,"column":null}},"9":{"start":{"line":46,"column":19},"end":{"line":53,"column":null}},"10":{"start":{"line":56,"column":4},"end":{"line":59,"column":6}},"11":{"start":{"line":16,"column":0},"end":{"line":16,"column":13}}},"fnMap":{"0":{"name":"(anonymous_0)","decl":{"start":{"line":17,"column":2},"end":{"line":17,"column":31}},"loc":{"start":{"line":17,"column":64},"end":{"line":17,"column":68}}},"1":{"name":"(anonymous_1)","decl":{"start":{"line":19,"column":9},"end":{"line":19,"column":14}},"loc":{"start":{"line":19,"column":103},"end":{"line":60,"column":3}}},"2":{"name":"(anonymous_2)","decl":{"start":{"line":26,"column":65},"end":{"line":26,"column":66}},"loc":{"start":{"line":26,"column":70},"end":{"line":26,"column":79}}}},"branchMap":{"0":{"loc":{"start":{"line":17,"column":31},"end":{"line":17,"column":64}},"type":"default-arg","locations":[{"start":{"line":17,"column":62},"end":{"line":17,"column":64}}]},"1":{"loc":{"start":{"line":21,"column":4},"end":{"line":23,"column":5}},"type":"if","locations":[{"start":{"line":21,"column":4},"end":{"line":23,"column":5}},{"start":{},"end":{}}]},"2":{"loc":{"start":{"line":21,"column":8},"end":{"line":21,"column":125}},"type":"binary-expr","locations":[{"start":{"line":21,"column":8},"end":{"line":21,"column":54}},{"start":{"line":21,"column":58},"end":{"line":21,"column":125}}]},"3":{"loc":{"start":{"line":29,"column":4},"end":{"line":31,"column":5}},"type":"if","locations":[{"start":{"line":29,"column":4},"end":{"line":31,"column":5}},{"start":{},"end":{}}]},"4":{"loc":{"start":{"line":29,"column":8},"end":{"line":29,"column":109}},"type":"binary-expr","locations":[{"start":{"line":29,"column":8},"end":{"line":29,"column":55}},{"start":{"line":29,"column":59},"end":{"line":29,"column":109}}]}},"s":{"0":1,"1":4,"2":4,"3":1,"4":3,"5":3,"6":3,"7":1,"8":2,"9":2,"10":2,"11":1},"f":{"0":4,"1":4,"2":3},"b":{"0":[1],"1":[1,3],"2":[4,2],"3":[1,2],"4":[3,2]}}
,"/Users/ak-47/Documents/GitHub/ContentCompiler/.claude/worktrees/wf_32e416fd-7b7-4/src/runtime/knowledge/KnowledgePipeline.ts": {"path":"/Users/ak-47/Documents/GitHub/ContentCompiler/.claude/worktrees/wf_32e416fd-7b7-4/src/runtime/knowledge/KnowledgePipeline.ts","statementMap":{"0":{"start":{"line":8,"column":31},"end":{"line":8,"column":56}},"1":{"start":{"line":11,"column":4},"end":{"line":11,"column":59}},"2":{"start":{"line":15,"column":4},"end":{"line":15,"column":61}},"3":{"start":{"line":7,"column":0},"end":{"line":7,"column":13}}},"fnMap":{"0":{"name":"(anonymous_0)","decl":{"start":{"line":8,"column":2},"end":{"line":8,"column":31}},"loc":{"start":{"line":8,"column":56},"end":{"line":8,"column":60}}},"1":{"name":"(anonymous_1)","decl":{"start":{"line":10,"column":9},"end":{"line":10,"column":14}},"loc":{"start":{"line":10,"column":68},"end":{"line":12,"column":3}}},"2":{"name":"(anonymous_2)","decl":{"start":{"line":14,"column":9},"end":{"line":14,"column":14}},"loc":{"start":{"line":14,"column":70},"end":{"line":16,"column":3}}}},"branchMap":{},"s":{"0":2,"1":1,"2":1,"3":1},"f":{"0":2,"1":1,"2":1},"b":{}}
,"/Users/ak-47/Documents/GitHub/ContentCompiler/.claude/worktrees/wf_32e416fd-7b7-4/src/runtime/knowledge/KnowledgeService.ts": {"path":"/Users/ak-47/Documents/GitHub/ContentCompiler/.claude/worktrees/wf_32e416fd-7b7-4/src/runtime/knowledge/KnowledgeService.ts","statementMap":{"0":{"start":{"line":2,"column":0},"end":{"line":2,"column":63}},"1":{"start":{"line":3,"column":0},"end":{"line":3,"column":73}},"2":{"start":{"line":9,"column":21},"end":{"line":9,"column":65}},"3":{"start":{"line":10,"column":21},"end":{"line":10,"column":65}},"4":{"start":{"line":11,"column":21},"end":{"line":11,"column":64}},"5":{"start":{"line":15,"column":4},"end":{"line":50,"column":5}},"6":{"start":{"line":16,"column":22},"end":{"line":16,"column":65}},"7":{"start":{"line":17,"column":6},"end":{"line":17,"column":71}},"8":{"start":{"line":17,"column":20},"end":{"line":17,"column":71}},"9":{"start":{"line":19,"column":31},"end":{"line":19,"column":70}},"10":{"start":{"line":20,"column":6},"end":{"line":20,"column":96}},"11":{"start":{"line":20,"column":37},"end":{"line":20,"column":96}},"12":{"start":{"line":23,"column":29},"end":{"line":26,"column":8}},"13":{"start":{"line":29,"column":27},"end":{"line":33,"column":8}},"14":{"start":{"line":36,"column":29},"end":{"line":42,"column":null}},"15":{"start":{"line":45,"column":6},"end":{"line":45,"column":56}},"16":{"start":{"line":47,"column":6},"end":{"line":47,"column":41}},"17":{"start":{"line":49,"column":6},"end":{"line":49,"column":32}},"18":{"start":{"line":54,"column":4},"end":{"line":82,"column":5}},"19":{"start":{"line":55,"column":22},"end":{"line":55,"column":65}},"20":{"start":{"line":56,"column":6},"end":{"line":56,"column":71}},"21":{"start":{"line":56,"column":20},"end":{"line":56,"column":71}},"22":{"start":{"line":58,"column":31},"end":{"line":58,"column":82}},"23":{"start":{"line":59,"column":6},"end":{"line":59,"column":98}},"24":{"start":{"line":59,"column":37},"end":{"line":59,"column":98}},"25":{"start":{"line":62,"column":31},"end":{"line":66,"column":8}},"26":{"start":{"line":63,"column":29},"end":{"line":63,"column":140}},"27":{"start":{"line":64,"column":31},"end":{"line":64,"column":125}},"28":{"start":{"line":65,"column":10},"end":{"line":65,"column":96}},"29":{"start":{"line":68,"column":29},"end":{"line":74,"column":null}},"30":{"start":{"line":77,"column":6},"end":{"line":77,"column":56}},"31":{"start":{"line":79,"column":6},"end":{"line":79,"column":43}},"32":{"start":{"line":81,"column":6},"end":{"line":81,"column":32}},"33":{"start":{"line":7,"column":0},"end":{"line":7,"column":13}}},"fnMap":{"0":{"name":"(anonymous_0)","decl":{"start":{"line":8,"column":2},"end":{"line":8,"column":null}},"loc":{"start":{"line":11,"column":64},"end":{"line":12,"column":6}}},"1":{"name":"(anonymous_1)","decl":{"start":{"line":14,"column":9},"end":{"line":14,"column":14}},"loc":{"start":{"line":14,"column":72},"end":{"line":51,"column":3}}},"2":{"name":"(anonymous_2)","decl":{"start":{"line":53,"column":9},"end":{"line":53,"column":14}},"loc":{"start":{"line":53,"column":74},"end":{"line":83,"column":3}}},"3":{"name":"(anonymous_3)","decl":{"start":{"line":62,"column":53},"end":{"line":62,"column":54}},"loc":{"start":{"line":62,"column":57},"end":{"line":66,"column":7}}}},"branchMap":{"0":{"loc":{"start":{"line":17,"column":6},"end":{"line":17,"column":71}},"type":"if","locations":[{"start":{"line":17,"column":6},"end":{"line":17,"column":71}},{"start":{},"end":{}}]},"1":{"loc":{"start":{"line":20,"column":6},"end":{"line":20,"column":96}},"type":"if","locations":[{"start":{"line":20,"column":6},"end":{"line":20,"column":96}},{"start":{},"end":{}}]},"2":{"loc":{"start":{"line":25,"column":27},"end":{"line":25,"column":112}},"type":"binary-expr","locations":[{"start":{"line":25,"column":27},"end":{"line":25,"column":71}},{"start":{"line":25,"column":75},"end":{"line":25,"column":112}}]},"3":{"loc":{"start":{"line":31,"column":21},"end":{"line":31,"column":69}},"type":"binary-expr","locations":[{"start":{"line":31,"column":21},"end":{"line":31,"column":40}},{"start":{"line":31,"column":44},"end":{"line":31,"column":69}}]},"4":{"loc":{"start":{"line":56,"column":6},"end":{"line":56,"column":71}},"type":"if","locations":[{"start":{"line":56,"column":6},"end":{"line":56,"column":71}},{"start":{},"end":{}}]},"5":{"loc":{"start":{"line":59,"column":6},"end":{"line":59,"column":98}},"type":"if","locations":[{"start":{"line":59,"column":6},"end":{"line":59,"column":98}},{"start":{},"end":{}}]},"6":{"loc":{"start":{"line":63,"column":64},"end":{"line":63,"column":137}},"type":"binary-expr","locations":[{"start":{"line":63,"column":64},"end":{"line":63,"column":102}},{"start":{"line":63,"column":106},"end":{"line":63,"column":137}}]},"7":{"loc":{"start":{"line":64,"column":58},"end":{"line":64,"column":100}},"type":"binary-expr","locations":[{"start":{"line":64,"column":58},"end":{"line":64,"column":77}},{"start":{"line":64,"column":81},"end":{"line":64,"column":100}}]}},"s":{"0":1,"1":1,"2":2,"3":2,"4":2,"5":2,"6":2,"7":2,"8":1,"9":1,"10":1,"11":0,"12":1,"13":1,"14":1,"15":1,"16":1,"17":0,"18":0,"19":0,"20":0,"21":0,"22":0,"23":0,"24":0,"25":0,"26":0,"27":0,"28":0,"29":0,"30":0,"31":0,"32":0,"33":1},"f":{"0":2,"1":2,"2":0,"3":0},"b":{"0":[1,1],"1":[0,1],"2":[1,0],"3":[1,0],"4":[0,0],"5":[0,0],"6":[0,0],"7":[0,0]}}
,"/Users/ak-47/Documents/GitHub/ContentCompiler/.claude/worktrees/wf_32e416fd-7b7-4/src/runtime/target/TargetPipeline.ts": {"path":"/Users/ak-47/Documents/GitHub/ContentCompiler/.claude/worktrees/wf_32e416fd-7b7-4/src/runtime/target/TargetPipeline.ts","statementMap":{"0":{"start":{"line":2,"column":0},"end":{"line":2,"column":63}},"1":{"start":{"line":6,"column":0},"end":{"line":6,"column":74}},"2":{"start":{"line":14,"column":31},"end":{"line":14,"column":58}},"3":{"start":{"line":17,"column":21},"end":{"line":17,"column":49}},"4":{"start":{"line":18,"column":21},"end":{"line":18,"column":53}},"5":{"start":{"line":22,"column":22},"end":{"line":22,"column":32}},"6":{"start":{"line":24,"column":4},"end":{"line":26,"column":5}},"7":{"start":{"line":25,"column":6},"end":{"line":25,"column":98}},"8":{"start":{"line":28,"column":4},"end":{"line":30,"column":5}},"9":{"start":{"line":29,"column":6},"end":{"line":29,"column":91}},"10":{"start":{"line":32,"column":45},"end":{"line":32,"column":49}},"11":{"start":{"line":34,"column":4},"end":{"line":58,"column":5}},"12":{"start":{"line":36,"column":6},"end":{"line":38,"column":7}},"13":{"start":{"line":37,"column":8},"end":{"line":37,"column":138}},"14":{"start":{"line":40,"column":28},"end":{"line":40,"column":88}},"15":{"start":{"line":42,"column":6},"end":{"line":44,"column":7}},"16":{"start":{"line":43,"column":8},"end":{"line":43,"column":48}},"17":{"start":{"line":46,"column":6},"end":{"line":46,"column":42}},"18":{"start":{"line":49,"column":31},"end":{"line":49,"column":69}},"19":{"start":{"line":50,"column":6},"end":{"line":52,"column":7}},"20":{"start":{"line":51,"column":8},"end":{"line":51,"column":105}},"21":{"start":{"line":55,"column":6},"end":{"line":57,"column":7}},"22":{"start":{"line":56,"column":9},"end":{"line":56,"column":168}},"23":{"start":{"line":60,"column":4},"end":{"line":62,"column":5}},"24":{"start":{"line":61,"column":7},"end":{"line":61,"column":97}},"25":{"start":{"line":65,"column":4},"end":{"line":67,"column":5}},"26":{"start":{"line":66,"column":8},"end":{"line":66,"column":138}},"27":{"start":{"line":69,"column":4},"end":{"line":69,"column":38}},"28":{"start":{"line":13,"column":0},"end":{"line":13,"column":13}}},"fnMap":{"0":{"name":"(anonymous_0)","decl":{"start":{"line":16,"column":2},"end":{"line":16,"column":null}},"loc":{"start":{"line":18,"column":53},"end":{"line":19,"column":6}}},"1":{"name":"(anonymous_1)","decl":{"start":{"line":21,"column":9},"end":{"line":21,"column":14}},"loc":{"start":{"line":21,"column":76},"end":{"line":70,"column":3}}}},"branchMap":{"0":{"loc":{"start":{"line":24,"column":4},"end":{"line":26,"column":5}},"type":"if","locations":[{"start":{"line":24,"column":4},"end":{"line":26,"column":5}},{"start":{},"end":{}}]},"1":{"loc":{"start":{"line":24,"column":8},"end":{"line":24,"column":34}},"type":"binary-expr","locations":[{"start":{"line":24,"column":8},"end":{"line":24,"column":16}},{"start":{"line":24,"column":20},"end":{"line":24,"column":34}}]},"2":{"loc":{"start":{"line":28,"column":4},"end":{"line":30,"column":5}},"type":"if","locations":[{"start":{"line":28,"column":4},"end":{"line":30,"column":5}},{"start":{},"end":{}}]},"3":{"loc":{"start":{"line":36,"column":6},"end":{"line":38,"column":7}},"type":"if","locations":[{"start":{"line":36,"column":6},"end":{"line":38,"column":7}},{"start":{},"end":{}}]},"4":{"loc":{"start":{"line":42,"column":6},"end":{"line":44,"column":7}},"type":"if","locations":[{"start":{"line":42,"column":6},"end":{"line":44,"column":7}},{"start":{},"end":{}}]},"5":{"loc":{"start":{"line":50,"column":6},"end":{"line":52,"column":7}},"type":"if","locations":[{"start":{"line":50,"column":6},"end":{"line":52,"column":7}},{"start":{},"end":{}}]},"6":{"loc":{"start":{"line":55,"column":6},"end":{"line":57,"column":7}},"type":"if","locations":[{"start":{"line":55,"column":6},"end":{"line":57,"column":7}},{"start":{},"end":{}}]},"7":{"loc":{"start":{"line":55,"column":10},"end":{"line":55,"column":85}},"type":"binary-expr","locations":[{"start":{"line":55,"column":10},"end":{"line":55,"column":23}},{"start":{"line":55,"column":27},"end":{"line":55,"column":85}}]},"8":{"loc":{"start":{"line":60,"column":4},"end":{"line":62,"column":5}},"type":"if","locations":[{"start":{"line":60,"column":4},"end":{"line":62,"column":5}},{"start":{},"end":{}}]},"9":{"loc":{"start":{"line":65,"column":4},"end":{"line":67,"column":5}},"type":"if","locations":[{"start":{"line":65,"column":4},"end":{"line":67,"column":5}},{"start":{},"end":{}}]}},"s":{"0":1,"1":1,"2":7,"3":7,"4":7,"5":7,"6":7,"7":0,"8":7,"9":1,"10":6,"11":6,"12":7,"13":0,"14":7,"15":7,"16":1,"17":6,"18":6,"19":6,"20":1,"21":5,"22":1,"23":3,"24":0,"25":3,"26":1,"27":2,"28":1},"f":{"0":7,"1":7},"b":{"0":[0,7],"1":[7,7],"2":[1,6],"3":[0,7],"4":[1,6],"5":[1,5],"6":[1,4],"7":[5,5],"8":[0,3],"9":[1,2]}}
,"/Users/ak-47/Documents/GitHub/ContentCompiler/.claude/worktrees/wf_32e416fd-7b7-4/src/services/PipelineApplicationService.ts": {"path":"/Users/ak-47/Documents/GitHub/ContentCompiler/.claude/worktrees/wf_32e416fd-7b7-4/src/services/PipelineApplicationService.ts","statementMap":{"0":{"start":{"line":2,"column":0},"end":{"line":2,"column":60}},"1":{"start":{"line":20,"column":21},"end":{"line":20,"column":52}},"2":{"start":{"line":21,"column":21},"end":{"line":21,"column":52}},"3":{"start":{"line":22,"column":21},"end":{"line":22,"column":50}},"4":{"start":{"line":23,"column":21},"end":{"line":23,"column":46}},"5":{"start":{"line":24,"column":21},"end":{"line":24,"column":56}},"6":{"start":{"line":25,"column":21},"end":{"line":25,"column":46}},"7":{"start":{"line":26,"column":21},"end":{"line":26,"column":50}},"8":{"start":{"line":27,"column":21},"end":{"line":27,"column":50}},"9":{"start":{"line":31,"column":25},"end":{"line":31,"column":86}},"10":{"start":{"line":32,"column":4},"end":{"line":32,"column":72}},"11":{"start":{"line":32,"column":33},"end":{"line":32,"column":72}},"12":{"start":{"line":34,"column":22},"end":{"line":34,"column":101}},"13":{"start":{"line":35,"column":4},"end":{"line":35,"column":66}},"14":{"start":{"line":35,"column":30},"end":{"line":35,"column":66}},"15":{"start":{"line":37,"column":24},"end":{"line":37,"column":99}},"16":{"start":{"line":38,"column":4},"end":{"line":38,"column":70}},"17":{"start":{"line":38,"column":32},"end":{"line":38,"column":70}},"18":{"start":{"line":40,"column":22},"end":{"line":40,"column":97}},"19":{"start":{"line":41,"column":4},"end":{"line":41,"column":66}},"20":{"start":{"line":41,"column":30},"end":{"line":41,"column":66}},"21":{"start":{"line":43,"column":27},"end":{"line":43,"column":106}},"22":{"start":{"line":44,"column":4},"end":{"line":44,"column":76}},"23":{"start":{"line":44,"column":35},"end":{"line":44,"column":76}},"24":{"start":{"line":46,"column":22},"end":{"line":46,"column":101}},"25":{"start":{"line":47,"column":4},"end":{"line":47,"column":66}},"26":{"start":{"line":47,"column":30},"end":{"line":47,"column":66}},"27":{"start":{"line":49,"column":24},"end":{"line":49,"column":100}},"28":{"start":{"line":50,"column":4},"end":{"line":50,"column":70}},"29":{"start":{"line":50,"column":32},"end":{"line":50,"column":70}},"30":{"start":{"line":53,"column":24},"end":{"line":53,"column":98}},"31":{"start":{"line":54,"column":4},"end":{"line":54,"column":70}},"32":{"start":{"line":54,"column":32},"end":{"line":54,"column":70}},"33":{"start":{"line":56,"column":4},"end":{"line":56,"column":34}},"34":{"start":{"line":18,"column":0},"end":{"line":18,"column":13}}},"fnMap":{"0":{"name":"(anonymous_0)","decl":{"start":{"line":19,"column":2},"end":{"line":19,"column":null}},"loc":{"start":{"line":27,"column":50},"end":{"line":28,"column":6}}},"1":{"name":"(anonymous_1)","decl":{"start":{"line":30,"column":9},"end":{"line":30,"column":14}},"loc":{"start":{"line":30,"column":72},"end":{"line":57,"column":3}}}},"branchMap":{"0":{"loc":{"start":{"line":32,"column":4},"end":{"line":32,"column":72}},"type":"if","locations":[{"start":{"line":32,"column":4},"end":{"line":32,"column":72}},{"start":{},"end":{}}]},"1":{"loc":{"start":{"line":35,"column":4},"end":{"line":35,"column":66}},"type":"if","locations":[{"start":{"line":35,"column":4},"end":{"line":35,"column":66}},{"start":{},"end":{}}]},"2":{"loc":{"start":{"line":38,"column":4},"end":{"line":38,"column":70}},"type":"if","locations":[{"start":{"line":38,"column":4},"end":{"line":38,"column":70}},{"start":{},"end":{}}]},"3":{"loc":{"start":{"line":41,"column":4},"end":{"line":41,"column":66}},"type":"if","locations":[{"start":{"line":41,"column":4},"end":{"line":41,"column":66}},{"start":{},"end":{}}]},"4":{"loc":{"start":{"line":44,"column":4},"end":{"line":44,"column":76}},"type":"if","locations":[{"start":{"line":44,"column":4},"end":{"line":44,"column":76}},{"start":{},"end":{}}]},"5":{"loc":{"start":{"line":47,"column":4},"end":{"line":47,"column":66}},"type":"if","locations":[{"start":{"line":47,"column":4},"end":{"line":47,"column":66}},{"start":{},"end":{}}]},"6":{"loc":{"start":{"line":50,"column":4},"end":{"line":50,"column":70}},"type":"if","locations":[{"start":{"line":50,"column":4},"end":{"line":50,"column":70}},{"start":{},"end":{}}]},"7":{"loc":{"start":{"line":54,"column":4},"end":{"line":54,"column":70}},"type":"if","locations":[{"start":{"line":54,"column":4},"end":{"line":54,"column":70}},{"start":{},"end":{}}]}},"s":{"0":1,"1":3,"2":3,"3":3,"4":3,"5":3,"6":3,"7":3,"8":3,"9":3,"10":3,"11":1,"12":2,"13":2,"14":1,"15":1,"16":1,"17":0,"18":1,"19":1,"20":0,"21":1,"22":1,"23":0,"24":1,"25":1,"26":0,"27":1,"28":1,"29":0,"30":1,"31":1,"32":0,"33":1,"34":1},"f":{"0":3,"1":3},"b":{"0":[1,2],"1":[1,1],"2":[0,1],"3":[0,1],"4":[0,1],"5":[0,1],"6":[0,1],"7":[0,1]}}
,"/Users/ak-47/Documents/GitHub/ContentCompiler/.claude/worktrees/wf_32e416fd-7b7-4/src/shared/DomainBase.ts": {"path":"/Users/ak-47/Documents/GitHub/ContentCompiler/.claude/worktrees/wf_32e416fd-7b7-4/src/shared/DomainBase.ts","statementMap":{"0":{"start":{"line":9,"column":20},"end":{"line":9,"column":34}},"1":{"start":{"line":10,"column":20},"end":{"line":10,"column":44}},"2":{"start":{"line":11,"column":20},"end":{"line":11,"column":38}},"3":{"start":{"line":12,"column":20},"end":{"line":12,"column":37}},"4":{"start":{"line":13,"column":20},"end":{"line":13,"column":37}},"5":{"start":{"line":7,"column":0},"end":{"line":7,"column":22}},"6":{"start":{"line":17,"column":0},"end":{"line":17,"column":22}}},"fnMap":{"0":{"name":"(anonymous_0)","decl":{"start":{"line":8,"column":2},"end":{"line":8,"column":null}},"loc":{"start":{"line":13,"column":37},"end":{"line":14,"column":6}}}},"branchMap":{},"s":{"0":43,"1":43,"2":43,"3":43,"4":43,"5":4,"6":4},"f":{"0":43},"b":{}}
,"/Users/ak-47/Documents/GitHub/ContentCompiler/.claude/worktrees/wf_32e416fd-7b7-4/src/shared/Result.ts": {"path":"/Users/ak-47/Documents/GitHub/ContentCompiler/.claude/worktrees/wf_32e416fd-7b7-4/src/shared/Result.ts","statementMap":{"0":{"start":{"line":4,"column":23},"end":{"line":4,"column":27}},"1":{"start":{"line":5,"column":23},"end":{"line":5,"column":28}},"2":{"start":{"line":6,"column":30},"end":{"line":6,"column":38}},"3":{"start":{"line":3,"column":0},"end":{"line":3,"column":13}},"4":{"start":{"line":10,"column":23},"end":{"line":10,"column":28}},"5":{"start":{"line":11,"column":23},"end":{"line":11,"column":27}},"6":{"start":{"line":12,"column":30},"end":{"line":12,"column":38}},"7":{"start":{"line":9,"column":0},"end":{"line":9,"column":13}}},"fnMap":{"0":{"name":"(anonymous_0)","decl":{"start":{"line":6,"column":2},"end":{"line":6,"column":30}},"loc":{"start":{"line":6,"column":38},"end":{"line":6,"column":42}}},"1":{"name":"(anonymous_1)","decl":{"start":{"line":12,"column":2},"end":{"line":12,"column":30}},"loc":{"start":{"line":12,"column":38},"end":{"line":12,"column":42}}}},"branchMap":{},"s":{"0":42,"1":42,"2":42,"3":6,"4":15,"5":15,"6":15,"7":6},"f":{"0":42,"1":15},"b":{}}
,"/Users/ak-47/Documents/GitHub/ContentCompiler/.claude/worktrees/wf_32e416fd-7b7-4/src/validators/EntityValidators.ts": {"path":"/Users/ak-47/Documents/GitHub/ContentCompiler/.claude/worktrees/wf_32e416fd-7b7-4/src/validators/EntityValidators.ts","statementMap":{"0":{"start":{"line":12,"column":2},"end":{"line":12,"column":39}},"1":{"start":{"line":15,"column":112},"end":{"line":15,"column":126}},"2":{"start":{"line":15,"column":0},"end":{"line":15,"column":13}},"3":{"start":{"line":16,"column":97},"end":{"line":16,"column":111}},"4":{"start":{"line":16,"column":0},"end":{"line":16,"column":13}},"5":{"start":{"line":17,"column":85},"end":{"line":17,"column":99}},"6":{"start":{"line":17,"column":0},"end":{"line":17,"column":13}},"7":{"start":{"line":18,"column":94},"end":{"line":18,"column":108}},"8":{"start":{"line":18,"column":0},"end":{"line":18,"column":13}},"9":{"start":{"line":20,"column":127},"end":{"line":20,"column":141}},"10":{"start":{"line":20,"column":0},"end":{"line":20,"column":13}},"11":{"start":{"line":21,"column":94},"end":{"line":21,"column":108}},"12":{"start":{"line":21,"column":0},"end":{"line":21,"column":13}},"13":{"start":{"line":22,"column":109},"end":{"line":22,"column":123}},"14":{"start":{"line":22,"column":0},"end":{"line":22,"column":13}},"15":{"start":{"line":24,"column":106},"end":{"line":24,"column":120}},"16":{"start":{"line":24,"column":0},"end":{"line":24,"column":13}},"17":{"start":{"line":25,"column":115},"end":{"line":25,"column":129}},"18":{"start":{"line":25,"column":0},"end":{"line":25,"column":13}},"19":{"start":{"line":26,"column":82},"end":{"line":26,"column":96}},"20":{"start":{"line":26,"column":0},"end":{"line":26,"column":13}},"21":{"start":{"line":28,"column":97},"end":{"line":28,"column":111}},"22":{"start":{"line":28,"column":0},"end":{"line":28,"column":13}},"23":{"start":{"line":29,"column":112},"end":{"line":29,"column":126}},"24":{"start":{"line":29,"column":0},"end":{"line":29,"column":13}},"25":{"start":{"line":31,"column":94},"end":{"line":31,"column":108}},"26":{"start":{"line":31,"column":0},"end":{"line":31,"column":13}},"27":{"start":{"line":32,"column":94},"end":{"line":32,"column":108}},"28":{"start":{"line":32,"column":0},"end":{"line":32,"column":13}},"29":{"start":{"line":33,"column":121},"end":{"line":33,"column":135}},"30":{"start":{"line":33,"column":0},"end":{"line":33,"column":13}},"31":{"start":{"line":34,"column":133},"end":{"line":34,"column":147}},"32":{"start":{"line":34,"column":0},"end":{"line":34,"column":13}},"33":{"start":{"line":36,"column":100},"end":{"line":36,"column":114}},"34":{"start":{"line":36,"column":0},"end":{"line":36,"column":13}},"35":{"start":{"line":37,"column":109},"end":{"line":37,"column":123}},"36":{"start":{"line":37,"column":0},"end":{"line":37,"column":13}},"37":{"start":{"line":41,"column":121},"end":{"line":41,"column":135}},"38":{"start":{"line":41,"column":0},"end":{"line":41,"column":13}},"39":{"start":{"line":42,"column":118},"end":{"line":42,"column":132}},"40":{"start":{"line":42,"column":0},"end":{"line":42,"column":13}}},"fnMap":{"0":{"name":"pass","decl":{"start":{"line":11,"column":9},"end":{"line":11,"column":13}},"loc":{"start":{"line":11,"column":13},"end":{"line":13,"column":1}}},"1":{"name":"(anonymous_1)","decl":{"start":{"line":15,"column":77},"end":{"line":15,"column":85}},"loc":{"start":{"line":15,"column":108},"end":{"line":15,"column":128}}},"2":{"name":"(anonymous_2)","decl":{"start":{"line":16,"column":67},"end":{"line":16,"column":75}},"loc":{"start":{"line":16,"column":93},"end":{"line":16,"column":113}}},"3":{"name":"(anonymous_3)","decl":{"start":{"line":17,"column":59},"end":{"line":17,"column":67}},"loc":{"start":{"line":17,"column":81},"end":{"line":17,"column":101}}},"4":{"name":"(anonymous_4)","decl":{"start":{"line":18,"column":65},"end":{"line":18,"column":73}},"loc":{"start":{"line":18,"column":90},"end":{"line":18,"column":110}}},"5":{"name":"(anonymous_5)","decl":{"start":{"line":20,"column":87},"end":{"line":20,"column":95}},"loc":{"start":{"line":20,"column":123},"end":{"line":20,"column":143}}},"6":{"name":"(anonymous_6)","decl":{"start":{"line":21,"column":65},"end":{"line":21,"column":73}},"loc":{"start":{"line":21,"column":90},"end":{"line":21,"column":110}}},"7":{"name":"(anonymous_7)","decl":{"start":{"line":22,"column":75},"end":{"line":22,"column":83}},"loc":{"start":{"line":22,"column":105},"end":{"line":22,"column":125}}},"8":{"name":"(anonymous_8)","decl":{"start":{"line":24,"column":73},"end":{"line":24,"column":81}},"loc":{"start":{"line":24,"column":102},"end":{"line":24,"column":122}}},"9":{"name":"(anonymous_9)","decl":{"start":{"line":25,"column":79},"end":{"line":25,"column":87}},"loc":{"start":{"line":25,"column":111},"end":{"line":25,"column":131}}},"10":{"name":"(anonymous_10)","decl":{"start":{"line":26,"column":57},"end":{"line":26,"column":65}},"loc":{"start":{"line":26,"column":78},"end":{"line":26,"column":98}}},"11":{"name":"(anonymous_11)","decl":{"start":{"line":28,"column":67},"end":{"line":28,"column":75}},"loc":{"start":{"line":28,"column":93},"end":{"line":28,"column":113}}},"12":{"name":"(anonymous_12)","decl":{"start":{"line":29,"column":77},"end":{"line":29,"column":85}},"loc":{"start":{"line":29,"column":108},"end":{"line":29,"column":128}}},"13":{"name":"(anonymous_13)","decl":{"start":{"line":31,"column":65},"end":{"line":31,"column":73}},"loc":{"start":{"line":31,"column":90},"end":{"line":31,"column":110}}},"14":{"name":"(anonymous_14)","decl":{"start":{"line":32,"column":65},"end":{"line":32,"column":73}},"loc":{"start":{"line":32,"column":90},"end":{"line":32,"column":110}}},"15":{"name":"(anonymous_15)","decl":{"start":{"line":33,"column":83},"end":{"line":33,"column":91}},"loc":{"start":{"line":33,"column":117},"end":{"line":33,"column":137}}},"16":{"name":"(anonymous_16)","decl":{"start":{"line":34,"column":91},"end":{"line":34,"column":99}},"loc":{"start":{"line":34,"column":129},"end":{"line":34,"column":149}}},"17":{"name":"(anonymous_17)","decl":{"start":{"line":36,"column":69},"end":{"line":36,"column":77}},"loc":{"start":{"line":36,"column":96},"end":{"line":36,"column":116}}},"18":{"name":"(anonymous_18)","decl":{"start":{"line":37,"column":75},"end":{"line":37,"column":83}},"loc":{"start":{"line":37,"column":105},"end":{"line":37,"column":125}}},"19":{"name":"(anonymous_19)","decl":{"start":{"line":41,"column":83},"end":{"line":41,"column":91}},"loc":{"start":{"line":41,"column":117},"end":{"line":41,"column":137}}},"20":{"name":"(anonymous_20)","decl":{"start":{"line":42,"column":81},"end":{"line":42,"column":89}},"loc":{"start":{"line":42,"column":114},"end":{"line":42,"column":134}}}},"branchMap":{},"s":{"0":5,"1":0,"2":1,"3":0,"4":1,"5":0,"6":1,"7":0,"8":1,"9":0,"10":1,"11":0,"12":1,"13":0,"14":1,"15":5,"16":1,"17":0,"18":1,"19":0,"20":1,"21":0,"22":1,"23":0,"24":1,"25":0,"26":1,"27":0,"28":1,"29":0,"30":1,"31":0,"32":1,"33":0,"34":1,"35":0,"36":1,"37":0,"38":1,"39":0,"40":1},"f":{"0":5,"1":0,"2":0,"3":0,"4":0,"5":0,"6":0,"7":0,"8":5,"9":0,"10":0,"11":0,"12":0,"13":0,"14":0,"15":0,"16":0,"17":0,"18":0,"19":0,"20":0},"b":{}}
,"/Users/ak-47/Documents/GitHub/ContentCompiler/.claude/worktrees/wf_32e416fd-7b7-5/src/pipelines/Orchestrator.ts": {"path":"/Users/ak-47/Documents/GitHub/ContentCompiler/.claude/worktrees/wf_32e416fd-7b7-5/src/pipelines/Orchestrator.ts","statementMap":{"0":{"start":{"line":7,"column":21},"end":{"line":7,"column":76}},"1":{"start":{"line":12,"column":4},"end":{"line":12,"column":84}},"2":{"start":{"line":5,"column":0},"end":{"line":5,"column":13}}},"fnMap":{"0":{"name":"(anonymous_0)","decl":{"start":{"line":6,"column":2},"end":{"line":6,"column":null}},"loc":{"start":{"line":7,"column":76},"end":{"line":8,"column":6}}},"1":{"name":"(anonymous_1)","decl":{"start":{"line":10,"column":9},"end":{"line":10,"column":14}},"loc":{"start":{"line":10,"column":68},"end":{"line":13,"column":3}}}},"branchMap":{},"s":{"0":2,"1":2,"2":1},"f":{"0":2,"1":2},"b":{}}
,"/Users/ak-47/Documents/GitHub/ContentCompiler/.claude/worktrees/wf_32e416fd-7b7-5/src/services/PipelineApplicationService.ts": {"path":"/Users/ak-47/Documents/GitHub/ContentCompiler/.claude/worktrees/wf_32e416fd-7b7-5/src/services/PipelineApplicationService.ts","statementMap":{"0":{"start":{"line":2,"column":0},"end":{"line":2,"column":60}},"1":{"start":{"line":20,"column":21},"end":{"line":20,"column":52}},"2":{"start":{"line":21,"column":21},"end":{"line":21,"column":52}},"3":{"start":{"line":22,"column":21},"end":{"line":22,"column":50}},"4":{"start":{"line":23,"column":21},"end":{"line":23,"column":46}},"5":{"start":{"line":24,"column":21},"end":{"line":24,"column":56}},"6":{"start":{"line":25,"column":21},"end":{"line":25,"column":46}},"7":{"start":{"line":26,"column":21},"end":{"line":26,"column":50}},"8":{"start":{"line":27,"column":21},"end":{"line":27,"column":50}},"9":{"start":{"line":31,"column":25},"end":{"line":31,"column":86}},"10":{"start":{"line":32,"column":4},"end":{"line":32,"column":72}},"11":{"start":{"line":32,"column":33},"end":{"line":32,"column":72}},"12":{"start":{"line":34,"column":22},"end":{"line":34,"column":101}},"13":{"start":{"line":35,"column":4},"end":{"line":35,"column":66}},"14":{"start":{"line":35,"column":30},"end":{"line":35,"column":66}},"15":{"start":{"line":37,"column":24},"end":{"line":37,"column":99}},"16":{"start":{"line":38,"column":4},"end":{"line":38,"column":70}},"17":{"start":{"line":38,"column":32},"end":{"line":38,"column":70}},"18":{"start":{"line":40,"column":22},"end":{"line":40,"column":97}},"19":{"start":{"line":41,"column":4},"end":{"line":41,"column":66}},"20":{"start":{"line":41,"column":30},"end":{"line":41,"column":66}},"21":{"start":{"line":43,"column":27},"end":{"line":43,"column":106}},"22":{"start":{"line":44,"column":4},"end":{"line":44,"column":76}},"23":{"start":{"line":44,"column":35},"end":{"line":44,"column":76}},"24":{"start":{"line":46,"column":22},"end":{"line":46,"column":101}},"25":{"start":{"line":47,"column":4},"end":{"line":47,"column":66}},"26":{"start":{"line":47,"column":30},"end":{"line":47,"column":66}},"27":{"start":{"line":49,"column":24},"end":{"line":49,"column":100}},"28":{"start":{"line":50,"column":4},"end":{"line":50,"column":70}},"29":{"start":{"line":50,"column":32},"end":{"line":50,"column":70}},"30":{"start":{"line":53,"column":24},"end":{"line":53,"column":98}},"31":{"start":{"line":54,"column":4},"end":{"line":54,"column":70}},"32":{"start":{"line":54,"column":32},"end":{"line":54,"column":70}},"33":{"start":{"line":56,"column":4},"end":{"line":56,"column":34}},"34":{"start":{"line":18,"column":0},"end":{"line":18,"column":13}}},"fnMap":{"0":{"name":"(anonymous_0)","decl":{"start":{"line":19,"column":2},"end":{"line":19,"column":null}},"loc":{"start":{"line":27,"column":50},"end":{"line":28,"column":6}}},"1":{"name":"(anonymous_1)","decl":{"start":{"line":30,"column":9},"end":{"line":30,"column":14}},"loc":{"start":{"line":30,"column":72},"end":{"line":57,"column":3}}}},"branchMap":{"0":{"loc":{"start":{"line":32,"column":4},"end":{"line":32,"column":72}},"type":"if","locations":[{"start":{"line":32,"column":4},"end":{"line":32,"column":72}},{"start":{},"end":{}}]},"1":{"loc":{"start":{"line":35,"column":4},"end":{"line":35,"column":66}},"type":"if","locations":[{"start":{"line":35,"column":4},"end":{"line":35,"column":66}},{"start":{},"end":{}}]},"2":{"loc":{"start":{"line":38,"column":4},"end":{"line":38,"column":70}},"type":"if","locations":[{"start":{"line":38,"column":4},"end":{"line":38,"column":70}},{"start":{},"end":{}}]},"3":{"loc":{"start":{"line":41,"column":4},"end":{"line":41,"column":66}},"type":"if","locations":[{"start":{"line":41,"column":4},"end":{"line":41,"column":66}},{"start":{},"end":{}}]},"4":{"loc":{"start":{"line":44,"column":4},"end":{"line":44,"column":76}},"type":"if","locations":[{"start":{"line":44,"column":4},"end":{"line":44,"column":76}},{"start":{},"end":{}}]},"5":{"loc":{"start":{"line":47,"column":4},"end":{"line":47,"column":66}},"type":"if","locations":[{"start":{"line":47,"column":4},"end":{"line":47,"column":66}},{"start":{},"end":{}}]},"6":{"loc":{"start":{"line":50,"column":4},"end":{"line":50,"column":70}},"type":"if","locations":[{"start":{"line":50,"column":4},"end":{"line":50,"column":70}},{"start":{},"end":{}}]},"7":{"loc":{"start":{"line":54,"column":4},"end":{"line":54,"column":70}},"type":"if","locations":[{"start":{"line":54,"column":4},"end":{"line":54,"column":70}},{"start":{},"end":{}}]}},"s":{"0":1,"1":3,"2":3,"3":3,"4":3,"5":3,"6":3,"7":3,"8":3,"9":3,"10":3,"11":1,"12":2,"13":2,"14":1,"15":1,"16":1,"17":0,"18":1,"19":1,"20":0,"21":1,"22":1,"23":0,"24":1,"25":1,"26":0,"27":1,"28":1,"29":0,"30":1,"31":1,"32":0,"33":1,"34":1},"f":{"0":3,"1":3},"b":{"0":[1,2],"1":[1,1],"2":[0,1],"3":[0,1],"4":[0,1],"5":[0,1],"6":[0,1],"7":[0,1]}}
,"/Users/ak-47/Documents/GitHub/ContentCompiler/.claude/worktrees/wf_32e416fd-7b7-5/src/shared/DomainBase.ts": {"path":"/Users/ak-47/Documents/GitHub/ContentCompiler/.claude/worktrees/wf_32e416fd-7b7-5/src/shared/DomainBase.ts","statementMap":{"0":{"start":{"line":9,"column":20},"end":{"line":9,"column":34}},"1":{"start":{"line":10,"column":20},"end":{"line":10,"column":44}},"2":{"start":{"line":11,"column":20},"end":{"line":11,"column":38}},"3":{"start":{"line":12,"column":20},"end":{"line":12,"column":37}},"4":{"start":{"line":13,"column":20},"end":{"line":13,"column":37}},"5":{"start":{"line":7,"column":0},"end":{"line":7,"column":22}},"6":{"start":{"line":17,"column":0},"end":{"line":17,"column":22}}},"fnMap":{"0":{"name":"(anonymous_0)","decl":{"start":{"line":8,"column":2},"end":{"line":8,"column":null}},"loc":{"start":{"line":13,"column":37},"end":{"line":14,"column":6}}}},"branchMap":{},"s":{"0":1,"1":1,"2":1,"3":1,"4":1,"5":1,"6":1},"f":{"0":1},"b":{}}
,"/Users/ak-47/Documents/GitHub/ContentCompiler/.claude/worktrees/wf_32e416fd-7b7-5/src/shared/Result.ts": {"path":"/Users/ak-47/Documents/GitHub/ContentCompiler/.claude/worktrees/wf_32e416fd-7b7-5/src/shared/Result.ts","statementMap":{"0":{"start":{"line":4,"column":23},"end":{"line":4,"column":27}},"1":{"start":{"line":5,"column":23},"end":{"line":5,"column":28}},"2":{"start":{"line":6,"column":30},"end":{"line":6,"column":38}},"3":{"start":{"line":3,"column":0},"end":{"line":3,"column":13}},"4":{"start":{"line":10,"column":23},"end":{"line":10,"column":28}},"5":{"start":{"line":11,"column":23},"end":{"line":11,"column":27}},"6":{"start":{"line":12,"column":30},"end":{"line":12,"column":38}},"7":{"start":{"line":9,"column":0},"end":{"line":9,"column":13}}},"fnMap":{"0":{"name":"(anonymous_0)","decl":{"start":{"line":6,"column":2},"end":{"line":6,"column":30}},"loc":{"start":{"line":6,"column":38},"end":{"line":6,"column":42}}},"1":{"name":"(anonymous_1)","decl":{"start":{"line":12,"column":2},"end":{"line":12,"column":30}},"loc":{"start":{"line":12,"column":38},"end":{"line":12,"column":42}}}},"branchMap":{},"s":{"0":26,"1":26,"2":26,"3":2,"4":5,"5":5,"6":5,"7":2},"f":{"0":26,"1":5},"b":{}}
,"/Users/ak-47/Documents/GitHub/ContentCompiler/.claude/worktrees/wf_32e416fd-7b7-6/src/domain/CompilationDomain.ts": {"path":"/Users/ak-47/Documents/GitHub/ContentCompiler/.claude/worktrees/wf_32e416fd-7b7-6/src/domain/CompilationDomain.ts","statementMap":{"0":{"start":{"line":1,"column":0},"end":{"line":1,"column":62}},"1":{"start":{"line":7,"column":4},"end":{"line":7,"column":52}},"2":{"start":{"line":6,"column":130},"end":{"line":6,"column":142}},"3":{"start":{"line":6,"column":160},"end":{"line":6,"column":175}},"4":{"start":{"line":5,"column":0},"end":{"line":5,"column":13}},"5":{"start":{"line":13,"column":4},"end":{"line":13,"column":52}},"6":{"start":{"line":12,"column":130},"end":{"line":12,"column":156}},"7":{"start":{"line":12,"column":174},"end":{"line":12,"column":197}},"8":{"start":{"line":11,"column":0},"end":{"line":11,"column":13}}},"fnMap":{"0":{"name":"(anonymous_0)","decl":{"start":{"line":6,"column":2},"end":{"line":6,"column":14}},"loc":{"start":{"line":6,"column":175},"end":{"line":8,"column":3}}},"1":{"name":"(anonymous_1)","decl":{"start":{"line":12,"column":2},"end":{"line":12,"column":14}},"loc":{"start":{"line":12,"column":197},"end":{"line":14,"column":3}}}},"branchMap":{},"s":{"0":1,"1":0,"2":0,"3":0,"4":1,"5":1,"6":1,"7":1,"8":1},"f":{"0":0,"1":1},"b":{}}
,"/Users/ak-47/Documents/GitHub/ContentCompiler/.claude/worktrees/wf_32e416fd-7b7-6/src/domain/DecisionDomain.ts": {"path":"/Users/ak-47/Documents/GitHub/ContentCompiler/.claude/worktrees/wf_32e416fd-7b7-6/src/domain/DecisionDomain.ts","statementMap":{"0":{"start":{"line":1,"column":0},"end":{"line":1,"column":62}},"1":{"start":{"line":7,"column":4},"end":{"line":7,"column":52}},"2":{"start":{"line":6,"column":130},"end":{"line":6,"column":147}},"3":{"start":{"line":6,"column":165},"end":{"line":6,"column":187}},"4":{"start":{"line":5,"column":0},"end":{"line":5,"column":13}},"5":{"start":{"line":13,"column":4},"end":{"line":13,"column":52}},"6":{"start":{"line":12,"column":130},"end":{"line":12,"column":161}},"7":{"start":{"line":11,"column":0},"end":{"line":11,"column":13}},"8":{"start":{"line":19,"column":4},"end":{"line":19,"column":52}},"9":{"start":{"line":18,"column":130},"end":{"line":18,"column":151}},"10":{"start":{"line":17,"column":0},"end":{"line":17,"column":13}}},"fnMap":{"0":{"name":"(anonymous_0)","decl":{"start":{"line":6,"column":2},"end":{"line":6,"column":14}},"loc":{"start":{"line":6,"column":187},"end":{"line":8,"column":3}}},"1":{"name":"(anonymous_1)","decl":{"start":{"line":12,"column":2},"end":{"line":12,"column":14}},"loc":{"start":{"line":12,"column":161},"end":{"line":14,"column":3}}},"2":{"name":"(anonymous_2)","decl":{"start":{"line":18,"column":2},"end":{"line":18,"column":14}},"loc":{"start":{"line":18,"column":151},"end":{"line":20,"column":3}}}},"branchMap":{},"s":{"0":1,"1":1,"2":1,"3":1,"4":1,"5":0,"6":0,"7":1,"8":1,"9":1,"10":1},"f":{"0":1,"1":0,"2":1},"b":{}}
,"/Users/ak-47/Documents/GitHub/ContentCompiler/.claude/worktrees/wf_32e416fd-7b7-6/src/domain/EvidenceDomain.ts": {"path":"/Users/ak-47/Documents/GitHub/ContentCompiler/.claude/worktrees/wf_32e416fd-7b7-6/src/domain/EvidenceDomain.ts","statementMap":{"0":{"start":{"line":1,"column":0},"end":{"line":1,"column":62}},"1":{"start":{"line":6,"column":4},"end":{"line":6,"column":52}},"2":{"start":{"line":5,"column":130},"end":{"line":5,"column":142}},"3":{"start":{"line":4,"column":0},"end":{"line":4,"column":13}},"4":{"start":{"line":12,"column":4},"end":{"line":12,"column":52}},"5":{"start":{"line":11,"column":130},"end":{"line":11,"column":144}},"6":{"start":{"line":11,"column":162},"end":{"line":11,"column":175}},"7":{"start":{"line":10,"column":0},"end":{"line":10,"column":13}},"8":{"start":{"line":18,"column":4},"end":{"line":18,"column":52}},"9":{"start":{"line":17,"column":130},"end":{"line":17,"column":143}},"10":{"start":{"line":16,"column":0},"end":{"line":16,"column":13}},"11":{"start":{"line":24,"column":4},"end":{"line":24,"column":52}},"12":{"start":{"line":23,"column":130},"end":{"line":23,"column":184}},"13":{"start":{"line":22,"column":0},"end":{"line":22,"column":13}}},"fnMap":{"0":{"name":"(anonymous_0)","decl":{"start":{"line":5,"column":2},"end":{"line":5,"column":14}},"loc":{"start":{"line":5,"column":142},"end":{"line":7,"column":3}}},"1":{"name":"(anonymous_1)","decl":{"start":{"line":11,"column":2},"end":{"line":11,"column":14}},"loc":{"start":{"line":11,"column":175},"end":{"line":13,"column":3}}},"2":{"name":"(anonymous_2)","decl":{"start":{"line":17,"column":2},"end":{"line":17,"column":14}},"loc":{"start":{"line":17,"column":143},"end":{"line":19,"column":3}}},"3":{"name":"(anonymous_3)","decl":{"start":{"line":23,"column":2},"end":{"line":23,"column":14}},"loc":{"start":{"line":23,"column":184},"end":{"line":25,"column":3}}}},"branchMap":{},"s":{"0":1,"1":0,"2":0,"3":1,"4":0,"5":0,"6":0,"7":1,"8":0,"9":0,"10":1,"11":1,"12":1,"13":1},"f":{"0":0,"1":0,"2":0,"3":1},"b":{}}
[...]
s/GitHub/ContentCompiler/src/value_objects/ReasoningVOs.ts": {"path":"/Users/ak-47/Documents/GitHub/ContentCompiler/src/value_objects/ReasoningVOs.ts","statementMap":{"0":{"start":{"line":1,"column":0},"end":{"line":1,"column":51}},"1":{"start":{"line":5,"column":4},"end":{"line":5,"column":12}},"2":{"start":{"line":4,"column":30},"end":{"line":4,"column":43}},"3":{"start":{"line":6,"column":4},"end":{"line":6,"column":91}},"4":{"start":{"line":6,"column":32},"end":{"line":6,"column":91}},"5":{"start":{"line":10,"column":4},"end":{"line":10,"column":38}},"6":{"start":{"line":3,"column":0},"end":{"line":3,"column":13}},"7":{"start":{"line":16,"column":4},"end":{"line":16,"column":12}},"8":{"start":{"line":15,"column":30},"end":{"line":15,"column":43}},"9":{"start":{"line":17,"column":4},"end":{"line":17,"column":95}},"10":{"start":{"line":17,"column":34},"end":{"line":17,"column":95}},"11":{"start":{"line":21,"column":4},"end":{"line":21,"column":38}},"12":{"start":{"line":14,"column":0},"end":{"line":14,"column":13}},"13":{"start":{"line":27,"column":4},"end":{"line":27,"column":12}},"14":{"start":{"line":26,"column":30},"end":{"line":26,"column":49}},"15":{"start":{"line":28,"column":4},"end":{"line":28,"column":87}},"16":{"start":{"line":28,"column":29},"end":{"line":28,"column":87}},"17":{"start":{"line":32,"column":4},"end":{"line":32,"column":50}},"18":{"start":{"line":25,"column":0},"end":{"line":25,"column":13}},"19":{"start":{"line":42,"column":4},"end":{"line":42,"column":12}},"20":{"start":{"line":38,"column":20},"end":{"line":38,"column":30}},"21":{"start":{"line":39,"column":20},"end":{"line":39,"column":39}},"22":{"start":{"line":40,"column":20},"end":{"line":40,"column":43}},"23":{"start":{"line":43,"column":4},"end":{"line":43,"column":103}},"24":{"start":{"line":43,"column":43},"end":{"line":43,"column":103}},"25":{"start":{"line":47,"column":4},"end":{"line":47,"column":124}},"26":{"start":{"line":36,"column":0},"end":{"line":36,"column":13}},"27":{"start":{"line":56,"column":4},"end":{"line":56,"column":12}},"28":{"start":{"line":53,"column":20},"end":{"line":53,"column":37}},"29":{"start":{"line":54,"column":20},"end":{"line":54,"column":40}},"30":{"start":{"line":57,"column":4},"end":{"line":57,"column":116}},"31":{"start":{"line":57,"column":51},"end":{"line":57,"column":116}},"32":{"start":{"line":61,"column":4},"end":{"line":61,"column":90}},"33":{"start":{"line":51,"column":0},"end":{"line":51,"column":13}},"34":{"start":{"line":67,"column":4},"end":{"line":67,"column":12}},"35":{"start":{"line":66,"column":30},"end":{"line":66,"column":47}},"36":{"start":{"line":68,"column":4},"end":{"line":68,"column":86}},"37":{"start":{"line":68,"column":27},"end":{"line":68,"column":86}},"38":{"start":{"line":72,"column":4},"end":{"line":72,"column":46}},"39":{"start":{"line":65,"column":0},"end":{"line":65,"column":13}},"40":{"start":{"line":81,"column":4},"end":{"line":81,"column":12}},"41":{"start":{"line":78,"column":20},"end":{"line":78,"column":39}},"42":{"start":{"line":79,"column":20},"end":{"line":79,"column":54}},"43":{"start":{"line":82,"column":4},"end":{"line":82,"column":90}},"44":{"start":{"line":82,"column":29},"end":{"line":82,"column":90}},"45":{"start":{"line":86,"column":4},"end":{"line":86,"column":61}},"46":{"start":{"line":86,"column":48},"end":{"line":86,"column":61}},"47":{"start":{"line":87,"column":21},"end":{"line":87,"column":49}},"48":{"start":{"line":88,"column":22},"end":{"line":88,"column":51}},"49":{"start":{"line":89,"column":4},"end":{"line":89,"column":59}},"50":{"start":{"line":89,"column":46},"end":{"line":89,"column":59}},"51":{"start":{"line":90,"column":4},"end":{"line":92,"column":5}},"52":{"start":{"line":91,"column":6},"end":{"line":91,"column":71}},"53":{"start":{"line":91,"column":58},"end":{"line":91,"column":71}},"54":{"start":{"line":93,"column":4},"end":{"line":93,"column":16}},"55":{"start":{"line":76,"column":0},"end":{"line":76,"column":13}},"56":{"start":{"line":103,"column":4},"end":{"line":103,"column":12}},"57":{"start":{"line":99,"column":20},"end":{"line":99,"column":47}},"58":{"start":{"line":100,"column":20},"end":{"line":100,"column":55}},"59":{"start":{"line":101,"column":20},"end":{"line":101,"column":45}},"60":{"start":{"line":104,"column":4},"end":{"line":104,"column":103}},"61":{"start":{"line":104,"column":35},"end":{"line":104,"column":103}},"62":{"start":{"line":109,"column":4},"end":{"line":109,"column":62}},"63":{"start":{"line":97,"column":0},"end":{"line":97,"column":13}}},"fnMap":{"0":{"name":"(anonymous_0)","decl":{"start":{"line":4,"column":2},"end":{"line":4,"column":30}},"loc":{"start":{"line":4,"column":43},"end":{"line":7,"column":3}}},"1":{"name":"(anonymous_1)","decl":{"start":{"line":9,"column":2},"end":{"line":9,"column":8}},"loc":{"start":{"line":9,"column":31},"end":{"line":11,"column":3}}},"2":{"name":"(anonymous_2)","decl":{"start":{"line":15,"column":2},"end":{"line":15,"column":30}},"loc":{"start":{"line":15,"column":43},"end":{"line":18,"column":3}}},"3":{"name":"(anonymous_3)","decl":{"start":{"line":20,"column":2},"end":{"line":20,"column":8}},"loc":{"start":{"line":20,"column":31},"end":{"line":22,"column":3}}},"4":{"name":"(anonymous_4)","decl":{"start":{"line":26,"column":2},"end":{"line":26,"column":30}},"loc":{"start":{"line":26,"column":49},"end":{"line":29,"column":3}}},"5":{"name":"(anonymous_5)","decl":{"start":{"line":31,"column":2},"end":{"line":31,"column":8}},"loc":{"start":{"line":31,"column":26},"end":{"line":33,"column":3}}},"6":{"name":"(anonymous_6)","decl":{"start":{"line":37,"column":2},"end":{"line":37,"column":null}},"loc":{"start":{"line":40,"column":43},"end":{"line":44,"column":3}}},"7":{"name":"(anonymous_7)","decl":{"start":{"line":46,"column":2},"end":{"line":46,"column":8}},"loc":{"start":{"line":46,"column":27},"end":{"line":48,"column":3}}},"8":{"name":"(anonymous_8)","decl":{"start":{"line":52,"column":2},"end":{"line":52,"column":null}},"loc":{"start":{"line":54,"column":40},"end":{"line":58,"column":3}}},"9":{"name":"(anonymous_9)","decl":{"start":{"line":60,"column":2},"end":{"line":60,"column":8}},"loc":{"start":{"line":60,"column":24},"end":{"line":62,"column":3}}},"10":{"name":"(anonymous_10)","decl":{"start":{"line":66,"column":2},"end":{"line":66,"column":30}},"loc":{"start":{"line":66,"column":47},"end":{"line":69,"column":3}}},"11":{"name":"(anonymous_11)","decl":{"start":{"line":71,"column":2},"end":{"line":71,"column":8}},"loc":{"start":{"line":71,"column":29},"end":{"line":73,"column":3}}},"12":{"name":"(anonymous_12)","decl":{"start":{"line":77,"column":2},"end":{"line":77,"column":null}},"loc":{"start":{"line":79,"column":54},"end":{"line":83,"column":3}}},"13":{"name":"(anonymous_13)","decl":{"start":{"line":85,"column":2},"end":{"line":85,"column":8}},"loc":{"start":{"line":85,"column":32},"end":{"line":94,"column":3}}},"14":{"name":"(anonymous_14)","decl":{"start":{"line":98,"column":2},"end":{"line":98,"column":null}},"loc":{"start":{"line":101,"column":45},"end":{"line":105,"column":3}}},"15":{"name":"(anonymous_15)","decl":{"start":{"line":107,"column":2},"end":{"line":107,"column":8}},"loc":{"start":{"line":107,"column":32},"end":{"line":110,"column":3}}}},"branchMap":{"0":{"loc":{"start":{"line":6,"column":4},"end":{"line":6,"column":91}},"type":"if","locations":[{"start":{"line":6,"column":4},"end":{"line":6,"column":91}},{"start":{},"end":{}}]},"1":{"loc":{"start":{"line":6,"column":8},"end":{"line":6,"column":30}},"type":"binary-expr","locations":[{"start":{"line":6,"column":8},"end":{"line":6,"column":17}},{"start":{"line":6,"column":21},"end":{"line":6,"column":30}}]},"2":{"loc":{"start":{"line":17,"column":4},"end":{"line":17,"column":95}},"type":"if","locations":[{"start":{"line":17,"column":4},"end":{"line":17,"column":95}},{"start":{},"end":{}}]},"3":{"loc":{"start":{"line":17,"column":8},"end":{"line":17,"column":32}},"type":"binary-expr","locations":[{"start":{"line":17,"column":8},"end":{"line":17,"column":17}},{"start":{"line":17,"column":21},"end":{"line":17,"column":32}}]},"4":{"loc":{"start":{"line":28,"column":4},"end":{"line":28,"column":87}},"type":"if","locations":[{"start":{"line":28,"column":4},"end":{"line":28,"column":87}},{"start":{},"end":{}}]},"5":{"loc":{"start":{"line":43,"column":4},"end":{"line":43,"column":103}},"type":"if","locations":[{"start":{"line":43,"column":4},"end":{"line":43,"column":103}},{"start":{},"end":{}}]},"6":{"loc":{"start":{"line":43,"column":8},"end":{"line":43,"column":41}},"type":"binary-expr","locations":[{"start":{"line":43,"column":8},"end":{"line":43,"column":18}},{"start":{"line":43,"column":22},"end":{"line":43,"column":41}}]},"7":{"loc":{"start":{"line":47,"column":11},"end":{"line":47,"column":123}},"type":"binary-expr","locations":[{"start":{"line":47,"column":11},"end":{"line":47,"column":31}},{"start":{"line":47,"column":35},"end":{"line":47,"column":73}},{"start":{"line":47,"column":77},"end":{"line":47,"column":123}}]},"8":{"loc":{"start":{"line":57,"column":4},"end":{"line":57,"column":116}},"type":"if","locations":[{"start":{"line":57,"column":4},"end":{"line":57,"column":116}},{"start":{},"end":{}}]},"9":{"loc":{"start":{"line":57,"column":8},"end":{"line":57,"column":49}},"type":"binary-expr","locations":[{"start":{"line":57,"column":8},"end":{"line":57,"column":25}},{"start":{"line":57,"column":29},"end":{"line":57,"column":49}}]},"10":{"loc":{"start":{"line":61,"column":11},"end":{"line":61,"column":89}},"type":"binary-expr","locations":[{"start":{"line":61,"column":11},"end":{"line":61,"column":45}},{"start":{"line":61,"column":49},"end":{"line":61,"column":89}}]},"11":{"loc":{"start":{"line":68,"column":4},"end":{"line":68,"column":86}},"type":"if","locations":[{"start":{"line":68,"column":4},"end":{"line":68,"column":86}},{"start":{},"end":{}}]},"12":{"loc":{"start":{"line":82,"column":4},"end":{"line":82,"column":90}},"type":"if","locations":[{"start":{"line":82,"column":4},"end":{"line":82,"column":90}},{"start":{},"end":{}}]},"13":{"loc":{"start":{"line":86,"column":4},"end":{"line":86,"column":61}},"type":"if","locations":[{"start":{"line":86,"column":4},"end":{"line":86,"column":61}},{"start":{},"end":{}}]},"14":{"loc":{"start":{"line":89,"column":4},"end":{"line":89,"column":59}},"type":"if","locations":[{"start":{"line":89,"column":4},"end":{"line":89,"column":59}},{"start":{},"end":{}}]},"15":{"loc":{"start":{"line":91,"column":6},"end":{"line":91,"column":71}},"type":"if","locations":[{"start":{"line":91,"column":6},"end":{"line":91,"column":71}},{"start":{},"end":{}}]},"16":{"loc":{"start":{"line":104,"column":4},"end":{"line":104,"column":103}},"type":"if","locations":[{"start":{"line":104,"column":4},"end":{"line":104,"column":103}},{"start":{},"end":{}}]}},"s":{"0":7,"1":25,"2":25,"3":25,"4":1,"5":1,"6":7,"7":0,"8":0,"9":0,"10":0,"11":0,"12":7,"13":8,"14":8,"15":8,"16":1,"17":1,"18":7,"19":10,"20":10,"21":10,"22":10,"23":10,"24":1,"25":0,"26":7,"27":7,"28":7,"29":7,"30":7,"31":1,"32":0,"33":7,"34":22,"35":22,"36":22,"37":0,"38":0,"39":7,"40":22,"41":22,"42":22,"43":22,"44":0,"45":0,"46":0,"47":0,"48":0,"49":0,"50":0,"51":0,"52":0,"53":0,"54":0,"55":7,"56":0,"57":0,"58":0,"59":0,"60":0,"61":0,"62":0,"63":7},"f":{"0":25,"1":1,"2":0,"3":0,"4":8,"5":1,"6":10,"7":0,"8":7,"9":0,"10":22,"11":0,"12":22,"13":0,"14":0,"15":0},"b":{"0":[1,24],"1":[25,25],"2":[0,0],"3":[0,0],"4":[1,7],"5":[1,9],"6":[10,9],"7":[0,0,0],"8":[1,6],"9":[7,6],"10":[0,0],"11":[0,22],"12":[0,22],"13":[0,0],"14":[0,0],"15":[0,0],"16":[0,0]}}
,"/Users/ak-47/Documents/GitHub/ContentCompiler/src/value_objects/TargetVOs.ts": {"path":"/Users/ak-47/Documents/GitHub/ContentCompiler/src/value_objects/TargetVOs.ts","statementMap":{"0":{"start":{"line":1,"column":0},"end":{"line":1,"column":51}},"1":{"start":{"line":7,"column":0},"end":{"line":7,"column":null}},"2":{"start":{"line":8,"column":2},"end":{"line":8,"column":null}},"3":{"start":{"line":9,"column":2},"end":{"line":9,"column":null}},"4":{"start":{"line":10,"column":2},"end":{"line":10,"column":null}},"5":{"start":{"line":11,"column":2},"end":{"line":11,"column":null}},"6":{"start":{"line":16,"column":4},"end":{"line":16,"column":12}},"7":{"start":{"line":15,"column":30},"end":{"line":15,"column":54}},"8":{"start":{"line":17,"column":4},"end":{"line":19,"column":5}},"9":{"start":{"line":18,"column":6},"end":{"line":18,"column":57}},"10":{"start":{"line":23,"column":4},"end":{"line":23,"column":40}},"11":{"start":{"line":14,"column":0},"end":{"line":14,"column":13}},"12":{"start":{"line":31,"column":0},"end":{"line":31,"column":null}},"13":{"start":{"line":32,"column":2},"end":{"line":32,"column":null}},"14":{"start":{"line":33,"column":2},"end":{"line":33,"column":null}},"15":{"start":{"line":34,"column":2},"end":{"line":34,"column":null}},"16":{"start":{"line":35,"column":2},"end":{"line":35,"column":null}},"17":{"start":{"line":36,"column":2},"end":{"line":36,"column":null}},"18":{"start":{"line":37,"column":2},"end":{"line":37,"column":null}},"19":{"start":{"line":42,"column":4},"end":{"line":42,"column":12}},"20":{"start":{"line":41,"column":30},"end":{"line":41,"column":60}},"21":{"start":{"line":43,"column":4},"end":{"line":45,"column":5}},"22":{"start":{"line":44,"column":6},"end":{"line":44,"column":63}},"23":{"start":{"line":49,"column":4},"end":{"line":49,"column":40}},"24":{"start":{"line":40,"column":0},"end":{"line":40,"column":13}},"25":{"start":{"line":65,"column":4},"end":{"line":65,"column":12}},"26":{"start":{"line":60,"column":20},"end":{"line":60,"column":36}},"27":{"start":{"line":61,"column":20},"end":{"line":61,"column":37}},"28":{"start":{"line":62,"column":20},"end":{"line":62,"column":39}},"29":{"start":{"line":63,"column":20},"end":{"line":63,"column":39}},"30":{"start":{"line":66,"column":4},"end":{"line":68,"column":5}},"31":{"start":{"line":67,"column":6},"end":{"line":67,"column":64}},"32":{"start":{"line":69,"column":4},"end":{"line":71,"column":5}},"33":{"start":{"line":70,"column":6},"end":{"line":70,"column":66}},"34":{"start":{"line":72,"column":4},"end":{"line":74,"column":5}},"35":{"start":{"line":73,"column":6},"end":{"line":73,"column":68}},"36":{"start":{"line":78,"column":4},"end":{"line":81,"column":45}},"37":{"start":{"line":58,"column":0},"end":{"line":58,"column":13}},"38":{"start":{"line":89,"column":0},"end":{"line":89,"column":null}},"39":{"start":{"line":90,"column":2},"end":{"line":90,"column":null}},"40":{"start":{"line":91,"column":2},"end":{"line":91,"column":null}},"41":{"start":{"line":92,"column":2},"end":{"line":92,"column":null}},"42":{"start":{"line":93,"column":2},"end":{"line":93,"column":null}},"43":{"start":{"line":98,"column":4},"end":{"line":98,"column":12}},"44":{"start":{"line":97,"column":30},"end":{"line":97,"column":53}},"45":{"start":{"line":99,"column":4},"end":{"line":101,"column":5}},"46":{"start":{"line":100,"column":6},"end":{"line":100,"column":56}},"47":{"start":{"line":105,"column":4},"end":{"line":105,"column":38}},"48":{"start":{"line":96,"column":0},"end":{"line":96,"column":13}}},"fnMap":{"0":{"name":"(anonymous_0)","decl":{"start":{"line":7,"column":0},"end":{"line":7,"column":12}},"loc":{"start":{"line":7,"column":28},"end":{"line":12,"column":1}}},"1":{"name":"(anonymous_1)","decl":{"start":{"line":15,"column":2},"end":{"line":15,"column":30}},"loc":{"start":{"line":15,"column":54},"end":{"line":20,"column":3}}},"2":{"name":"(anonymous_2)","decl":{"start":{"line":22,"column":2},"end":{"line":22,"column":8}},"loc":{"start":{"line":22,"column":28},"end":{"line":24,"column":3}}},"3":{"name":"(anonymous_3)","decl":{"start":{"line":31,"column":0},"end":{"line":31,"column":12}},"loc":{"start":{"line":31,"column":34},"end":{"line":38,"column":1}}},"4":{"name":"(anonymous_4)","decl":{"start":{"line":41,"column":2},"end":{"line":41,"column":30}},"loc":{"start":{"line":41,"column":60},"end":{"line":46,"column":3}}},"5":{"name":"(anonymous_5)","decl":{"start":{"line":48,"column":2},"end":{"line":48,"column":8}},"loc":{"start":{"line":48,"column":34},"end":{"line":50,"column":3}}},"6":{"name":"(anonymous_6)","decl":{"start":{"line":59,"column":2},"end":{"line":59,"column":null}},"loc":{"start":{"line":63,"column":39},"end":{"line":75,"column":3}}},"7":{"name":"(anonymous_7)","decl":{"start":{"line":77,"column":2},"end":{"line":77,"column":8}},"loc":{"start":{"line":77,"column":33},"end":{"line":82,"column":3}}},"8":{"name":"(anonymous_8)","decl":{"start":{"line":89,"column":0},"end":{"line":89,"column":12}},"loc":{"start":{"line":89,"column":28},"end":{"line":94,"column":1}}},"9":{"name":"(anonymous_9)","decl":{"start":{"line":97,"column":2},"end":{"line":97,"column":30}},"loc":{"start":{"line":97,"column":53},"end":{"line":102,"column":3}}},"10":{"name":"(anonymous_10)","decl":{"start":{"line":104,"column":2},"end":{"line":104,"column":8}},"loc":{"start":{"line":104,"column":28},"end":{"line":106,"column":3}}}},"branchMap":{"0":{"loc":{"start":{"line":7,"column":12},"end":{"line":7,"column":null}},"type":"binary-expr","locations":[{"start":{"line":7,"column":12},"end":{"line":7,"column":28}},{"start":{"line":7,"column":28},"end":{"line":7,"column":null}}]},"1":{"loc":{"start":{"line":17,"column":4},"end":{"line":19,"column":5}},"type":"if","locations":[{"start":{"line":17,"column":4},"end":{"line":19,"column":5}},{"start":{},"end":{}}]},"2":{"loc":{"start":{"line":31,"column":12},"end":{"line":31,"column":null}},"type":"binary-expr","locations":[{"start":{"line":31,"column":12},"end":{"line":31,"column":34}},{"start":{"line":31,"column":34},"end":{"line":31,"column":null}}]},"3":{"loc":{"start":{"line":43,"column":4},"end":{"line":45,"column":5}},"type":"if","locations":[{"start":{"line":43,"column":4},"end":{"line":45,"column":5}},{"start":{},"end":{}}]},"4":{"loc":{"start":{"line":66,"column":4},"end":{"line":68,"column":5}},"type":"if","locations":[{"start":{"line":66,"column":4},"end":{"line":68,"column":5}},{"start":{},"end":{}}]},"5":{"loc":{"start":{"line":66,"column":8},"end":{"line":66,"column":43}},"type":"binary-expr","locations":[{"start":{"line":66,"column":8},"end":{"line":66,"column":17}},{"start":{"line":66,"column":21},"end":{"line":66,"column":43}}]},"6":{"loc":{"start":{"line":69,"column":4},"end":{"line":71,"column":5}},"type":"if","locations":[{"start":{"line":69,"column":4},"end":{"line":71,"column":5}},{"start":{},"end":{}}]},"7":{"loc":{"start":{"line":72,"column":4},"end":{"line":74,"column":5}},"type":"if","locations":[{"start":{"line":72,"column":4},"end":{"line":74,"column":5}},{"start":{},"end":{}}]},"8":{"loc":{"start":{"line":78,"column":11},"end":{"line":81,"column":44}},"type":"binary-expr","locations":[{"start":{"line":78,"column":11},"end":{"line":78,"column":43}},{"start":{"line":79,"column":6},"end":{"line":79,"column":40}},{"start":{"line":80,"column":6},"end":{"line":80,"column":44}},{"start":{"line":81,"column":6},"end":{"line":81,"column":44}}]},"9":{"loc":{"start":{"line":89,"column":12},"end":{"line":89,"column":null}},"type":"binary-expr","locations":[{"start":{"line":89,"column":12},"end":{"line":89,"column":28}},{"start":{"line":89,"column":28},"end":{"line":89,"column":null}}]},"10":{"loc":{"start":{"line":99,"column":4},"end":{"line":101,"column":5}},"type":"if","locations":[{"start":{"line":99,"column":4},"end":{"line":101,"column":5}},{"start":{},"end":{}}]}},"s":{"0":18,"1":18,"2":18,"3":18,"4":18,"5":18,"6":14,"7":14,"8":14,"9":1,"10":0,"11":18,"12":18,"13":18,"14":18,"15":18,"16":18,"17":18,"18":18,"19":25,"20":25,"21":25,"22":1,"23":0,"24":18,"25":8,"26":8,"27":8,"28":8,"29":8,"30":8,"31":1,"32":7,"33":1,"34":6,"35":0,"36":0,"37":18,"38":18,"39":18,"40":18,"41":18,"42":18,"43":14,"44":14,"45":14,"46":0,"47":0,"48":18},"f":{"0":18,"1":14,"2":0,"3":18,"4":25,"5":0,"6":8,"7":0,"8":18,"9":14,"10":0},"b":{"0":[18,18],"1":[1,13],"2":[18,18],"3":[1,24],"4":[1,7],"5":[8,7],"6":[1,6],"7":[0,6],"8":[0,0,0,0],"9":[18,18],"10":[0,14]}}
}
