TN:
SF:.claude/worktrees/wf_32e416fd-7b7-10/src/domain/EvidenceDomain.ts
FN:5,(anonymous_0)
FN:11,(anonymous_1)
FN:17,(anonymous_2)
FN:23,(anonymous_3)
FNF:4
FNH:2
FNDA:0,(anonymous_0)
FNDA:9,(anonymous_1)
FNDA:0,(anonymous_2)
FNDA:5,(anonymous_3)
DA:1,2
DA:4,2
DA:5,0
DA:6,0
DA:10,2
DA:11,9
DA:12,9
DA:16,2
DA:17,0
DA:18,0
DA:22,2
DA:23,5
DA:24,5
LF:13
LH:9
BRF:0
BRH:0
end_of_record
TN:
SF:.claude/worktrees/wf_32e416fd-7b7-10/src/runtime/evidence/EvidencePipeline.ts
FN:6,(anonymous_0)
FN:13,(anonymous_1)
FN:21,(anonymous_2)
FN:22,(anonymous_3)
FNF:4
FNH:4
FNDA:8,(anonymous_0)
FNDA:8,(anonymous_1)
FNDA:19,(anonymous_2)
FNDA:2,(anonymous_3)
DA:3,1
DA:5,1
DA:7,8
DA:8,8
DA:9,8
DA:10,8
DA:14,8
DA:15,8
DA:17,8
DA:18,19
DA:20,19
DA:21,19
DA:22,19
DA:25,19
DA:28,4
DA:29,4
DA:30,1
DA:34,3
DA:35,3
DA:36,1
DA:39,2
DA:41,15
DA:42,15
DA:45,15
DA:46,1
DA:51,3
LF:26
LH:26
BRDA:9,0,0,0
BRDA:10,1,0,0
BRDA:29,2,0,1
BRDA:29,2,1,3
BRDA:35,3,0,1
BRDA:35,3,1,2
BRDA:41,4,0,15
BRDA:41,4,1,0
BRDA:45,5,0,1
BRDA:45,5,1,14
BRDA:51,6,0,3
BRDA:51,6,1,0
BRF:12
BRH:8
end_of_record
TN:
SF:.claude/worktrees/wf_32e416fd-7b7-10/src/runtime/evidence/EvidenceService.ts
FN:7,(anonymous_0)
FN:13,(anonymous_1)
FN:32,(anonymous_2)
FNF:3
FNH:2
FNDA:2,(anonymous_0)
FNDA:2,(anonymous_1)
FNDA:0,(anonymous_2)
DA:1,1
DA:6,1
DA:8,2
DA:9,2
DA:10,2
DA:19,2
DA:21,2
DA:22,1
DA:25,1
DA:26,1
DA:27,1
DA:29,1
DA:33,0
DA:34,0
LF:14
LH:12
BRDA:10,0,0,0
BRDA:21,1,0,1
BRDA:21,1,1,1
BRF:3
BRH:2
end_of_record
TN:
SF:.claude/worktrees/wf_32e416fd-7b7-10/src/shared/DomainBase.ts
FN:8,(anonymous_0)
FNF:1
FNH:1
FNDA:15,(anonymous_0)
DA:7,3
DA:9,15
DA:10,15
DA:11,15
DA:12,15
DA:13,15
DA:17,3
LF:7
LH:7
BRF:0
BRH:0
end_of_record
TN:
SF:.claude/worktrees/wf_32e416fd-7b7-10/src/shared/Result.ts
FN:6,(anonymous_0)
FN:12,(anonymous_1)
FNF:2
FNH:2
FNDA:2,(anonymous_0)
FNDA:6,(anonymous_1)
DA:3,1
DA:4,2
DA:5,2
DA:6,2
DA:9,1
DA:10,6
DA:11,6
DA:12,6
LF:8
LH:8
BRF:0
BRH:0
end_of_record
TN:
SF:.claude/worktrees/wf_32e416fd-7b7-11/src/domain/KnowledgeDomain.ts
FN:5,(anonymous_0)
FN:11,(anonymous_1)
FN:17,(anonymous_2)
FN:23,(anonymous_3)
FNF:4
FNH:2
FNDA:4,(anonymous_0)
FNDA:2,(anonymous_1)
FNDA:0,(anonymous_2)
FNDA:0,(anonymous_3)
DA:1,1
DA:4,1
DA:5,4
DA:6,4
DA:10,1
DA:11,2
DA:12,2
DA:16,1
DA:17,0
DA:18,0
DA:22,1
DA:23,0
DA:24,0
LF:13
LH:9
BRF:0
BRH:0
end_of_record
TN:
SF:.claude/worktrees/wf_32e416fd-7b7-11/src/runtime/knowledge/KnowledgePipeline.ts
FN:8,(anonymous_0)
FN:48,(anonymous_1)
FNF:2
FNH:2
FNDA:5,(anonymous_0)
FNDA:3,(anonymous_1)
DA:2,1
DA:4,1
DA:7,1
DA:9,5
DA:10,5
DA:11,2
DA:14,3
DA:15,3
DA:24,3
DA:31,3
DA:33,3
DA:42,3
DA:44,0
DA:49,3
DA:51,3
DA:52,1
DA:55,2
DA:56,2
LF:18
LH:17
BRDA:10,0,0,2
BRDA:10,0,1,3
BRDA:51,1,0,1
BRDA:51,1,1,2
BRF:4
BRH:4
end_of_record
TN:
SF:.claude/worktrees/wf_32e416fd-7b7-11/src/shared/DomainBase.ts
FN:8,(anonymous_0)
FNF:1
FNH:1
FNDA:7,(anonymous_0)
DA:7,2
DA:9,7
DA:10,7
DA:11,7
DA:12,7
DA:13,7
DA:17,2
LF:7
LH:7
BRF:0
BRH:0
end_of_record
TN:
SF:.claude/worktrees/wf_32e416fd-7b7-11/src/shared/Result.ts
FN:6,(anonymous_0)
FN:12,(anonymous_1)
FNF:2
FNH:2
FNDA:6,(anonymous_0)
FNDA:3,(anonymous_1)
DA:3,1
DA:4,6
DA:5,6
DA:6,6
DA:9,1
DA:10,3
DA:11,3
DA:12,3
LF:8
LH:8
BRF:0
BRH:0
end_of_record
TN:
SF:.claude/worktrees/wf_32e416fd-7b7-3/src/runtime/application/ApplicationService.ts
FN:10,(anonymous_0)
FN:17,(anonymous_1)
FN:40,(anonymous_2)
FNF:3
FNH:3
FNDA:4,(anonymous_0)
FNDA:4,(anonymous_1)
FNDA:2,(anonymous_2)
DA:3,1
DA:9,1
DA:11,4
DA:12,4
DA:13,4
DA:14,4
DA:18,4
DA:19,4
DA:20,4
DA:21,2
DA:24,2
DA:25,2
DA:26,0
DA:29,2
DA:34,2
DA:36,0
DA:41,2
DA:42,2
DA:44,2
DA:45,2
DA:46,1
DA:49,1
DA:51,0
DA:52,0
LF:24
LH:20
BRDA:20,0,0,2
BRDA:20,0,1,2
BRDA:25,1,0,0
BRDA:25,1,1,2
BRDA:36,2,0,0
BRDA:36,2,1,0
BRDA:45,3,0,1
BRDA:45,3,1,1
BRDA:51,4,0,0
BRDA:51,4,1,0
BRDA:52,5,0,0
BRDA:52,5,1,0
BRF:12
BRH:5
end_of_record
TN:
SF:.claude/worktrees/wf_32e416fd-7b7-3/src/shared/DomainBase.ts
FN:8,(anonymous_0)
FNF:1
FNH:1
FNDA:1,(anonymous_0)
DA:7,1
DA:9,1
DA:10,1
DA:11,1
DA:12,1
DA:13,1
DA:17,1
LF:7
LH:7
BRF:0
BRH:0
end_of_record
TN:
SF:.claude/worktrees/wf_32e416fd-7b7-3/src/shared/Result.ts
FN:6,(anonymous_0)
FN:12,(anonymous_1)
FNF:2
FNH:2
FNDA:3,(anonymous_0)
FNDA:3,(anonymous_1)
DA:3,1
DA:4,3
DA:5,3
DA:6,3
DA:9,1
DA:10,3
DA:11,3
DA:12,3
LF:8
LH:8
BRF:0
BRH:0
end_of_record
TN:
SF:.claude/worktrees/wf_32e416fd-7b7-4/src/domain/CompilationDomain.ts
FN:6,(anonymous_0)
FN:12,(anonymous_1)
FNF:2
FNH:2
FNDA:6,(anonymous_0)
FNDA:4,(anonymous_1)
DA:1,1
DA:5,1
DA:6,6
DA:7,6
DA:11,1
DA:12,4
DA:13,4
LF:7
LH:7
BRF:0
BRH:0
end_of_record
TN:
SF:.claude/worktrees/wf_32e416fd-7b7-4/src/domain/DecisionDomain.ts
FN:6,(anonymous_0)
FN:12,(anonymous_1)
FN:18,(anonymous_2)
FNF:3
FNH:1
FNDA:0,(anonymous_0)
FNDA:0,(anonymous_1)
FNDA:7,(anonymous_2)
DA:1,1
DA:5,1
DA:6,0
DA:7,0
DA:11,1
DA:12,0
DA:13,0
DA:17,1
DA:18,7
DA:19,7
LF:10
LH:6
BRF:0
BRH:0
end_of_record
TN:
SF:.claude/worktrees/wf_32e416fd-7b7-4/src/domain/EvidenceDomain.ts
FN:5,(anonymous_0)
FN:11,(anonymous_1)
FN:17,(anonymous_2)
FN:23,(anonymous_3)
FN:29,(anonymous_4)
FNF:5
FNH:3
FNDA:4,(anonymous_0)
FNDA:2,(anonymous_1)
FNDA:0,(anonymous_2)
FNDA:2,(anonymous_3)
FNDA:0,(anonymous_4)
DA:1,1
DA:4,1
DA:5,4
DA:6,4
DA:10,1
DA:11,2
DA:12,2
DA:16,1
DA:17,0
DA:18,0
DA:22,1
DA:23,2
DA:24,2
DA:28,1
DA:29,0
DA:30,0
LF:16
LH:12
BRF:0
BRH:0
end_of_record
TN:
SF:.claude/worktrees/wf_32e416fd-7b7-4/src/domain/KnowledgeDomain.ts
FN:5,(anonymous_0)
FN:11,(anonymous_1)
FN:17,(anonymous_2)
FN:23,(anonymous_3)
FNF:4
FNH:1
FNDA:2,(anonymous_0)
FNDA:0,(anonymous_1)
FNDA:0,(anonymous_2)
FNDA:0,(anonymous_3)
DA:1,1
DA:4,1
DA:5,2
DA:6,2
DA:10,1
DA:11,0
DA:12,0
DA:16,1
DA:17,0
DA:18,0
DA:22,1
DA:23,0
DA:24,0
LF:13
LH:7
BRF:0
BRH:0
end_of_record
TN:
SF:.claude/worktrees/wf_32e416fd-7b7-4/src/domain/TargetDomain.ts
FN:6,(anonymous_0)
FN:12,(anonymous_1)
FN:18,(anonymous_2)
FNF:3
FNH:3
FNDA:6,(anonymous_0)
FNDA:5,(anonymous_1)
FNDA:4,(anonymous_2)
DA:1,2
DA:5,2
DA:6,6
DA:7,6
DA:11,2
DA:12,5
DA:13,5
DA:17,2
DA:18,4
DA:19,4
LF:10
LH:10
BRF:0
BRH:0
end_of_record
TN:
SF:.claude/worktrees/wf_32e416fd-7b7-4/src/pipelines/Orchestrator.ts
FN:6,(anonymous_0)
FN:10,(anonymous_1)
FNF:2
FNH:2
FNDA:2,(anonymous_0)
FNDA:2,(anonymous_1)
DA:5,1
DA:7,2
DA:12,2
LF:3
LH:3
BRF:0
BRH:0
end_of_record
TN:
SF:.claude/worktrees/wf_32e416fd-7b7-4/src/runtime/application/ApplicationService.ts
FN:10,(anonymous_0)
FN:17,(anonymous_1)
FN:40,(anonymous_2)
FNF:3
FNH:3
FNDA:4,(anonymous_0)
FNDA:4,(anonymous_1)
FNDA:2,(anonymous_2)
DA:3,1
DA:9,1
DA:11,4
DA:12,4
DA:13,4
DA:14,4
DA:18,4
DA:19,4
DA:20,4
DA:21,2
DA:24,2
DA:25,2
DA:26,0
DA:29,2
DA:34,2
DA:36,0
DA:41,2
DA:42,2
DA:44,2
DA:45,2
DA:46,1
DA:49,1
DA:51,0
DA:52,0
LF:24
LH:20
BRDA:20,0,0,2
BRDA:20,0,1,2
BRDA:25,1,0,0
BRDA:25,1,1,2
BRDA:36,2,0,0
BRDA:36,2,1,0
BRDA:45,3,0,1
BRDA:45,3,1,1
BRDA:51,4,0,0
BRDA:51,4,1,0
BRDA:52,5,0,0
BRDA:52,5,1,0
BRF:12
BRH:5
end_of_record
TN:
SF:.claude/worktrees/wf_32e416fd-7b7-4/src/runtime/delivery/pipeline.ts
FN:17,(anonymous_0)
FN:19,(anonymous_1)
FN:26,(anonymous_2)
FNF:3
FNH:3
FNDA:4,(anonymous_0)
FNDA:4,(anonymous_1)
FNDA:3,(anonymous_2)
DA:2,1
DA:16,1
DA:17,4
DA:21,4
DA:22,1
DA:26,3
DA:29,3
DA:30,1
DA:34,2
DA:46,2
DA:56,2
LF:11
LH:11
BRDA:17,0,0,1
BRDA:21,1,0,1
BRDA:21,1,1,3
BRDA:21,2,0,4
BRDA:21,2,1,2
BRDA:29,3,0,1
BRDA:29,3,1,2
BRDA:29,4,0,3
BRDA:29,4,1,2
BRF:9
BRH:9
end_of_record
TN:
SF:.claude/worktrees/wf_32e416fd-7b7-4/src/runtime/knowledge/KnowledgePipeline.ts
FN:8,(anonymous_0)
FN:10,(anonymous_1)
FN:14,(anonymous_2)
FNF:3
FNH:3
FNDA:2,(anonymous_0)
FNDA:1,(anonymous_1)
FNDA:1,(anonymous_2)
DA:7,1
DA:8,2
DA:11,1
DA:15,1
LF:4
LH:4
BRF:0
BRH:0
end_of_record
TN:
SF:.claude/worktrees/wf_32e416fd-7b7-4/src/runtime/knowledge/KnowledgeService.ts
FN:8,(anonymous_0)
FN:14,(anonymous_1)
FN:53,(anonymous_2)
FN:62,(anonymous_3)
FNF:4
FNH:2
FNDA:2,(anonymous_0)
FNDA:2,(anonymous_1)
FNDA:0,(anonymous_2)
FNDA:0,(anonymous_3)
DA:2,1
DA:3,1
DA:7,1
DA:9,2
DA:10,2
DA:11,2
DA:15,2
DA:16,2
DA:17,2
DA:19,1
DA:20,1
DA:23,1
DA:29,1
DA:36,1
DA:45,1
DA:47,1
DA:49,0
DA:54,0
DA:55,0
DA:56,0
DA:58,0
DA:59,0
DA:62,0
DA:63,0
DA:64,0
DA:65,0
DA:68,0
DA:77,0
DA:79,0
DA:81,0
LF:30
LH:16
BRDA:17,0,0,1
BRDA:17,0,1,1
BRDA:20,1,0,0
BRDA:20,1,1,1
BRDA:25,2,0,1
BRDA:25,2,1,0
BRDA:31,3,0,1
BRDA:31,3,1,0
BRDA:56,4,0,0
BRDA:56,4,1,0
BRDA:59,5,0,0
BRDA:59,5,1,0
BRDA:63,6,0,0
BRDA:63,6,1,0
BRDA:64,7,0,0
BRDA:64,7,1,0
BRF:16
BRH:5
end_of_record
TN:
SF:.claude/worktrees/wf_32e416fd-7b7-4/src/runtime/target/TargetPipeline.ts
FN:16,(anonymous_0)
FN:21,(anonymous_1)
FNF:2
FNH:2
FNDA:7,(anonymous_0)
FNDA:7,(anonymous_1)
DA:2,1
DA:6,1
DA:13,1
DA:14,7
DA:17,7
DA:18,7
DA:22,7
DA:24,7
DA:25,0
DA:28,7
DA:29,1
DA:32,6
DA:34,6
DA:36,7
DA:37,0
DA:40,7
DA:42,7
DA:43,1
DA:46,6
DA:49,6
DA:50,6
DA:51,1
DA:55,5
DA:56,1
DA:60,3
DA:61,0
DA:65,3
DA:66,1
DA:69,2
LF:29
LH:26
BRDA:24,0,0,0
BRDA:24,0,1,7
BRDA:24,1,0,7
BRDA:24,1,1,7
BRDA:28,2,0,1
BRDA:28,2,1,6
BRDA:36,3,0,0
BRDA:36,3,1,7
BRDA:42,4,0,1
BRDA:42,4,1,6
BRDA:50,5,0,1
BRDA:50,5,1,5
BRDA:55,6,0,1
BRDA:55,6,1,4
BRDA:55,7,0,5
BRDA:55,7,1,5
BRDA:60,8,0,0
BRDA:60,8,1,3
BRDA:65,9,0,1
BRDA:65,9,1,2
BRF:20
BRH:17
end_of_record
TN:
SF:.claude/worktrees/wf_32e416fd-7b7-4/src/services/PipelineApplicationService.ts
FN:19,(anonymous_0)
FN:30,(anonymous_1)
FNF:2
FNH:2
FNDA:3,(anonymous_0)
FNDA:3,(anonymous_1)
DA:2,1
DA:18,1
DA:20,3
DA:21,3
DA:22,3
DA:23,3
DA:24,3
DA:25,3
DA:26,3
DA:27,3
DA:31,3
DA:32,3
DA:34,2
DA:35,2
DA:37,1
DA:38,1
DA:40,1
DA:41,1
DA:43,1
DA:44,1
DA:46,1
DA:47,1
DA:49,1
DA:50,1
DA:53,1
DA:54,1
DA:56,1
LF:27
LH:27
BRDA:32,0,0,1
BRDA:32,0,1,2
BRDA:35,1,0,1
BRDA:35,1,1,1
BRDA:38,2,0,0
BRDA:38,2,1,1
BRDA:41,3,0,0
BRDA:41,3,1,1
BRDA:44,4,0,0
BRDA:44,4,1,1
BRDA:47,5,0,0
BRDA:47,5,1,1
BRDA:50,6,0,0
BRDA:50,6,1,1
BRDA:54,7,0,0
BRDA:54,7,1,1
BRF:16
BRH:10
end_of_record
TN:
SF:.claude/worktrees/wf_32e416fd-7b7-4/src/shared/DomainBase.ts
FN:8,(anonymous_0)
FNF:1
FNH:1
FNDA:43,(anonymous_0)
DA:7,4
DA:9,43
DA:10,43
DA:11,43
DA:12,43
DA:13,43
DA:17,4
LF:7
LH:7
BRF:0
BRH:0
end_of_record
TN:
SF:.claude/worktrees/wf_32e416fd-7b7-4/src/shared/Result.ts
FN:6,(anonymous_0)
FN:12,(anonymous_1)
FNF:2
FNH:2
FNDA:42,(anonymous_0)
FNDA:15,(anonymous_1)
DA:3,6
DA:4,42
DA:5,42
DA:6,42
DA:9,6
DA:10,15
DA:11,15
DA:12,15
LF:8
LH:8
BRF:0
BRH:0
end_of_record
TN:
SF:.claude/worktrees/wf_32e416fd-7b7-4/src/validators/EntityValidators.ts
FN:11,pass
FN:15,(anonymous_1)
FN:16,(anonymous_2)
FN:17,(anonymous_3)
FN:18,(anonymous_4)
FN:20,(anonymous_5)
FN:21,(anonymous_6)
FN:22,(anonymous_7)
FN:24,(anonymous_8)
FN:25,(anonymous_9)
FN:26,(anonymous_10)
FN:28,(anonymous_11)
FN:29,(anonymous_12)
FN:31,(anonymous_13)
FN:32,(anonymous_14)
FN:33,(anonymous_15)
FN:34,(anonymous_16)
FN:36,(anonymous_17)
FN:37,(anonymous_18)
FN:41,(anonymous_19)
FN:42,(anonymous_20)
FNF:21
FNH:2
FNDA:5,pass
FNDA:0,(anonymous_1)
FNDA:0,(anonymous_2)
FNDA:0,(anonymous_3)
FNDA:0,(anonymous_4)
FNDA:0,(anonymous_5)
FNDA:0,(anonymous_6)
FNDA:0,(anonymous_7)
FNDA:5,(anonymous_8)
FNDA:0,(anonymous_9)
FNDA:0,(anonymous_10)
FNDA:0,(anonymous_11)
FNDA:0,(anonymous_12)
FNDA:0,(anonymous_13)
FNDA:0,(anonymous_14)
FNDA:0,(anonymous_15)
FNDA:0,(anonymous_16)
FNDA:0,(anonymous_17)
FNDA:0,(anonymous_18)
FNDA:0,(anonymous_19)
FNDA:0,(anonymous_20)
DA:12,5
DA:15,1
DA:16,1
DA:17,1
DA:18,1
DA:20,1
DA:21,1
DA:22,1
DA:24,5
DA:25,1
DA:26,1
DA:28,1
DA:29,1
DA:31,1
DA:32,1
DA:33,1
DA:34,1
DA:36,1
DA:37,1
DA:41,1
DA:42,1
LF:21
LH:21
BRF:0
BRH:0
end_of_record
TN:
SF:.claude/worktrees/wf_32e416fd-7b7-5/src/pipelines/Orchestrator.ts
FN:6,(anonymous_0)
FN:10,(anonymous_1)
FNF:2
FNH:2
FNDA:2,(anonymous_0)
FNDA:2,(anonymous_1)
DA:5,1
DA:7,2
DA:12,2
LF:3
LH:3
BRF:0
BRH:0
end_of_record
TN:
SF:.claude/worktrees/wf_32e416fd-7b7-5/src/services/PipelineApplicationService.ts
FN:19,(anonymous_0)
FN:30,(anonymous_1)
FNF:2
FNH:2
FNDA:3,(anonymous_0)
FNDA:3,(anonymous_1)
DA:2,1
DA:18,1
DA:20,3
DA:21,3
DA:22,3
DA:23,3
DA:24,3
DA:25,3
DA:26,3
DA:27,3
DA:31,3
DA:32,3
DA:34,2
DA:35,2
DA:37,1
DA:38,1
DA:40,1
DA:41,1
DA:43,1
DA:44,1
DA:46,1
DA:47,1
DA:49,1
DA:50,1
DA:53,1
DA:54,1
DA:56,1
LF:27
LH:27
BRDA:32,0,0,1
BRDA:32,0,1,2
BRDA:35,1,0,1
BRDA:35,1,1,1
BRDA:38,2,0,0
BRDA:38,2,1,1
BRDA:41,3,0,0
BRDA:41,3,1,1
BRDA:44,4,0,0
BRDA:44,4,1,1
BRDA:47,5,0,0
BRDA:47,5,1,1
BRDA:50,6,0,0
BRDA:50,6,1,1
BRDA:54,7,0,0
BRDA:54,7,1,1
BRF:16
BRH:10
end_of_record
TN:
SF:.claude/worktrees/wf_32e416fd-7b7-5/src/shared/DomainBase.ts
FN:8,(anonymous_0)
FNF:1
FNH:1
FNDA:1,(anonymous_0)
DA:7,1
DA:9,1
DA:10,1
DA:11,1
DA:12,1
DA:13,1
DA:17,1
LF:7
LH:7
BRF:0
BRH:0
end_of_record
TN:
SF:.claude/worktrees/wf_32e416fd-7b7-5/src/shared/Result.ts
FN:6,(anonymous_0)
FN:12,(anonymous_1)
FNF:2
FNH:2
FNDA:26,(anonymous_0)
FNDA:5,(anonymous_1)
DA:3,2
DA:4,26
DA:5,26
DA:6,26
DA:9,2
DA:10,5
DA:11,5
DA:12,5
LF:8
LH:8
BRF:0
BRH:0
end_of_record
TN:
SF:.claude/worktrees/wf_32e416fd-7b7-6/src/domain/CompilationDomain.ts
FN:6,(anonymous_0)
FN:12,(anonymous_1)
FNF:2
FNH:1
FNDA:0,(anonymous_0)
FNDA:1,(anonymous_1)
DA:1,1
DA:5,1
DA:6,0
DA:7,0
DA:11,1
DA:12,1
DA:13,1
LF:7
LH:5
BRF:0
BRH:0
end_of_record
TN:
SF:.claude/worktrees/wf_32e416fd-7b7-6/src/domain/DecisionDomain.ts
FN:6,(anonymous_0)
FN:12,(anonymous_1)
FN:18,(anonymous_2)
FNF:3
FNH:2
FNDA:1,(anonymous_0)
FNDA:0,(anonymous_1)
FNDA:1,(anonymous_2)
DA:1,1
DA:5,1
DA:6,1
DA:7,1
DA:11,1
DA:12,0
DA:13,0
DA:17,1
DA:18,1
DA:19,1
LF:10
LH:8
BRF:0
BRH:0
end_of_record
TN:
SF:.claude/worktrees/wf_32e416fd-7b7-6/src/domain/EvidenceDomain.ts
FN:5,(anonymous_0)
FN:11,(anonymous_1)
FN:17,(anonymous_2)
FN:23,(anonymous_3)
FNF:4
FNH:1
FNDA:0,(anonymous_0)
FNDA:0,(anonymous_1)
FNDA:0,(anonymous_2)
FNDA:1,(anonymous_3)
DA:1,1
DA:4,1
DA:5,0
DA:6,0
DA:10,1
DA:11,0
DA:12,0
DA:16,1
DA:17,0
DA:18,0
DA:22,1
DA:23,1
DA:24,1
LF:13
LH:7
BRF:0
BRH:0
end_of_record
TN:
SF:.claude/worktrees/wf_32e416fd-7b7-6/src/domain/KnowledgeDomain.ts
FN:5,(anonymous_0)
FN:11,(anonymous_1)
FN:17,(anonymous_2)
FN:23,(anonymous_3)
FNF:4
FNH:1
FNDA:0,(anonymous_0)
FNDA:1,(anonymous_1)
FNDA:0,(anonymous_2)
FNDA:0,(anonymous_3)
DA:1,1
DA:4,1
DA:5,0
DA:6,0
DA:10,1
DA:11,1
DA:12,1
DA:16,1
DA:17,0
DA:18,0
DA:22,1
DA:23,0
DA:24,0
LF:13
LH:7
BRF:0
BRH:0
end_of_record
TN:
SF:.claude/worktrees/wf_32e416fd-7b7-6/src/domain/TargetDomain.ts
FN:6,(anonymous_0)
FN:12,(anonymous_1)
FN:18,(anonymous_2)
FNF:3
FNH:2
FNDA:0,(anonymous_0)
FNDA:1,(anonymous_1)
FNDA:1,(anonymous_2)
DA:1,1
DA:5,1
DA:6,0
DA:7,0
DA:11,1
DA:12,1
DA:13,1
DA:17,1
DA:18,1
DA:19,1
LF:10
LH:8
BRF:0
BRH:0
end_of_record
TN:
SF:.claude/worktrees/wf_32e416fd-7b7-6/src/pipelines/Orchestrator.ts
FN:6,(anonymous_0)
FN:17,(anonymous_1)
FNF:2
FNH:2
FNDA:2,(anonymous_0)
FNDA:2,(anonymous_1)
DA:2,1
DA:5,1
DA:7,2
DA:8,2
DA:9,2
DA:10,2
DA:11,2
DA:12,2
DA:13,2
DA:14,2
DA:21,2
DA:22,2
DA:23,1
DA:26,1
DA:27,1
DA:28,1
DA:31,1
DA:32,1
DA:33,1
DA:36,1
DA:37,1
DA:38,1
DA:41,1
DA:42,1
DA:43,1
DA:46,1
DA:47,1
DA:48,1
DA:51,1
DA:52,1
DA:53,1
DA:56,1
DA:57,1
DA:59,1
LF:34
LH:34
BRDA:22,0,0,1
BRDA:22,0,1,1
BRDA:27,1,0,0
BRDA:27,1,1,1
BRDA:32,2,0,0
BRDA:32,2,1,1
BRDA:37,3,0,0
BRDA:37,3,1,1
BRDA:42,4,0,0
BRDA:42,4,1,1
BRDA:47,5,0,0
BRDA:47,5,1,1
BRDA:52,6,0,0
BRDA:52,6,1,1
BRDA:57,7,0,0
BRDA:57,7,1,1
BRF:16
BRH:9
end_of_record
TN:
SF:.claude/worktrees/wf_32e416fd-7b7-6/src/shared/DomainBase.ts
FN:8,(anonymous_0)
FNF:1
FNH:1
FNDA:8,(anonymous_0)
DA:7,2
DA:9,8
DA:10,8
DA:11,8
DA:12,8
DA:13,8
DA:17,2
LF:7
LH:7
BRF:0
BRH:0
end_of_record
TN:
SF:.claude/worktrees/wf_32e416fd-7b7-6/src/shared/Result.ts
FN:6,(anonymous_0)
FN:12,(anonymous_1)
FNF:2
FNH:2
FNDA:10,(anonymous_0)
FNDA:2,(anonymous_1)
DA:3,1
DA:4,10
DA:5,10
DA:6,10
DA:9,1
DA:10,2
DA:11,2
DA:12,2
LF:8
LH:8
BRF:0
BRH:0
end_of_record
TN:
SF:.claude/worktrees/wf_32e416fd-7b7-7/src/shared/DomainBase.ts
FN:8,(anonymous_0)
FNF:1
FNH:1
FNDA:1,(anonymous_0)
DA:7,1
DA:9,1
DA:10,1
DA:11,1
DA:12,1
DA:13,1
DA:17,1
LF:7
LH:7
BRF:0
BRH:0
end_of_record
TN:
SF:.claude/worktrees/wf_32e416fd-7b7-8/src/domain/DecisionDomain.ts
FN:6,(anonymous_0)
FN:12,(anonymous_1)
FN:18,(anonymous_2)
FNF:3
FNH:1
FNDA:0,(anonymous_0)
FNDA:0,(anonymous_1)
FNDA:7,(anonymous_2)
DA:1,1
DA:5,1
DA:6,0
DA:7,0
DA:11,1
DA:12,0
DA:13,0
DA:17,1
DA:18,7
DA:19,7
LF:10
LH:6
BRF:0
BRH:0
end_of_record
TN:
SF:.claude/worktrees/wf_32e416fd-7b7-8/src/domain/TargetDomain.ts
FN:6,(anonymous_0)
FN:12,(anonymous_1)
FN:18,(anonymous_2)
FNF:3
FNH:2
FNDA:6,(anonymous_0)
FNDA:5,(anonymous_1)
FNDA:0,(anonymous_2)
DA:1,1
DA:5,1
DA:6,6
DA:7,6
DA:11,1
DA:12,5
DA:13,5
DA:17,1
DA:18,0
DA:19,0
LF:10
LH:8
BRF:0
BRH:0
end_of_record
TN:
SF:.claude/worktrees/wf_32e416fd-7b7-8/src/runtime/target/TargetPipeline.ts
FN:16,(anonymous_0)
FN:21,(anonymous_1)
FNF:2
FNH:2
FNDA:7,(anonymous_0)
FNDA:7,(anonymous_1)
DA:2,1
DA:6,1
DA:13,1
DA:14,7
DA:17,7
DA:18,7
DA:22,7
DA:24,7
DA:25,0
DA:28,7
DA:29,1
DA:32,6
DA:34,6
DA:36,7
DA:37,0
DA:40,7
DA:42,7
DA:43,1
DA:46,6
DA:49,6
DA:50,6
DA:51,1
DA:55,5
DA:56,1
DA:60,3
DA:61,0
DA:65,3
DA:66,1
DA:69,2
LF:29
LH:26
BRDA:24,0,0,0
BRDA:24,0,1,7
BRDA:24,1,0,7
BRDA:24,1,1,7
BRDA:28,2,0,1
BRDA:28,2,1,6
BRDA:36,3,0,0
BRDA:36,3,1,7
BRDA:42,4,0,1
BRDA:42,4,1,6
BRDA:50,5,0,1
BRDA:50,5,1,5
BRDA:55,6,0,1
BRDA:55,6,1,4
BRDA:55,7,0,5
BRDA:55,7,1,5
BRDA:60,8,0,0
BRDA:60,8,1,3
BRDA:65,9,0,1
BRDA:65,9,1,2
BRF:20
BRH:17
end_of_record
TN:
SF:.claude/worktrees/wf_32e416fd-7b7-8/src/shared/DomainBase.ts
FN:8,(anonymous_0)
FNF:1
FNH:1
FNDA:19,(anonymous_0)
DA:7,2
DA:9,19
DA:10,19
DA:11,19
DA:12,19
DA:13,19
DA:17,2
LF:7
LH:7
BRF:0
BRH:0
end_of_record
TN:
SF:.claude/worktrees/wf_32e416fd-7b7-8/src/shared/Result.ts
FN:6,(anonymous_0)
FN:12,(anonymous_1)
FNF:2
FNH:2
FNDA:8,(anonymous_0)
FNDA:6,(anonymous_1)
DA:3,1
DA:4,8
DA:5,8
DA:6,8
DA:9,1
DA:10,6
DA:11,6
DA:12,6
LF:8
LH:8
BRF:0
BRH:0
end_of_record
TN:
SF:.claude/worktrees/wf_32e416fd-7b7-8/src/validators/EntityValidators.ts
FN:11,pass
FN:15,(anonymous_1)
FN:16,(anonymous_2)
FN:17,(anonymous_3)
FN:18,(anonymous_4)
FN:20,(anonymous_5)
FN:21,(anonymous_6)
FN:22,(anonymous_7)
FN:24,(anonymous_8)
FN:25,(anonymous_9)
FN:26,(anonymous_10)
FN:28,(anonymous_11)
FN:29,(anonymous_12)
FN:31,(anonymous_13)
FN:32,(anonymous_14)
FN:33,(anonymous_15)
FN:34,(anonymous_16)
FN:36,(anonymous_17)
FN:37,(anonymous_18)
FNF:19
FNH:2
FNDA:5,pass
FNDA:0,(anonymous_1)
FNDA:0,(anonymous_2)
FNDA:0,(anonymous_3)
FNDA:0,(anonymous_4)
FNDA:0,(anonymous_5)
FNDA:0,(anonymous_6)
FNDA:0,(anonymous_7)
FNDA:5,(anonymous_8)
FNDA:0,(anonymous_9)
FNDA:0,(anonymous_10)
FNDA:0,(anonymous_11)
FNDA:0,(anonymous_12)
FNDA:0,(anonymous_13)
FNDA:0,(anonymous_14)
FNDA:0,(anonymous_15)
FNDA:0,(anonymous_16)
FNDA:0,(anonymous_17)
FNDA:0,(anonymous_18)
DA:12,5
DA:15,1
DA:16,1
DA:17,1
DA:18,1
DA:20,1
DA:21,1
DA:22,1
DA:24,5
DA:25,1
DA:26,1
DA:28,1
DA:29,1
DA:31,1
DA:32,1
DA:33,1
DA:34,1
DA:36,1
DA:37,1
LF:19
LH:19
BRF:0
BRH:0
end_of_record
TN:
SF:.claude/worktrees/wf_32e416fd-7b7-9/src/domain/CompilationDomain.ts
FN:6,(anonymous_0)
FN:12,(anonymous_1)
FNF:2
FNH:2
FNDA:6,(anonymous_0)
FNDA:4,(anonymous_1)
DA:1,1
DA:5,1
DA:6,6
DA:7,6
DA:11,1
DA:12,4
DA:13,4
LF:7
LH:7
BRF:0
BRH:0
end_of_record
TN:
SF:.claude/worktrees/wf_32e416fd-7b7-9/src/domain/EvidenceDomain.ts
FN:5,(anonymous_0)
FN:11,(anonymous_1)
FN:17,(anonymous_2)
FN:23,(anonymous_3)
FN:29,(anonymous_4)
FNF:5
FNH:3
FNDA:4,(anonymous_0)
FNDA:2,(anonymous_1)
FNDA:0,(anonymous_2)
FNDA:2,(anonymous_3)
FNDA:0,(anonymous_4)
DA:1,1
DA:4,1
DA:5,4
DA:6,4
DA:10,1
DA:11,2
DA:12,2
DA:16,1
DA:17,0
DA:18,0
DA:22,1
DA:23,2
DA:24,2
DA:28,1
DA:29,0
DA:30,0
LF:16
LH:12
BRF:0
BRH:0
end_of_record
TN:
SF:.claude/worktrees/wf_32e416fd-7b7-9/src/domain/TargetDomain.ts
FN:6,(anonymous_0)
FN:12,(anonymous_1)
FN:18,(anonymous_2)
FNF:3
FNH:1
FNDA:0,(anonymous_0)
FNDA:0,(anonymous_1)
FNDA:4,(anonymous_2)
DA:1,1
DA:5,1
DA:6,0
DA:7,0
DA:11,1
DA:12,0
DA:13,0
DA:17,1
DA:18,4
DA:19,4
LF:10
LH:6
BRF:0
BRH:0
end_of_record
TN:
SF:.claude/worktrees/wf_32e416fd-7b7-9/src/runtime/delivery/pipeline.ts
FN:17,(anonymous_0)
FN:19,(anonymous_1)
FN:26,(anonymous_2)
FNF:3
FNH:3
FNDA:4,(anonymous_0)
FNDA:4,(anonymous_1)
FNDA:3,(anonymous_2)
DA:2,1
DA:16,1
DA:17,4
DA:21,4
DA:22,1
DA:26,3
DA:29,3
DA:30,1
DA:34,2
DA:46,2
DA:56,2
LF:11
LH:11
BRDA:17,0,0,1
BRDA:21,1,0,1
BRDA:21,1,1,3
BRDA:21,2,0,4
BRDA:21,2,1,2
BRDA:29,3,0,1
BRDA:29,3,1,2
BRDA:29,4,0,3
BRDA:29,4,1,2
BRF:9
BRH:9
end_of_record
TN:
SF:.claude/worktrees/wf_32e416fd-7b7-9/src/shared/DomainBase.ts
FN:8,(anonymous_0)
FNF:1
FNH:1
FNDA:23,(anonymous_0)
DA:7,2
DA:9,23
DA:10,23
DA:11,23
DA:12,23
DA:13,23
DA:17,2
LF:7
LH:7
BRF:0
BRH:0
end_of_record
TN:
SF:src/domain/CompilationDomain.ts
FN:8,(anonymous_0)
FN:14,(anonymous_1)
FNF:2
FNH:2
FNDA:15,(anonymous_0)
FNDA:14,(anonymous_1)
DA:1,5
DA:7,5
DA:8,15
DA:9,15
DA:13,5
DA:20,14
DA:21,14
DA:22,14
DA:23,14
DA:24,14
DA:26,14
LF:11
LH:11
BRF:0
BRH:0
end_of_record
TN:
SF:src/domain/DecisionDomain.ts
FN:8,(anonymous_0)
FN:29,(anonymous_1)
FN:52,(anonymous_2)
FNF:3
FNH:3
FNDA:24,(anonymous_0)
FNDA:50,(anonymous_1)
FNDA:6,(anonymous_2)
DA:1,7
DA:7,7
DA:14,24
DA:15,24
DA:16,24
DA:17,24
DA:18,24
DA:19,24
DA:20,24
DA:21,24
DA:22,24
DA:24,24
DA:28,7
DA:35,50
DA:36,50
DA:37,50
DA:38,50
DA:39,50
DA:40,50
DA:41,50
DA:42,50
DA:43,50
DA:44,50
DA:45,50
DA:47,50
DA:51,7
DA:58,6
DA:59,6
DA:61,6
LF:29
LH:29
BRF:0
BRH:0
end_of_record
TN:
SF:src/domain/DeliveryDomain.ts
FN:7,(anonymous_0)
FNF:1
FNH:1
FNDA:6,(anonymous_0)
DA:1,4
DA:6,4
DA:13,6
DA:14,6
DA:15,6
DA:16,6
DA:18,6
LF:7
LH:7
BRF:0
BRH:0
end_of_record
TN:
SF:src/domain/EvidenceDomain.ts
FN:6,(anonymous_0)
FN:12,(anonymous_1)
FN:18,(anonymous_2)
FN:24,(anonymous_3)
FNF:4
FNH:3
FNDA:0,(anonymous_0)
FNDA:4,(anonymous_1)
FNDA:2,(anonymous_2)
FNDA:3,(anonymous_3)
DA:1,3
DA:5,3
DA:6,0
DA:7,0
DA:11,3
DA:12,4
DA:13,4
DA:17,3
DA:18,2
DA:19,2
DA:23,3
DA:24,3
DA:25,3
LF:13
LH:11
BRF:0
BRH:0
end_of_record
TN:
SF:src/domain/GovernanceDomain.ts
FN:5,(anonymous_0)
FN:11,(anonymous_1)
FNF:2
FNH:1
FNDA:0,(anonymous_0)
FNDA:9,(anonymous_1)
DA:1,4
DA:4,4
DA:5,0
DA:6,0
DA:10,4
DA:11,9
DA:12,9
LF:7
LH:5
BRF:0
BRH:0
end_of_record
TN:
SF:src/domain/KnowledgeDomain.ts
FN:7,(anonymous_0)
FN:22,(anonymous_1)
FN:40,(anonymous_2)
FN:53,(anonymous_3)
FNF:4
FNH:1
FNDA:0,(anonymous_0)
FNDA:6,(anonymous_1)
FNDA:0,(anonymous_2)
FNDA:0,(anonymous_3)
DA:1,3
DA:6,3
DA:13,0
DA:14,0
DA:15,0
DA:17,0
DA:21,3
DA:28,6
DA:29,6
DA:30,6
DA:31,6
DA:32,6
DA:33,6
DA:35,6
DA:39,3
DA:46,0
DA:48,0
DA:52,3
DA:59,0
DA:61,0
LF:20
LH:12
BRF:0
BRH:0
end_of_record
TN:
SF:src/domain/TargetDomain.ts
FN:11,(anonymous_0)
FN:35,(anonymous_1)
FN:59,(anonymous_2)
FNF:3
FNH:3
FNDA:13,(anonymous_0)
FNDA:23,(anonymous_1)
FNDA:7,(anonymous_2)
DA:1,7
DA:10,7
DA:17,13
DA:18,13
DA:20,13
DA:34,7
DA:41,23
DA:42,23
DA:43,23
DA:44,23
DA:45,23
DA:46,23
DA:47,23
DA:48,23
DA:50,23
DA:58,7
DA:65,7
DA:66,7
DA:68,7
LF:19
LH:19
BRF:0
BRH:0
end_of_record
TN:
SF:src/pipelines/CompilationPipeline.ts
FN:9,(anonymous_0)
FN:11,(anonymous_1)
FN:16,(anonymous_2)
FNF:3
FNH:3
FNDA:2,(anonymous_0)
FNDA:1,(anonymous_1)
FNDA:2,(anonymous_2)
DA:8,2
DA:9,2
DA:12,1
DA:17,2
LF:4
LH:4
BRF:0
BRH:0
end_of_record
TN:
SF:src/pipelines/DecisionPipeline.ts
FN:12,(anonymous_0)
FN:14,(anonymous_1)
FN:60,(anonymous_2)
FNF:3
FNH:3
FNDA:5,(anonymous_0)
FNDA:1,(anonymous_1)
FNDA:4,(anonymous_2)
DA:1,2
DA:2,2
DA:4,2
DA:8,2
DA:11,2
DA:12,5
DA:15,1
DA:16,0
DA:23,1
DA:24,1
DA:25,1
DA:27,1
DA:46,1
DA:56,1
DA:61,4
LF:15
LH:14
BRDA:15,0,0,0
BRDA:15,0,1,1
BRDA:15,1,0,1
BRDA:15,1,1,1
BRF:4
BRH:3
end_of_record
TN:
SF:src/pipelines/DeliveryPipeline.ts
FN:10,(anonymous_0)
FN:12,(anonymous_1)
FNF:2
FNH:2
FNDA:1,(anonymous_0)
FNDA:1,(anonymous_1)
DA:3,1
DA:9,1
DA:10,1
DA:13,1
DA:14,1
DA:15,1
DA:17,0
LF:7
LH:6
BRDA:17,0,0,0
BRDA:17,0,1,0
BRF:2
BRH:0
end_of_record
TN:
SF:src/pipelines/EvidencePipeline.ts
FN:12,(anonymous_0)
FN:14,(anonymous_1)
FN:25,(anonymous_2)
FNF:3
FNH:3
FNDA:2,(anonymous_0)
FNDA:1,(anonymous_1)
FNDA:1,(anonymous_2)
DA:11,2
DA:12,2
DA:15,1
DA:18,1
DA:21,1
DA:26,1
LF:6
LH:6
BRF:0
BRH:0
end_of_record
TN:
SF:src/pipelines/KnowledgePipeline.ts
FN:10,(anonymous_0)
FN:12,(anonymous_1)
FN:28,(anonymous_2)
FN:57,(anonymous_3)
FN:66,(anonymous_4)
FNF:5
FNH:3
FNDA:2,(anonymous_0)
FNDA:0,(anonymous_1)
FNDA:1,(anonymous_2)
FNDA:0,(anonymous_3)
FNDA:1,(anonymous_4)
DA:1,2
DA:2,2
DA:6,2
DA:7,2
DA:9,2
DA:10,2
DA:13,0
DA:23,0
DA:24,0
DA:25,0
DA:29,1
DA:49,1
DA:50,1
DA:52,1
DA:58,0
DA:59,0
DA:60,0
DA:63,0
DA:67,1
DA:68,1
DA:69,0
DA:72,1
LF:22
LH:13
BRDA:24,0,0,0
BRDA:24,0,1,0
BRDA:50,1,0,0
BRDA:50,1,1,1
BRDA:59,2,0,0
BRDA:59,2,1,0
BRDA:68,3,0,0
BRDA:68,3,1,1
BRF:8
BRH:2
end_of_record
TN:
SF:src/pipelines/Orchestrator.ts
FN:6,(anonymous_0)
FN:10,(anonymous_1)
FNF:2
FNH:2
FNDA:2,(anonymous_0)
FNDA:2,(anonymous_1)
DA:5,1
DA:7,2
DA:12,2
LF:3
LH:3
BRF:0
BRH:0
end_of_record
TN:
SF:src/pipelines/OutputPipeline.ts
FN:12,(anonymous_0)
FN:14,(anonymous_1)
FN:22,(anonymous_2)
FN:59,(anonymous_3)
FNF:4
FNH:4
FNDA:2,(anonymous_0)
FNDA:1,(anonymous_1)
FNDA:3,(anonymous_2)
FNDA:1,(anonymous_3)
DA:1,2
DA:3,2
DA:7,2
DA:8,2
DA:11,2
DA:12,2
DA:15,1
DA:21,1
DA:22,1
DA:23,3
DA:29,1
DA:30,1
DA:31,0
DA:34,0
DA:46,0
DA:49,1
DA:50,1
DA:51,1
DA:52,1
DA:53,0
DA:55,1
DA:60,1
LF:22
LH:18
BRDA:21,0,0,1
BRDA:21,0,1,0
BRDA:21,1,0,1
BRDA:21,1,1,1
BRDA:30,2,0,0
BRDA:30,2,1,1
BRDA:52,3,0,0
BRDA:52,3,1,1
BRF:8
BRH:5
end_of_record
TN:
SF:src/pipelines/ReasoningPipeline.ts
FN:10,(anonymous_0)
FN:12,(anonymous_1)
FN:22,(anonymous_2)
FNF:3
FNH:3
FNDA:2,(anonymous_0)
FNDA:1,(anonymous_1)
FNDA:1,(anonymous_2)
DA:3,2
DA:5,2
DA:9,2
DA:10,2
DA:13,1
DA:14,1
DA:15,1
DA:16,0
DA:18,1
DA:23,1
LF:10
LH:9
BRDA:15,0,0,0
BRDA:15,0,1,1
BRF:2
BRH:1
end_of_record
TN:
SF:src/pipelines/TargetPipeline.ts
FN:12,(anonymous_0)
FN:14,(anonymous_1)
FN:28,(anonymous_2)
FNF:3
FNH:3
FNDA:2,(anonymous_0)
FNDA:1,(anonymous_1)
FNDA:1,(anonymous_2)
DA:4,2
DA:5,2
DA:11,2
DA:12,2
DA:15,1
DA:16,1
DA:17,1
DA:18,1
DA:20,1
DA:21,1
DA:22,1
DA:24,1
DA:29,1
LF:13
LH:13
BRDA:16,0,0,1
BRDA:16,0,1,0
BRDA:18,1,0,0
BRDA:18,1,1,1
BRF:4
BRH:2
end_of_record
TN:
SF:src/runtime/application/ApplicationService.ts
FN:10,(anonymous_0)
FN:17,(anonymous_1)
FN:40,(anonymous_2)
FNF:3
FNH:3
FNDA:4,(anonymous_0)
FNDA:4,(anonymous_1)
FNDA:2,(anonymous_2)
DA:3,1
DA:9,1
DA:11,4
DA:12,4
DA:13,4
DA:14,4
DA:18,4
DA:19,4
DA:20,4
DA:21,2
DA:24,2
DA:25,2
DA:26,0
DA:29,2
DA:34,2
DA:36,0
DA:41,2
DA:42,2
DA:44,2
DA:45,2
DA:46,1
DA:49,1
DA:51,0
DA:52,0
LF:24
LH:20
BRDA:20,0,0,2
BRDA:20,0,1,2
BRDA:25,1,0,0
BRDA:25,1,1,2
BRDA:36,2,0,0
BRDA:36,2,1,0
BRDA:45,3,0,1
BRDA:45,3,1,1
BRDA:51,4,0,0
BRDA:51,4,1,0
BRDA:52,5,0,0
BRDA:52,5,1,0
BRF:12
BRH:5
end_of_record
TN:
SF:src/runtime/compilation/CompilationService.ts
FN:12,(anonymous_0)
FN:22,(anonymous_1)
FN:44,(anonymous_2)
FNF:3
FNH:3
FNDA:3,(anonymous_0)
FNDA:3,(anonymous_1)
FNDA:2,(anonymous_2)
DA:3,2
DA:4,2
DA:5,2
DA:11,2
DA:13,3
DA:14,3
DA:15,3
DA:16,3
DA:17,3
DA:18,3
DA:19,3
DA:23,3
DA:24,3
DA:25,3
DA:26,1
DA:28,2
DA:29,2
DA:30,6
DA:31,6
DA:33,2
DA:34,2
DA:35,2
DA:36,2
DA:37,6
DA:38,6
DA:40,2
DA:41,2
DA:45,2
DA:46,2
DA:47,2
DA:48,2
DA:49,2
DA:50,2
LF:33
LH:33
BRDA:24,0,0,0
BRDA:24,0,1,3
BRDA:25,1,0,1
BRDA:25,1,1,2
BRDA:31,2,0,0
BRDA:31,2,1,6
BRDA:35,3,0,0
BRDA:35,3,1,2
BRDA:38,4,0,0
BRDA:38,4,1,6
BRDA:41,5,0,2
BRDA:41,5,1,0
BRF:12
BRH:7
end_of_record
TN:
SF:src/runtime/compilation/Factories.ts
FN:7,id
FN:8,version
FN:9,trace
FN:14,(anonymous_3)
FN:15,(anonymous_4)
FN:22,(anonymous_5)
FN:23,(anonymous_6)
FN:27,(anonymous_7)
FNF:8
FNH:8
FNDA:22,id
FNDA:22,version
FNDA:22,trace
FNDA:12,(anonymous_3)
FNDA:15,(anonymous_4)
FNDA:8,(anonymous_5)
FNDA:7,(anonymous_6)
FNDA:14,(anonymous_7)
DA:1,5
DA:2,5
DA:3,5
DA:7,22
DA:8,22
DA:10,22
DA:13,5
DA:14,12
DA:16,15
DA:17,15
DA:21,5
DA:22,8
DA:24,7
DA:25,7
DA:27,14
LF:15
LH:15
BRF:0
BRH:0
end_of_record
TN:
SF:src/runtime/decision/DecisionService.ts
FN:28,(anonymous_0)
FN:48,(anonymous_1)
FN:73,(anonymous_2)
FN:126,(anonymous_3)
FN:136,(anonymous_4)
FN:147,(anonymous_5)
FN:171,(anonymous_6)
FN:196,(anonymous_7)
FN:206,(anonymous_8)
FN:216,(anonymous_9)
FN:232,(anonymous_10)
FN:284,(anonymous_11)
FN:325,(anonymous_12)
FNF:13
FNH:12
FNDA:16,(anonymous_0)
FNDA:0,(anonymous_1)
FNDA:4,(anonymous_2)
FNDA:16,(anonymous_3)
FNDA:7,(anonymous_4)
FNDA:5,(anonymous_5)
FNDA:2,(anonymous_6)
FNDA:2,(anonymous_7)
FNDA:1,(anonymous_8)
FNDA:3,(anonymous_9)
FNDA:5,(anonymous_10)
FNDA:13,(anonymous_11)
FNDA:7,(anonymous_12)
DA:3,3
DA:4,3
DA:8,3
DA:27,3
DA:29,16
DA:30,16
DA:31,16
DA:32,16
DA:33,16
DA:34,16
DA:35,16
DA:36,16
DA:54,0
DA:55,0
DA:56,0
DA:60,0
DA:62,0
DA:78,4
DA:79,4
DA:80,0
DA:82,4
DA:83,1
DA:89,3
DA:90,3
DA:91,0
DA:95,3
DA:96,3
DA:97,2
DA:101,1
DA:102,1
DA:103,0
DA:107,1
DA:108,1
DA:109,0
DA:113,1
DA:114,1
DA:115,0
DA:118,1
DA:127,16
DA:137,7
DA:148,5
DA:149,5
DA:150,2
DA:152,3
DA:153,1
DA:158,2
DA:159,2
DA:165,2
DA:172,2
DA:173,2
DA:174,0
DA:176,2
DA:177,0
DA:181,2
DA:182,1
DA:185,1
DA:186,1
DA:192,1
DA:197,2
DA:198,1
DA:202,1
DA:207,1
DA:208,1
DA:212,0
DA:217,3
DA:218,1
DA:220,2
DA:233,5
DA:236,5
DA:238,1
DA:239,1
DA:240,1
DA:242,0
DA:248,4
DA:256,5
DA:257,5
DA:258,0
DA:263,5
DA:264,5
DA:265,1
DA:268,4
DA:289,13
DA:290,13
DA:293,13
DA:296,13
DA:304,13
DA:305,13
DA:306,0
DA:311,13
DA:312,13
DA:313,0
DA:318,13
DA:326,7
DA:327,1
DA:329,6
DA:330,0
DA:332,6
DA:333,0
DA:335,6
DA:336,1
DA:340,5
LF:101
LH:82
BRDA:55,0,0,0
BRDA:55,0,1,0
BRDA:79,1,0,0
BRDA:79,1,1,4
BRDA:82,2,0,1
BRDA:82,2,1,3
BRDA:90,3,0,0
BRDA:90,3,1,3
BRDA:96,4,0,2
BRDA:96,4,1,1
BRDA:102,5,0,0
BRDA:102,5,1,1
BRDA:108,6,0,0
BRDA:108,6,1,1
BRDA:114,7,0,0
BRDA:114,7,1,1
BRDA:149,8,0,2
BRDA:149,8,1,3
BRDA:152,9,0,1
BRDA:152,9,1,2
BRDA:173,10,0,0
BRDA:173,10,1,2
BRDA:176,11,0,0
BRDA:176,11,1,2
BRDA:181,12,0,1
BRDA:181,12,1,1
BRDA:181,13,0,2
BRDA:181,13,1,1
BRDA:197,14,0,1
BRDA:197,14,1,1
BRDA:207,15,0,1
BRDA:207,15,1,0
BRDA:217,16,0,1
BRDA:217,16,1,2
BRDA:236,17,0,1
BRDA:236,17,1,4
BRDA:236,18,0,5
BRDA:236,18,1,5
BRDA:257,19,0,0
BRDA:257,19,1,5
BRDA:264,20,0,1
BRDA:264,20,1,4
BRDA:290,21,0,1
BRDA:290,21,1,12
BRDA:293,22,0,1
BRDA:293,22,1,12
BRDA:299,23,0,13
BRDA:299,23,1,10
BRDA:305,24,0,0
BRDA:305,24,1,13
BRDA:312,25,0,0
BRDA:312,25,1,13
BRDA:326,26,0,1
BRDA:326,26,1,6
BRDA:329,27,0,0
BRDA:329,27,1,6
BRDA:329,28,0,6
BRDA:329,28,1,6
BRDA:332,29,0,0
BRDA:332,29,1,6
BRDA:332,30,0,6
BRDA:332,30,1,6
BRDA:332,30,2,6
BRDA:335,31,0,1
BRDA:335,31,1,5
BRF:65
BRH:50
end_of_record
TN:
SF:src/runtime/decision/Factories.ts
FN:7,generateId
FN:10,generateGraphId
FN:14,createInitialVersion
FN:22,createInitialTrace
FN:31,incrementVersion
FN:42,(anonymous_5)
FN:44,(anonymous_6)
FN:84,(anonymous_7)
FN:115,(anonymous_8)
FN:136,(anonymous_9)
FN:158,(anonymous_10)
FN:180,(anonymous_11)
FN:210,(anonymous_12)
FN:240,(anonymous_13)
FN:242,(anonymous_14)
FN:251,(anonymous_15)
FN:268,(anonymous_16)
FN:269,(anonymous_17)
FNF:18
FNH:15
FNDA:18,generateId
FNDA:4,generateGraphId
FNDA:22,createInitialVersion
FNDA:22,createInitialTrace
FNDA:15,incrementVersion
FNDA:17,(anonymous_5)
FNDA:0,(anonymous_6)
FNDA:18,(anonymous_7)
FNDA:2,(anonymous_8)
FNDA:1,(anonymous_9)
FNDA:0,(anonymous_10)
FNDA:13,(anonymous_11)
FNDA:13,(anonymous_12)
FNDA:16,(anonymous_13)
FNDA:4,(anonymous_14)
FNDA:0,(anonymous_15)
FNDA:1,(anonymous_16)
FNDA:1,(anonymous_17)
DA:1,4
DA:2,4
DA:5,4
DA:8,18
DA:11,4
DA:15,22
DA:23,22
DA:32,15
DA:33,15
DA:34,15
DA:41,4
DA:42,17
DA:59,0
DA:60,0
DA:61,0
DA:62,0
DA:64,0
DA:90,18
DA:91,18
DA:92,18
DA:93,18
DA:95,18
DA:116,2
DA:137,1
DA:138,1
DA:159,0
DA:160,0
DA:181,13
DA:182,13
DA:183,13
DA:217,13
DA:218,13
DA:239,4
DA:240,16
DA:243,4
DA:244,4
DA:245,4
DA:246,4
DA:248,4
DA:252,0
DA:269,1
DA:270,0
DA:273,1
DA:274,1
DA:278,1
DA:279,1
DA:280,1
DA:281,0
DA:282,0
DA:283,0
DA:286,1
DA:287,1
DA:289,1
LF:53
LH:41
BRDA:33,0,0,15
BRDA:33,0,1,0
BRDA:54,1,0,0
BRDA:55,2,0,0
BRDA:56,3,0,0
BRDA:57,4,0,0
BRDA:225,5,0,3
BRDA:225,5,1,10
BRDA:226,6,0,13
BRDA:226,6,1,12
BRDA:230,7,0,3
BRDA:230,7,1,10
BRDA:231,8,0,3
BRDA:231,8,1,10
BRDA:232,9,0,13
BRDA:232,9,1,12
BRDA:234,10,0,13
BRDA:234,10,1,10
BRDA:269,11,0,0
BRDA:269,11,1,1
BRDA:279,12,0,1
BRDA:279,12,1,0
BRDA:279,13,0,1
BRDA:279,13,1,1
BRDA:281,14,0,0
BRDA:281,14,1,0
BRDA:282,15,0,0
BRDA:282,15,1,0
BRF:28
BRH:17
end_of_record
TN:
SF:src/runtime/delivery/DeliveryService.ts
FN:13,(anonymous_0)
FN:18,(anonymous_1)
FNF:2
FNH:2
FNDA:1,(anonymous_0)
FNDA:1,(anonymous_1)
DA:3,1
DA:6,1
DA:12,1
DA:14,1
DA:15,1
DA:22,1
DA:23,1
DA:26,1
DA:27,1
DA:29,1
DA:36,1
DA:37,1
DA:38,0
DA:41,1
DA:43,0
LF:15
LH:13
BRDA:37,0,0,0
BRDA:37,0,1,1
BRDA:38,1,0,0
BRDA:38,1,1,0
BRDA:43,2,0,0
BRDA:43,2,1,0
BRF:6
BRH:1
end_of_record
TN:
SF:src/runtime/delivery/Factories.ts
FN:7,(anonymous_0)
FN:9,(anonymous_1)
FNF:2
FNH:2
FNDA:2,(anonymous_0)
FNDA:2,(anonymous_1)
DA:2,2
DA:3,2
DA:6,2
DA:7,2
DA:15,2
DA:21,2
DA:28,2
DA:30,2
LF:8
LH:8
BRF:0
BRH:0
end_of_record
TN:
SF:src/runtime/evidence/EvidenceService.ts
FN:14,(anonymous_0)
FN:27,(anonymous_1)
FN:31,(anonymous_2)
FN:32,(anonymous_3)
FNF:4
FNH:4
FNDA:3,(anonymous_0)
FNDA:3,(anonymous_1)
FNDA:2,(anonymous_2)
FNDA:2,(anonymous_3)
DA:2,2
DA:3,2
DA:4,2
DA:13,2
DA:15,3
DA:16,3
DA:17,3
DA:18,3
DA:19,3
DA:20,3
DA:21,3
DA:22,3
DA:23,3
DA:24,3
DA:28,3
DA:29,3
DA:30,3
DA:31,2
DA:32,2
DA:34,3
DA:35,2
DA:36,4
DA:37,4
DA:39,2
DA:40,2
DA:41,2
DA:42,2
DA:43,4
DA:44,4
DA:46,2
DA:47,2
LF:31
LH:31
BRDA:29,0,0,0
BRDA:29,0,1,3
BRDA:34,1,0,1
BRDA:34,1,1,2
BRDA:36,2,0,2
BRDA:36,2,1,2
BRDA:37,3,0,0
BRDA:37,3,1,4
BRDA:41,4,0,0
BRDA:41,4,1,2
BRDA:43,5,0,2
BRDA:43,5,1,2
BRDA:44,6,0,0
BRDA:44,6,1,4
BRDA:47,7,0,2
BRDA:47,7,1,0
BRF:16
BRH:11
end_of_record
TN:
SF:src/runtime/evidence/Factories.ts
FN:7,version
FN:8,trace
FN:11,(anonymous_2)
FN:12,(anonymous_3)
FN:19,(anonymous_4)
FN:20,(anonymous_5)
FN:27,(anonymous_6)
FN:28,(anonymous_7)
FNF:8
FNH:8
FNDA:9,version
FNDA:9,trace
FNDA:5,(anonymous_2)
FNDA:4,(anonymous_3)
FNDA:3,(anonymous_4)
FNDA:2,(anonymous_5)
FNDA:4,(anonymous_6)
FNDA:3,(anonymous_7)
DA:1,3
DA:3,3
DA:7,9
DA:8,9
DA:10,3
DA:11,5
DA:13,4
DA:14,4
DA:18,3
DA:19,3
DA:21,2
DA:22,2
DA:26,3
DA:27,4
DA:29,3
DA:30,3
LF:16
LH:16
BRF:0
BRH:0
end_of_record
TN:
SF:src/runtime/knowledge/Factories.ts
FN:8,generateId
FN:12,createInitialVersion
FN:20,createInitialTrace
FN:29,incrementVersion
FN:40,(anonymous_4)
FN:42,(anonymous_5)
FN:51,(anonymous_6)
FN:68,(anonymous_7)
FN:70,(anonymous_8)
FN:91,(anonymous_9)
FN:111,(anonymous_10)
FN:113,(anonymous_11)
FN:124,(anonymous_12)
FN:126,(anonymous_13)
FNF:14
FNH:8
FNDA:3,generateId
FNDA:3,createInitialVersion
FNDA:3,createInitialTrace
FNDA:2,incrementVersion
FNDA:2,(anonymous_4)
FNDA:0,(anonymous_5)
FNDA:0,(anonymous_6)
FNDA:4,(anonymous_7)
FNDA:3,(anonymous_8)
FNDA:2,(anonymous_9)
FNDA:0,(anonymous_10)
FNDA:0,(anonymous_11)
FNDA:0,(anonymous_12)
FNDA:0,(anonymous_13)
DA:1,3
DA:2,3
DA:5,3
DA:9,3
DA:13,3
DA:21,3
DA:30,2
DA:31,2
DA:32,2
DA:39,3
DA:40,2
DA:43,0
DA:44,0
DA:45,0
DA:46,0
DA:48,0
DA:52,0
DA:53,0
DA:54,0
DA:67,3
DA:68,4
DA:78,3
DA:79,3
DA:80,3
DA:81,3
DA:83,3
DA:85,3
DA:86,3
DA:88,3
DA:92,2
DA:93,2
DA:94,2
DA:110,3
DA:111,0
DA:114,0
DA:115,0
DA:116,0
DA:117,0
DA:119,0
DA:123,3
DA:124,0
DA:127,0
DA:128,0
DA:129,0
DA:130,0
DA:132,0
LF:46
LH:26
BRDA:31,0,0,2
BRDA:31,0,1,0
BRF:2
BRH:1
end_of_record
TN:
SF:src/runtime/knowledge/KnowledgeService.ts
FN:9,(anonymous_0)
FN:16,(anonymous_1)
FN:40,(anonymous_2)
FNF:3
FNH:2
FNDA:2,(anonymous_0)
FNDA:0,(anonymous_1)
FNDA:2,(anonymous_2)
DA:3,2
DA:4,2
DA:5,2
DA:8,2
DA:10,2
DA:11,2
DA:12,2
DA:13,2
DA:21,0
DA:22,0
DA:23,0
DA:24,0
DA:28,0
DA:29,0
DA:30,0
DA:34,0
DA:37,0
DA:42,2
DA:43,2
DA:44,2
DA:45,0
DA:49,2
DA:50,2
DA:51,0
DA:55,2
DA:58,2
LF:26
LH:15
BRDA:23,0,0,0
BRDA:23,0,1,0
BRDA:29,1,0,0
BRDA:29,1,1,0
BRDA:44,2,0,0
BRDA:44,2,1,2
BRDA:50,3,0,0
BRDA:50,3,1,2
BRF:8
BRH:2
end_of_record
TN:
SF:src/runtime/output/Factories.ts
FN:8,id
FN:9,version
FN:10,trace
FN:13,nextVersion
FN:19,(anonymous_4)
FN:20,(anonymous_5)
FN:24,(anonymous_6)
FNF:7
FNH:7
FNDA:5,id
FNDA:5,version
FNDA:5,trace
FNDA:9,nextVersion
FNDA:5,(anonymous_4)
FNDA:5,(anonymous_5)
FNDA:9,(anonymous_6)
DA:1,3
DA:3,3
DA:8,5
DA:9,5
DA:11,5
DA:14,9
DA:15,9
DA:18,3
DA:19,5
DA:21,5
DA:22,5
DA:25,9
DA:26,9
LF:13
LH:13
BRDA:14,0,0,0
BRF:1
BRH:0
end_of_record
TN:
SF:src/runtime/output/OutputService.ts
FN:14,(anonymous_0)
FN:23,(anonymous_1)
FN:39,(anonymous_2)
FN:45,(anonymous_3)
FNF:4
FNH:4
FNDA:3,(anonymous_0)
FNDA:3,(anonymous_1)
FNDA:3,(anonymous_2)
FNDA:8,(anonymous_3)
DA:4,2
DA:5,2
DA:7,2
DA:13,2
DA:15,3
DA:16,3
DA:17,3
DA:18,3
DA:19,3
DA:20,3
DA:24,3
DA:25,3
DA:26,3
DA:27,12
DA:28,12
DA:30,3
DA:31,3
DA:32,3
DA:33,3
DA:34,3
DA:35,3
DA:36,3
DA:40,3
DA:41,2
DA:42,2
DA:46,8
DA:47,8
DA:48,8
DA:49,8
DA:50,8
LF:30
LH:30
BRDA:25,0,0,0
BRDA:25,0,1,3
BRDA:28,1,0,0
BRDA:28,1,1,12
BRDA:32,2,0,0
BRDA:32,2,1,3
BRDA:34,3,0,0
BRDA:34,3,1,3
BRDA:36,4,0,3
BRDA:36,4,1,0
BRDA:40,5,0,1
BRDA:40,5,1,2
BRDA:40,6,0,3
BRDA:40,6,1,2
BRDA:40,6,2,2
BRDA:41,7,0,0
BRDA:41,7,1,2
BRDA:41,8,0,2
BRDA:41,8,1,2
BRDA:48,9,0,0
BRDA:48,9,1,8
BRDA:50,10,0,8
BRDA:50,10,1,0
BRF:23
BRH:15
end_of_record
TN:
SF:src/runtime/reasoning/Factories.ts
FN:7,generateId
FN:11,createInitialVersion
FN:19,createInitialTrace
FN:28,incrementVersion
FN:39,(anonymous_4)
FN:41,(anonymous_5)
FN:75,(anonymous_6)
FN:94,(anonymous_7)
FN:114,(anonymous_8)
FN:134,(anonymous_9)
FNF:10
FNH:7
FNDA:5,generateId
FNDA:5,createInitialVersion
FNDA:5,createInitialTrace
FNDA:2,incrementVersion
FNDA:5,(anonymous_4)
FNDA:5,(anonymous_5)
FNDA:0,(anonymous_6)
FNDA:0,(anonymous_7)
FNDA:0,(anonymous_8)
FNDA:2,(anonymous_9)
DA:1,3
DA:2,3
DA:8,5
DA:12,5
DA:20,5
DA:29,2
DA:30,2
DA:31,2
DA:38,3
DA:39,5
DA:52,5
DA:53,5
DA:54,5
DA:55,5
DA:57,5
DA:76,0
DA:95,0
DA:96,0
DA:115,0
DA:116,0
DA:135,2
DA:136,2
DA:137,2
LF:23
LH:18
BRDA:30,0,0,2
BRDA:30,0,1,0
BRF:2
BRH:1
end_of_record
TN:
SF:src/runtime/reasoning/ReasoningService.ts
FN:11,(anonymous_0)
FN:17,(anonymous_1)
FN:54,(anonymous_2)
FN:55,(anonymous_3)
FN:66,(anonymous_4)
FNF:5
FNH:5
FNDA:2,(anonymous_0)
FNDA:2,(anonymous_1)
FNDA:2,(anonymous_2)
FNDA:2,(anonymous_3)
FNDA:2,(anonymous_4)
DA:3,2
DA:4,2
DA:8,2
DA:10,2
DA:12,2
DA:13,2
DA:14,2
DA:22,2
DA:23,2
DA:27,2
DA:28,0
DA:33,2
DA:36,2
DA:37,2
DA:38,0
DA:42,2
DA:45,2
DA:46,2
DA:47,0
DA:51,2
DA:55,2
DA:56,2
DA:60,2
DA:64,2
DA:65,2
DA:66,2
DA:68,2
LF:27
LH:24
BRDA:27,0,0,0
BRDA:27,0,1,2
BRDA:27,1,0,2
BRDA:27,1,1,2
BRDA:37,2,0,0
BRDA:37,2,1,2
BRDA:46,3,0,0
BRDA:46,3,1,2
BRF:8
BRH:5
end_of_record
TN:
SF:src/runtime/target/Factories.ts
FN:7,identifier
FN:8,initialVersion
FN:9,trace
FN:12,increment
FN:19,(anonymous_4)
FN:21,(anonymous_5)
FN:28,(anonymous_6)
FN:30,(anonymous_7)
FN:38,(anonymous_8)
FNF:9
FNH:9
FNDA:25,identifier
FNDA:25,initialVersion
FNDA:25,trace
FNDA:11,increment
FNDA:13,(anonymous_4)
FNDA:13,(anonymous_5)
FNDA:17,(anonymous_6)
FNDA:12,(anonymous_7)
FNDA:11,(anonymous_8)
DA:1,7
DA:2,7
DA:5,7
DA:7,25
DA:8,25
DA:10,25
DA:13,11
DA:14,11
DA:15,11
DA:18,7
DA:19,13
DA:22,13
DA:23,13
DA:27,7
DA:28,17
DA:31,12
DA:32,12
DA:39,11
DA:40,11
LF:19
LH:19
BRDA:13,0,0,0
BRF:1
BRH:0
end_of_record
TN:
SF:src/runtime/target/TargetService.ts
FN:15,(anonymous_0)
FN:25,(anonymous_1)
FN:29,(anonymous_2)
FN:42,(anonymous_3)
FN:46,(anonymous_4)
FN:52,(anonymous_5)
FN:60,(anonymous_6)
FN:73,(anonymous_7)
FNF:8
FNH:7
FNDA:3,(anonymous_0)
FNDA:3,(anonymous_1)
FNDA:3,(anonymous_2)
FNDA:3,(anonymous_3)
FNDA:3,(anonymous_4)
FNDA:0,(anonymous_5)
FNDA:2,(anonymous_6)
FNDA:5,(anonymous_7)
DA:4,2
DA:5,2
DA:7,2
DA:8,2
DA:14,2
DA:16,3
DA:17,3
DA:18,3
DA:19,3
DA:20,3
DA:21,3
DA:22,3
DA:26,3
DA:30,3
DA:31,0
DA:33,3
DA:34,3
DA:35,3
DA:37,3
DA:38,3
DA:39,3
DA:43,3
DA:47,3
DA:48,3
DA:49,2
DA:53,0
DA:61,2
DA:62,2
DA:63,2
DA:64,2
DA:65,2
DA:66,2
DA:67,2
DA:69,2
DA:70,2
DA:74,5
DA:75,5
DA:76,5
DA:77,5
DA:78,5
LF:40
LH:38
BRDA:30,0,0,0
BRDA:30,0,1,3
BRDA:35,1,0,0
BRDA:35,1,1,3
BRDA:39,2,0,3
BRDA:39,2,1,0
BRDA:47,3,0,0
BRDA:47,3,1,3
BRDA:47,4,0,3
BRDA:47,4,1,3
BRDA:47,4,2,3
BRDA:48,5,0,1
BRDA:48,5,1,2
BRDA:48,6,0,3
BRDA:48,6,1,3
BRDA:62,7,0,0
BRDA:62,7,1,2
BRDA:64,8,0,0
BRDA:64,8,1,2
BRDA:67,9,0,0
BRDA:67,9,1,2
BRDA:70,10,0,2
BRDA:70,10,1,0
BRDA:76,11,0,0
BRDA:76,11,1,5
BRDA:78,12,0,5
BRDA:78,12,1,0
BRF:27
BRH:17
end_of_record
TN:
SF:src/services/PipelineApplicationService.ts
FN:19,(anonymous_0)
FN:30,(anonymous_1)
FNF:2
FNH:2
FNDA:4,(anonymous_0)
FNDA:4,(anonymous_1)
DA:2,2
DA:18,2
DA:20,4
DA:21,4
DA:22,4
DA:23,4
DA:24,4
DA:25,4
DA:26,4
DA:27,4
DA:31,4
DA:32,4
DA:34,3
DA:35,3
DA:37,2
DA:38,2
DA:40,2
DA:41,2
DA:43,2
DA:44,2
DA:46,2
DA:47,2
DA:49,2
DA:50,2
DA:53,2
DA:54,2
DA:56,2
LF:27
LH:27
BRDA:32,0,0,1
BRDA:32,0,1,3
BRDA:35,1,0,1
BRDA:35,1,1,2
BRDA:38,2,0,0
BRDA:38,2,1,2
BRDA:41,3,0,0
BRDA:41,3,1,2
BRDA:44,4,0,0
BRDA:44,4,1,2
BRDA:47,5,0,0
BRDA:47,5,1,2
BRDA:50,6,0,0
BRDA:50,6,1,2
BRDA:54,7,0,0
BRDA:54,7,1,2
BRF:16
BRH:10
end_of_record
TN:
SF:src/shared/DomainBase.ts
FN:8,(anonymous_0)
FNF:1
FNH:1
FNDA:183,(anonymous_0)
DA:7,22
DA:9,183
DA:10,183
DA:11,183
DA:12,183
DA:13,183
DA:17,22
LF:7
LH:7
BRF:0
BRH:0
end_of_record
TN:
SF:src/shared/ErrorHierarchy.ts
FN:2,(anonymous_0)
FN:9,(anonymous_1)
FN:15,(anonymous_2)
FN:21,(anonymous_3)
FN:27,(anonymous_4)
FN:33,(anonymous_5)
FN:39,(anonymous_6)
FN:45,(anonymous_7)
FN:51,(anonymous_8)
FNF:9
FNH:3
FNDA:12,(anonymous_0)
FNDA:8,(anonymous_1)
FNDA:0,(anonymous_2)
FNDA:0,(anonymous_3)
FNDA:0,(anonymous_4)
FNDA:0,(anonymous_5)
FNDA:0,(anonymous_6)
FNDA:0,(anonymous_7)
FNDA:4,(anonymous_8)
DA:1,9
DA:2,12
DA:3,12
DA:4,12
DA:8,9
DA:9,8
DA:10,8
DA:14,9
DA:16,0
DA:20,9
DA:22,0
DA:26,9
DA:28,0
DA:32,9
DA:34,0
DA:38,9
DA:40,0
DA:44,9
DA:46,0
DA:50,9
DA:52,4
LF:21
LH:15
BRF:0
BRH:0
end_of_record
TN:
SF:src/shared/Result.ts
FN:6,(anonymous_0)
FN:12,(anonymous_1)
FNF:2
FNH:2
FNDA:114,(anonymous_0)
FNDA:26,(anonymous_1)
DA:3,12
DA:4,114
DA:5,114
DA:6,114
DA:9,12
DA:10,26
DA:11,26
DA:12,26
LF:8
LH:8
BRF:0
BRH:0
end_of_record
TN:
SF:src/validators/EntityValidators.ts
FN:15,pass
FN:20,(anonymous_1)
FN:38,(anonymous_2)
FN:59,(anonymous_3)
FN:69,(anonymous_4)
FN:79,(anonymous_5)
FN:86,(anonymous_6)
FN:93,(anonymous_7)
FN:117,(anonymous_8)
FN:149,(anonymous_9)
FN:192,(anonymous_10)
FN:200,(anonymous_11)
FN:224,(anonymous_12)
FN:234,(anonymous_13)
FN:251,(anonymous_14)
FN:268,(anonymous_15)
FN:272,(anonymous_16)
FN:278,(anonymous_17)
FN:287,(anonymous_18)
FN:295,(anonymous_19)
FN:299,(anonymous_20)
FN:305,(anonymous_21)
FN:314,(anonymous_22)
FN:329,(anonymous_23)
FN:336,(anonymous_24)
FN:346,(anonymous_25)
FN:357,(anonymous_26)
FN:366,(anonymous_27)
FN:374,(anonymous_28)
FN:375,(anonymous_29)
FN:379,(anonymous_30)
FN:380,(anonymous_31)
FNF:32
FNH:22
FNDA:0,pass
FNDA:4,(anonymous_1)
FNDA:0,(anonymous_2)
FNDA:0,(anonymous_3)
FNDA:0,(anonymous_4)
FNDA:5,(anonymous_5)
FNDA:4,(anonymous_6)
FNDA:8,(anonymous_7)
FNDA:18,(anonymous_8)
FNDA:15,(anonymous_9)
FNDA:5,(anonymous_10)
FNDA:6,(anonymous_11)
FNDA:0,(anonymous_12)
FNDA:12,(anonymous_13)
FNDA:6,(anonymous_14)
FNDA:6,(anonymous_15)
FNDA:15,(anonymous_16)
FNDA:4,(anonymous_17)
FNDA:19,(anonymous_18)
FNDA:9,(anonymous_19)
FNDA:33,(anonymous_20)
FNDA:30,(anonymous_21)
FNDA:9,(anonymous_22)
FNDA:0,(anonymous_23)
FNDA:4,(anonymous_24)
FNDA:3,(anonymous_25)
FNDA:3,(anonymous_26)
FNDA:2,(anonymous_27)
FNDA:0,(anonymous_28)
FNDA:0,(anonymous_29)
FNDA:0,(anonymous_30)
FNDA:0,(anonymous_31)
DA:10,17
DA:11,17
DA:12,17
DA:16,0
DA:19,17
DA:21,4
DA:22,4
DA:23,0
DA:25,4
DA:26,2
DA:27,1
DA:30,4
DA:31,0
DA:33,4
DA:37,17
DA:39,0
DA:40,0
DA:41,0
DA:42,0
DA:45,0
DA:46,0
DA:47,0
DA:48,0
DA:49,0
DA:50,0
DA:54,0
DA:58,17
DA:60,0
DA:61,0
DA:62,0
DA:64,0
DA:68,17
DA:70,0
DA:71,0
DA:72,0
DA:74,0
DA:78,17
DA:80,5
DA:81,5
DA:82,5
DA:83,5
DA:84,1
DA:86,4
DA:87,4
DA:88,0
DA:92,5
DA:93,8
DA:94,5
DA:95,1
DA:99,5
DA:100,5
DA:101,5
DA:102,0
DA:107,5
DA:108,0
DA:111,5
DA:114,17
DA:116,17
DA:118,18
DA:121,18
DA:122,18
DA:123,18
DA:125,18
DA:126,2
DA:127,1
DA:129,2
DA:130,1
DA:134,18
DA:135,4
DA:136,4
DA:137,4
DA:140,18
DA:141,2
DA:142,0
DA:146,18
DA:150,15
DA:153,15
DA:154,0
DA:155,15
DA:156,15
DA:157,0
DA:158,15
DA:159,15
DA:160,0
DA:166,15
DA:175,15
DA:176,15
DA:177,15
DA:178,1
DA:183,15
DA:184,0
DA:187,15
DA:191,17
DA:193,5
DA:194,5
DA:195,0
DA:199,5
DA:200,6
DA:201,5
DA:202,1
DA:203,0
DA:205,1
DA:206,1
DA:207,0
DA:213,5
DA:214,6
DA:215,0
DA:219,5
DA:223,17
DA:225,0
DA:226,0
DA:227,0
DA:228,0
DA:229,0
DA:233,17
DA:235,12
DA:236,12
DA:237,12
DA:238,1
DA:240,12
DA:241,12
DA:242,0
DA:244,12
DA:245,4
DA:246,4
DA:248,12
DA:252,6
DA:260,6
DA:261,6
DA:262,6
DA:267,17
DA:269,6
DA:270,6
DA:271,6
DA:272,15
DA:273,6
DA:274,6
DA:277,17
DA:279,4
DA:280,4
DA:281,4
DA:282,4
DA:286,17
DA:288,19
DA:289,19
DA:290,19
DA:291,19
DA:294,17
DA:296,9
DA:297,9
DA:298,9
DA:299,33
DA:300,9
DA:301,25
DA:303,9
DA:304,5
DA:305,30
DA:308,9
DA:309,0
DA:311,9
DA:315,9
DA:323,9
DA:324,9
DA:328,17
DA:330,0
DA:335,17
DA:337,4
DA:338,4
DA:339,4
DA:340,4
DA:341,4
DA:342,4
DA:345,17
DA:347,3
DA:348,3
DA:349,3
DA:350,3
DA:351,5
DA:353,3
DA:356,17
DA:358,3
DA:359,3
DA:360,3
DA:361,3
DA:362,3
DA:365,17
DA:367,2
DA:368,2
DA:369,2
DA:370,2
DA:374,17
DA:375,17
DA:379,17
DA:380,17
LF:194
LH:152
BRDA:22,0,0,0
BRDA:22,0,1,4
BRDA:22,1,0,4
BRDA:22,1,1,4
BRDA:25,2,0,2
BRDA:25,2,1,2
BRDA:26,3,0,1
BRDA:26,3,1,1
BRDA:26,4,0,2
BRDA:26,4,1,2
BRDA:30,5,0,0
BRDA:30,5,1,4
BRDA:30,6,0,4
BRDA:30,6,1,4
BRDA:40,7,0,0
BRDA:40,7,1,0
BRDA:41,8,0,0
BRDA:41,8,1,0
BRDA:41,9,0,0
BRDA:41,9,1,0
BRDA:45,10,0,0
BRDA:45,10,1,0
BRDA:45,11,0,0
BRDA:45,11,1,0
BRDA:49,12,0,0
BRDA:49,12,1,0
BRDA:61,13,0,0
BRDA:61,13,1,0
BRDA:61,14,0,0
BRDA:61,14,1,0
BRDA:71,15,0,0
BRDA:71,15,1,0
BRDA:71,16,0,0
BRDA:71,16,1,0
BRDA:81,17,0,0
BRDA:81,17,1,5
BRDA:82,18,0,0
BRDA:82,18,1,5
BRDA:83,19,0,1
BRDA:83,19,1,4
BRDA:83,20,0,5
BRDA:83,20,1,5
BRDA:87,21,0,0
BRDA:87,21,1,4
BRDA:92,22,0,5
BRDA:92,22,1,0
BRDA:92,23,0,5
BRDA:92,23,1,5
BRDA:94,24,0,1
BRDA:94,24,1,4
BRDA:99,25,0,5
BRDA:99,25,1,0
BRDA:99,26,0,5
BRDA:99,26,1,5
BRDA:101,27,0,0
BRDA:101,27,1,5
BRDA:107,28,0,0
BRDA:107,28,1,5
BRDA:121,29,0,0
BRDA:121,29,1,18
BRDA:122,30,0,0
BRDA:122,30,1,18
BRDA:123,31,0,0
BRDA:123,31,1,18
BRDA:125,32,0,2
BRDA:125,32,1,16
BRDA:125,33,0,18
BRDA:125,33,1,18
BRDA:126,34,0,1
BRDA:126,34,1,1
BRDA:129,35,0,1
BRDA:129,35,1,1
BRDA:134,36,0,4
BRDA:134,36,1,14
BRDA:134,37,0,18
BRDA:134,37,1,18
BRDA:135,38,0,0
BRDA:135,38,1,4
BRDA:136,39,0,0
BRDA:136,39,1,4
BRDA:137,40,0,0
BRDA:137,40,1,4
BRDA:140,41,0,2
BRDA:140,41,1,16
BRDA:140,42,0,18
BRDA:140,42,1,18
BRDA:141,43,0,0
BRDA:141,43,1,2
BRDA:141,44,0,2
BRDA:141,44,1,2
BRDA:153,45,0,0
BRDA:153,45,1,15
BRDA:155,46,0,15
BRDA:155,46,1,0
BRDA:156,47,0,0
BRDA:156,47,1,15
BRDA:158,48,0,15
BRDA:158,48,1,0
BRDA:159,49,0,0
BRDA:159,49,1,15
BRDA:175,50,0,15
BRDA:175,50,1,0
BRDA:176,51,0,15
BRDA:176,51,1,0
BRDA:177,52,0,1
BRDA:177,52,1,14
BRDA:183,53,0,0
BRDA:183,53,1,15
BRDA:183,54,0,15
BRDA:183,54,1,0
BRDA:194,55,0,0
BRDA:194,55,1,5
BRDA:194,56,0,5
BRDA:194,56,1,5
BRDA:199,57,0,5
BRDA:199,57,1,0
BRDA:202,58,0,0
BRDA:202,58,1,1
BRDA:206,59,0,0
BRDA:206,59,1,1
BRDA:214,60,0,0
BRDA:214,60,1,6
BRDA:226,61,0,0
BRDA:226,61,1,0
BRDA:227,62,0,0
BRDA:227,62,1,0
BRDA:228,63,0,0
BRDA:228,63,1,0
BRDA:236,64,0,0
BRDA:236,64,1,12
BRDA:236,65,0,12
BRDA:236,65,1,12
BRDA:237,66,0,1
BRDA:237,66,1,11
BRDA:237,67,0,12
BRDA:237,67,1,12
BRDA:240,68,0,0
BRDA:240,68,1,12
BRDA:240,69,0,12
BRDA:240,69,1,12
BRDA:241,70,0,0
BRDA:241,70,1,12
BRDA:241,71,0,12
BRDA:241,71,1,3
BRDA:244,72,0,4
BRDA:244,72,1,8
BRDA:245,73,0,0
BRDA:245,73,1,4
BRDA:246,74,0,0
BRDA:246,74,1,4
BRDA:246,75,0,4
BRDA:246,75,1,4
BRDA:260,76,0,0
BRDA:260,76,1,6
BRDA:261,77,0,6
BRDA:261,77,1,0
BRDA:262,78,0,5
BRDA:262,78,1,1
BRDA:270,79,0,0
BRDA:270,79,1,6
BRDA:271,80,0,1
BRDA:271,80,1,5
BRDA:271,81,0,6
BRDA:271,81,1,6
BRDA:272,82,0,6
BRDA:272,82,1,0
BRDA:273,83,0,0
BRDA:273,83,1,6
BRDA:273,84,0,6
BRDA:273,84,1,0
BRDA:280,85,0,1
BRDA:280,85,1,3
BRDA:280,86,0,4
BRDA:280,86,1,3
BRDA:281,87,0,0
BRDA:281,87,1,4
BRDA:289,88,0,1
BRDA:289,88,1,18
BRDA:289,89,0,19
BRDA:289,89,1,18
BRDA:290,90,0,1
BRDA:290,90,1,18
BRDA:290,91,0,19
BRDA:290,91,1,18
BRDA:297,92,0,0
BRDA:297,92,1,9
BRDA:298,93,0,1
BRDA:298,93,1,8
BRDA:298,94,0,9
BRDA:298,94,1,9
BRDA:299,95,0,9
BRDA:299,95,1,0
BRDA:300,96,0,9
BRDA:300,96,1,0
BRDA:301,97,0,1
BRDA:301,97,1,24
BRDA:303,98,0,5
BRDA:303,98,1,4
BRDA:303,99,0,9
BRDA:303,99,1,9
BRDA:303,99,2,6
BRDA:305,100,0,0
BRDA:305,100,1,15
BRDA:305,101,0,15
BRDA:305,101,1,0
BRDA:308,102,0,0
BRDA:308,102,1,9
BRDA:308,103,0,9
BRDA:308,103,1,9
BRDA:308,103,2,2
BRDA:308,103,3,2
BRDA:323,104,0,9
BRDA:323,104,1,0
BRDA:324,105,0,8
BRDA:324,105,1,1
BRDA:330,106,0,0
BRDA:330,106,1,0
BRDA:330,107,0,0
BRDA:330,107,1,0
BRDA:338,108,0,0
BRDA:338,108,1,4
BRDA:339,109,0,0
BRDA:339,109,1,4
BRDA:340,110,0,0
BRDA:340,110,1,4
BRDA:340,111,0,4
BRDA:340,111,1,4
BRDA:341,112,0,0
BRDA:341,112,1,4
BRDA:348,113,0,0
BRDA:348,113,1,3
BRDA:349,114,0,0
BRDA:349,114,1,3
BRDA:349,115,0,3
BRDA:349,115,1,3
BRDA:350,116,0,3
BRDA:350,116,1,0
BRDA:351,117,0,0
BRDA:351,117,1,5
BRDA:359,118,0,1
BRDA:359,118,1,2
BRDA:359,119,0,3
BRDA:359,119,1,2
BRDA:360,120,0,1
BRDA:360,120,1,2
BRDA:361,121,0,1
BRDA:361,121,1,2
BRDA:368,122,0,0
BRDA:368,122,1,2
BRDA:368,123,0,2
BRDA:368,123,1,2
BRDA:369,124,0,0
BRDA:369,124,1,2
BRF:253
BRH:164
end_of_record
TN:
SF:src/value_objects/Common.ts
FN:4,(anonymous_0)
FN:7,(anonymous_1)
FN:13,(anonymous_2)
FN:16,(anonymous_3)
FNF:4
FNH:1
FNDA:5,(anonymous_0)
FNDA:0,(anonymous_1)
FNDA:0,(anonymous_2)
FNDA:0,(anonymous_3)
DA:1,18
DA:3,18
DA:4,5
DA:5,5
DA:8,0
DA:12,18
DA:13,0
DA:14,0
DA:17,0
LF:9
LH:5
BRDA:8,0,0,0
BRDA:8,0,1,0
BRDA:17,1,0,0
BRDA:17,1,1,0
BRF:4
BRH:0
end_of_record
TN:
SF:src/value_objects/DecisionVOs.ts
FN:3,(anonymous_0)
FN:13,(anonymous_1)
FN:20,(anonymous_2)
FN:25,(anonymous_3)
FN:32,(anonymous_4)
FN:39,(anonymous_5)
FN:44,(anonymous_6)
FN:50,(anonymous_7)
FN:57,(anonymous_8)
FN:63,(anonymous_9)
FN:70,(anonymous_10)
FN:74,(anonymous_11)
FN:80,(anonymous_12)
FN:88,(anonymous_13)
FN:101,(anonymous_14)
FN:112,(anonymous_15)
FN:118,(anonymous_16)
FN:123,(anonymous_17)
FN:129,(anonymous_18)
FN:134,(anonymous_19)
FNF:20
FNH:10
FNDA:18,(anonymous_0)
FNDA:38,(anonymous_1)
FNDA:0,(anonymous_2)
FNDA:18,(anonymous_3)
FNDA:27,(anonymous_4)
FNDA:0,(anonymous_5)
FNDA:18,(anonymous_6)
FNDA:25,(anonymous_7)
FNDA:0,(anonymous_8)
FNDA:24,(anonymous_9)
FNDA:1,(anonymous_10)
FNDA:0,(anonymous_11)
FNDA:21,(anonymous_12)
FNDA:0,(anonymous_13)
FNDA:5,(anonymous_14)
FNDA:0,(anonymous_15)
FNDA:0,(anonymous_16)
FNDA:0,(anonymous_17)
FNDA:0,(anonymous_18)
FNDA:0,(anonymous_19)
DA:1,18
DA:3,18
DA:4,18
DA:5,18
DA:6,18
DA:7,18
DA:8,18
DA:9,18
DA:12,18
DA:13,38
DA:14,38
DA:15,38
DA:16,1
DA:21,0
DA:25,18
DA:26,18
DA:27,18
DA:28,18
DA:31,18
DA:32,27
DA:33,27
DA:34,27
DA:35,1
DA:40,0
DA:44,18
DA:45,18
DA:46,18
DA:49,18
DA:50,25
DA:51,25
DA:52,25
DA:53,1
DA:58,0
DA:62,18
DA:63,24
DA:64,24
DA:65,24
DA:66,1
DA:71,1
DA:75,0
DA:79,18
DA:81,21
DA:82,21
DA:84,21
DA:85,21
DA:89,0
DA:90,0
DA:91,0
DA:92,0
DA:93,0
DA:94,0
DA:96,0
DA:100,18
DA:102,5
DA:103,5
DA:104,5
DA:105,5
DA:107,5
DA:108,5
DA:109,4
DA:113,0
DA:117,18
DA:118,0
DA:119,0
DA:120,0
DA:124,0
DA:128,18
DA:129,0
DA:130,0
DA:131,0
DA:135,0
LF:71
LH:51
BRDA:3,0,0,18
BRDA:3,0,1,18
BRDA:15,1,0,1
BRDA:15,1,1,37
BRDA:25,2,0,18
BRDA:25,2,1,18
BRDA:34,3,0,1
BRDA:34,3,1,26
BRDA:44,4,0,18
BRDA:44,4,1,18
BRDA:52,5,0,1
BRDA:52,5,1,24
BRDA:65,6,0,1
BRDA:65,6,1,23
BRDA:65,7,0,24
BRDA:65,7,1,23
BRDA:65,7,2,23
BRDA:71,8,0,1
BRDA:71,8,1,1
BRDA:71,8,2,1
BRDA:85,9,0,1
BRDA:85,9,1,20
BRDA:89,10,0,0
BRDA:89,10,1,0
BRDA:92,11,0,0
BRDA:92,11,1,0
BRDA:94,12,0,0
BRDA:94,12,1,0
BRDA:108,13,0,1
BRDA:108,13,1,4
BRDA:109,14,0,0
BRDA:109,14,1,4
BRDA:113,15,0,0
BRDA:113,15,1,0
BRDA:113,15,2,0
BRDA:113,15,3,0
BRDA:120,16,0,0
BRDA:120,16,1,0
BRDA:131,17,0,0
BRDA:131,17,1,0
BRDA:135,18,0,0
BRDA:135,18,1,0
BRF:42
BRH:25
end_of_record
TN:
SF:src/value_objects/Identity.ts
FN:4,(anonymous_0)
FN:10,(anonymous_1)
FN:16,(anonymous_2)
FN:22,(anonymous_3)
FN:26,(anonymous_4)
FN:30,(anonymous_5)
FN:34,(anonymous_6)
FN:38,(anonymous_7)
FN:42,(anonymous_8)
FN:46,(anonymous_9)
FN:50,(anonymous_10)
FN:54,(anonymous_11)
FN:58,(anonymous_12)
FN:62,(anonymous_13)
FN:66,(anonymous_14)
FN:70,(anonymous_15)
FN:74,(anonymous_16)
FNF:17
FNH:15
FNDA:160,(anonymous_0)
FNDA:1,(anonymous_1)
FNDA:4,(anonymous_2)
FNDA:42,(anonymous_3)
FNDA:26,(anonymous_4)
FNDA:13,(anonymous_5)
FNDA:13,(anonymous_6)
FNDA:7,(anonymous_7)
FNDA:18,(anonymous_8)
FNDA:10,(anonymous_9)
FNDA:6,(anonymous_10)
FNDA:6,(anonymous_11)
FNDA:3,(anonymous_12)
FNDA:4,(anonymous_13)
FNDA:2,(anonymous_14)
FNDA:0,(anonymous_15)
FNDA:0,(anonymous_16)
DA:3,19
DA:4,160
DA:5,160
DA:6,2
DA:11,1
DA:15,19
DA:16,4
DA:18,19
DA:19,19
DA:20,19
DA:21,19
DA:22,42
DA:25,19
DA:26,26
DA:29,19
DA:30,13
DA:33,19
DA:34,13
DA:37,19
DA:38,7
DA:41,19
DA:42,18
DA:45,19
DA:46,10
DA:49,19
DA:50,6
DA:53,19
DA:54,6
DA:57,19
DA:58,3
DA:61,19
DA:62,4
DA:65,19
DA:66,2
DA:69,19
DA:70,0
DA:73,19
DA:74,0
LF:38
LH:36
BRDA:5,0,0,2
BRDA:5,0,1,158
BRDA:5,1,0,160
BRDA:5,1,1,159
BRF:4
BRH:4
end_of_record
TN:
SF:src/value_objects/KnowledgeVOs.ts
FN:9,(anonymous_0)
FN:13,(anonymous_1)
FN:23,(anonymous_2)
FN:27,(anonymous_3)
FN:33,(anonymous_4)
FN:46,(anonymous_5)
FN:50,(anonymous_6)
FN:56,(anonymous_7)
FN:61,(anonymous_8)
FN:67,(anonymous_9)
FN:72,(anonymous_10)
FN:78,(anonymous_11)
FN:86,(anonymous_12)
FNF:13
FNH:9
FNDA:54,(anonymous_0)
FNDA:2,(anonymous_1)
FNDA:54,(anonymous_2)
FNDA:0,(anonymous_3)
FNDA:7,(anonymous_4)
FNDA:54,(anonymous_5)
FNDA:4,(anonymous_6)
FNDA:2,(anonymous_7)
FNDA:0,(anonymous_8)
FNDA:2,(anonymous_9)
FNDA:0,(anonymous_10)
FNDA:2,(anonymous_11)
FNDA:0,(anonymous_12)
DA:1,18
DA:2,18
DA:4,18
DA:5,18
DA:6,18
DA:7,18
DA:9,54
DA:10,54
DA:14,2
DA:18,18
DA:19,18
DA:20,18
DA:21,18
DA:23,54
DA:24,54
DA:28,0
DA:32,18
DA:34,7
DA:35,2
DA:37,5
DA:41,18
DA:42,18
DA:43,18
DA:44,18
DA:46,54
DA:47,54
DA:51,4
DA:55,18
DA:56,2
DA:57,2
DA:58,2
DA:62,0
DA:66,18
DA:67,2
DA:68,2
DA:69,2
DA:73,0
DA:77,18
DA:79,2
DA:80,2
DA:81,2
DA:83,2
DA:87,0
LF:43
LH:39
BRDA:14,0,0,2
BRDA:14,0,1,2
BRDA:28,1,0,0
BRDA:28,1,1,0
BRDA:34,2,0,2
BRDA:34,2,1,5
BRDA:34,3,0,7
BRDA:34,3,1,6
BRDA:51,4,0,4
BRDA:51,4,1,4
BRDA:58,5,0,0
BRDA:58,5,1,2
BRDA:58,6,0,2
BRDA:58,6,1,2
BRDA:62,7,0,0
BRDA:62,7,1,0
BRDA:62,7,2,0
BRDA:69,8,0,0
BRDA:69,8,1,2
BRDA:69,9,0,2
BRDA:69,9,1,2
BRDA:73,10,0,0
BRDA:73,10,1,0
BRDA:87,11,0,0
BRDA:87,11,1,0
BRDA:87,11,2,0
BRDA:87,11,3,0
BRF:27
BRH:14
end_of_record
TN:
SF:src/value_objects/OutputVOs.ts
FN:3,(anonymous_0)
FN:13,(anonymous_1)
FN:17,(anonymous_2)
FNF:3
FNH:2
FNDA:17,(anonymous_0)
FNDA:14,(anonymous_1)
FNDA:0,(anonymous_2)
DA:1,17
DA:3,17
DA:4,17
DA:5,17
DA:6,17
DA:7,17
DA:8,17
DA:9,17
DA:12,17
DA:13,14
DA:14,14
DA:15,14
DA:17,0
LF:13
LH:12
BRDA:3,0,0,17
BRDA:3,0,1,17
BRDA:15,1,0,0
BRDA:15,1,1,14
BRF:4
BRH:3
end_of_record
TN:
SF:src/value_objects/ReasoningVOs.ts
FN:4,(anonymous_0)
FN:9,(anonymous_1)
FN:15,(anonymous_2)
FN:20,(anonymous_3)
FN:26,(anonymous_4)
FN:31,(anonymous_5)
FN:37,(anonymous_6)
FN:46,(anonymous_7)
FN:52,(anonymous_8)
FN:60,(anonymous_9)
FN:66,(anonymous_10)
FN:71,(anonymous_11)
FN:77,(anonymous_12)
FN:85,(anonymous_13)
FN:98,(anonymous_14)
FN:107,(anonymous_15)
FNF:16
FNH:8
FNDA:25,(anonymous_0)
FNDA:1,(anonymous_1)
FNDA:0,(anonymous_2)
FNDA:0,(anonymous_3)
FNDA:8,(anonymous_4)
FNDA:1,(anonymous_5)
FNDA:10,(anonymous_6)
FNDA:0,(anonymous_7)
FNDA:7,(anonymous_8)
FNDA:0,(anonymous_9)
FNDA:22,(anonymous_10)
FNDA:0,(anonymous_11)
FNDA:22,(anonymous_12)
FNDA:0,(anonymous_13)
FNDA:0,(anonymous_14)
FNDA:0,(anonymous_15)
DA:1,7
DA:3,7
DA:4,25
DA:5,25
DA:6,25
DA:10,1
DA:14,7
DA:15,0
DA:16,0
DA:17,0
DA:21,0
DA:25,7
DA:26,8
DA:27,8
DA:28,8
DA:32,1
DA:36,7
DA:38,10
DA:39,10
DA:40,10
DA:42,10
DA:43,10
DA:47,0
DA:51,7
DA:53,7
DA:54,7
DA:56,7
DA:57,7
DA:61,0
DA:65,7
DA:66,22
DA:67,22
DA:68,22
DA:72,0
DA:76,7
DA:78,22
DA:79,22
DA:81,22
DA:82,22
DA:86,0
DA:87,0
DA:88,0
DA:89,0
DA:90,0
DA:91,0
DA:93,0
DA:97,7
DA:99,0
DA:100,0
DA:101,0
DA:103,0
DA:104,0
DA:109,0
LF:53
LH:33
BRDA:6,0,0,1
BRDA:6,0,1,24
BRDA:6,1,0,25
BRDA:6,1,1,25
BRDA:17,2,0,0
BRDA:17,2,1,0
BRDA:17,3,0,0
BRDA:17,3,1,0
BRDA:28,4,0,1
BRDA:28,4,1,7
BRDA:43,5,0,1
BRDA:43,5,1,9
BRDA:43,6,0,10
BRDA:43,6,1,9
BRDA:47,7,0,0
BRDA:47,7,1,0
BRDA:47,7,2,0
BRDA:57,8,0,1
BRDA:57,8,1,6
BRDA:57,9,0,7
BRDA:57,9,1,6
BRDA:61,10,0,0
BRDA:61,10,1,0
BRDA:68,11,0,0
BRDA:68,11,1,22
BRDA:82,12,0,0
BRDA:82,12,1,22
BRDA:86,13,0,0
BRDA:86,13,1,0
BRDA:89,14,0,0
BRDA:89,14,1,0
BRDA:91,15,0,0
BRDA:91,15,1,0
BRDA:104,16,0,0
BRDA:104,16,1,0
BRF:35
BRH:16
end_of_record
TN:
SF:src/value_objects/TargetVOs.ts
FN:7,(anonymous_0)
FN:15,(anonymous_1)
FN:22,(anonymous_2)
FN:31,(anonymous_3)
FN:41,(anonymous_4)
FN:48,(anonymous_5)
FN:59,(anonymous_6)
FN:77,(anonymous_7)
FN:89,(anonymous_8)
FN:97,(anonymous_9)
FN:104,(anonymous_10)
FNF:11
FNH:7
FNDA:18,(anonymous_0)
FNDA:14,(anonymous_1)
FNDA:0,(anonymous_2)
FNDA:18,(anonymous_3)
FNDA:25,(anonymous_4)
FNDA:0,(anonymous_5)
FNDA:8,(anonymous_6)
FNDA:0,(anonymous_7)
FNDA:18,(anonymous_8)
FNDA:14,(anonymous_9)
FNDA:0,(anonymous_10)
DA:1,18
DA:7,18
DA:8,18
DA:9,18
DA:10,18
DA:11,18
DA:14,18
DA:15,14
DA:16,14
DA:17,14
DA:18,1
DA:23,0
DA:31,18
DA:32,18
DA:33,18
DA:34,18
DA:35,18
DA:36,18
DA:37,18
DA:40,18
DA:41,25
DA:42,25
DA:43,25
DA:44,1
DA:49,0
DA:58,18
DA:60,8
DA:61,8
DA:62,8
DA:63,8
DA:65,8
DA:66,8
DA:67,1
DA:69,7
DA:70,1
DA:72,6
DA:73,0
DA:78,0
DA:89,18
DA:90,18
DA:91,18
DA:92,18
DA:93,18
DA:96,18
DA:97,14
DA:98,14
DA:99,14
DA:100,0
DA:105,0
LF:49
LH:43
BRDA:7,0,0,18
BRDA:7,0,1,18
BRDA:17,1,0,1
BRDA:17,1,1,13
BRDA:31,2,0,18
BRDA:31,2,1,18
BRDA:43,3,0,1
BRDA:43,3,1,24
BRDA:66,4,0,1
BRDA:66,4,1,7
BRDA:66,5,0,8
BRDA:66,5,1,7
BRDA:69,6,0,1
BRDA:69,6,1,6
BRDA:72,7,0,0
BRDA:72,7,1,6
BRDA:78,8,0,0
BRDA:78,8,1,0
BRDA:78,8,2,0
BRDA:78,8,3,0
BRDA:89,9,0,18
BRDA:89,9,1,18
BRDA:99,10,0,0
BRDA:99,10,1,14
BRF:24
BRH:18
end_of_record
